Change Component Designator: Old Designator=C175 New Designator=C99
Change Component Designator: Old Designator=C176 New Designator=C100
Change Component Designator: Old Designator=C177 New Designator=C101
Change Component Designator: Old Designator=C178 New Designator=C102
Change Component Designator: Old Designator=C179 New Designator=C103
Change Component Designator: Old Designator=C180 New Designator=C104
Change Component Designator: Old Designator=C181 New Designator=C105
Change Component Designator: Old Designator=C182 New Designator=C106
Change Component Designator: Old Designator=C183 New Designator=C107
Change Component Designator: Old Designator=C184 New Designator=C108
Change Component Designator: Old Designator=C185 New Designator=C109
Change Component Designator: Old Designator=C186 New Designator=C110
Change Component Designator: Old Designator=C187 New Designator=C111
Change Component Designator: Old Designator=C188 New Designator=C112
Change Component Designator: Old Designator=C189 New Designator=C113
Change Component Designator: Old Designator=C190 New Designator=C114
Change Component Designator: Old Designator=C191 New Designator=C115
Change Component Designator: Old Designator=C192 New Designator=C116
Change Component Designator: Old Designator=C193 New Designator=C117
Change Component Designator: Old Designator=C194 New Designator=C118
Change Component Designator: Old Designator=C195 New Designator=C119
Change Component Designator: Old Designator=C196 New Designator=C120
Change Component Designator: Old Designator=C197 New Designator=C121
Change Component Designator: Old Designator=C198 New Designator=C122
Change Component Designator: Old Designator=C199 New Designator=C123
Change Component Designator: Old Designator=C200 New Designator=C124
Change Component Designator: Old Designator=C201 New Designator=C125
Change Component Designator: Old Designator=C202 New Designator=C126
Change Component Designator: Old Designator=C203 New Designator=C127
Change Component Designator: Old Designator=C204 New Designator=C128
Change Component Designator: Old Designator=C205 New Designator=C129
Change Component Designator: Old Designator=C206 New Designator=C130
Change Component Designator: Old Designator=C207 New Designator=C131
Change Component Designator: Old Designator=C208 New Designator=C132
Change Component Designator: Old Designator=C209 New Designator=C133
Change Component Designator: Old Designator=C210 New Designator=C134
Change Component Designator: Old Designator=C211 New Designator=C135
Change Component Designator: Old Designator=C212 New Designator=C136
Change Component Designator: Old Designator=C213 New Designator=C137
Change Component Designator: Old Designator=C214 New Designator=C138
Change Component Designator: Old Designator=HL11 New Designator=HL9
Change Component Designator: Old Designator=HL12 New Designator=HL10
Change Component Designator: Old Designator=L10 New Designator=L8
Change Component Designator: Old Designator=L11 New Designator=L9
Change Component Designator: Old Designator=L12 New Designator=L10
Change Component Designator: Old Designator=L13 New Designator=L11
Change Component Designator: Old Designator=L14 New Designator=L12
Change Component Designator: Old Designator=L15 New Designator=L13
Change Component Designator: Old Designator=L16 New Designator=L14
Change Component Designator: Old Designator=R169 New Designator=R124
Change Component Designator: Old Designator=R170 New Designator=R125
Change Component Designator: Old Designator=R171 New Designator=R126
Change Component Designator: Old Designator=R172 New Designator=R127
Change Component Designator: Old Designator=R173 New Designator=R128
Change Component Designator: Old Designator=R174 New Designator=R129
Change Component Designator: Old Designator=R175 New Designator=R130
Change Component Designator: Old Designator=R176 New Designator=R131
Change Component Designator: Old Designator=R177 New Designator=R132
Change Component Designator: Old Designator=R178 New Designator=R133
Change Component Designator: Old Designator=R179 New Designator=R134
Change Component Designator: Old Designator=R180 New Designator=R135
Change Component Designator: Old Designator=R181 New Designator=R136
Change Component Designator: Old Designator=R182 New Designator=R137
Change Component Designator: Old Designator=R183 New Designator=R138
Change Component Designator: Old Designator=R184 New Designator=R139
Change Component Designator: Old Designator=R185 New Designator=R140
Change Component Designator: Old Designator=R186 New Designator=R141
Change Component Designator: Old Designator=R187 New Designator=R142
Change Component Designator: Old Designator=R188 New Designator=R143
Change Component Designator: Old Designator=R189 New Designator=R144
Change Component Designator: Old Designator=R190 New Designator=R145
Change Component Designator: Old Designator=R191 New Designator=R146
Change Component Designator: Old Designator=R192 New Designator=R147
Change Component Designator: Old Designator=R193 New Designator=R148
Change Component Designator: Old Designator=R194 New Designator=R149
Change Component Designator: Old Designator=R195 New Designator=R150
Change Component Designator: Old Designator=R196 New Designator=R151
Change Component Designator: Old Designator=R197 New Designator=R152
Change Component Designator: Old Designator=R198 New Designator=R153
Change Component Designator: Old Designator=R199 New Designator=R154
Change Component Designator: Old Designator=R200 New Designator=R155
Change Component Designator: Old Designator=R201 New Designator=R156
Change Component Designator: Old Designator=R202 New Designator=R157
Change Component Designator: Old Designator=R203 New Designator=R158
Change Component Designator: Old Designator=R204 New Designator=R159
Change Component Designator: Old Designator=R205 New Designator=R160
Change Component Designator: Old Designator=R206 New Designator=R161
Change Component Designator: Old Designator=TP28 New Designator=TP22
Change Component Designator: Old Designator=TP29 New Designator=TP23
Change Component Designator: Old Designator=TP30 New Designator=TP24
Change Component Designator: Old Designator=TP31 New Designator=TP25
Change Component Designator: Old Designator=TP32 New Designator=TP26
Change Component Designator: Old Designator=TP33 New Designator=TP27
Change Component Designator: Old Designator=TP34 New Designator=TP28
Change Component Designator: Old Designator=TP35 New Designator=TP29
Change Component Designator: Old Designator=TP36 New Designator=TP30
Change Component Designator: Old Designator=U33 New Designator=U29
Change Component Designator: Old Designator=U34 New Designator=U30
Change Component Designator: Old Designator=U35 New Designator=U31
Change Component Designator: Old Designator=U36 New Designator=U32
Change Component Designator: Old Designator=U37 New Designator=U33
Change Component Designator: Old Designator=U38 New Designator=U34
Change Component Designator: Old Designator=U39 New Designator=U35
