Removed Member From Class: ClassName=Ethernet Member=C?
Removed Member From Class: ClassName=Ethernet Member=TP?
Change Component Designator: OldDesignator=C90 NewDesignator=C92
Change Component Designator: OldDesignator=C91 NewDesignator=C93
Change Component Designator: OldDesignator=C92 NewDesignator=C94
Change Component Designator: OldDesignator=C93 NewDesignator=C95
Change Component Designator: OldDesignator=C94 NewDesignator=C96
Change Component Designator: OldDesignator=C95 NewDesignator=C97
Change Component Designator: OldDesignator=C96 NewDesignator=C98
Change Component Designator: OldDesignator=C97 NewDesignator=C99
Change Component Designator: OldDesignator=C98 NewDesignator=C100
Change Component Designator: OldDesignator=C99 NewDesignator=C101
Change Component Designator: OldDesignator=C100 NewDesignator=C102
Change Component Designator: OldDesignator=C101 NewDesignator=C103
Change Component Designator: OldDesignator=C102 NewDesignator=C104
Change Component Designator: OldDesignator=C103 NewDesignator=C105
Change Component Designator: OldDesignator=C104 NewDesignator=C106
Change Component Designator: OldDesignator=C105 NewDesignator=C107
Change Component Designator: OldDesignator=C106 NewDesignator=C108
Change Component Designator: OldDesignator=C107 NewDesignator=C109
Change Component Designator: OldDesignator=C108 NewDesignator=C110
Change Component Designator: OldDesignator=C109 NewDesignator=C111
Change Component Designator: OldDesignator=C110 NewDesignator=C112
Change Component Designator: OldDesignator=C111 NewDesignator=C113
Change Component Designator: OldDesignator=C112 NewDesignator=C114
Change Component Designator: OldDesignator=C113 NewDesignator=C115
Change Component Designator: OldDesignator=C114 NewDesignator=C116
Change Component Designator: OldDesignator=C115 NewDesignator=C117
Change Component Designator: OldDesignator=C116 NewDesignator=C118
Change Component Designator: OldDesignator=C117 NewDesignator=C119
Change Component Designator: OldDesignator=C118 NewDesignator=C120
Change Component Designator: OldDesignator=C119 NewDesignator=C121
Change Component Designator: OldDesignator=C120 NewDesignator=C122
Change Component Designator: OldDesignator=C121 NewDesignator=C123
Change Component Designator: OldDesignator=C122 NewDesignator=C124
Change Component Designator: OldDesignator=C123 NewDesignator=C125
Change Component Designator: OldDesignator=C124 NewDesignator=C126
Change Component Designator: OldDesignator=C125 NewDesignator=C127
Change Component Designator: OldDesignator=C126 NewDesignator=C128
Change Component Designator: OldDesignator=C127 NewDesignator=C129
Change Component Designator: OldDesignator=C128 NewDesignator=C130
Change Component Designator: OldDesignator=C129 NewDesignator=C131
Change Component Designator: OldDesignator=C130 NewDesignator=C132
Change Component Designator: OldDesignator=C131 NewDesignator=C133
Change Component Designator: OldDesignator=C132 NewDesignator=C134
Change Component Designator: OldDesignator=C133 NewDesignator=C135
Change Component Designator: OldDesignator=C134 NewDesignator=C136
Change Component Designator: OldDesignator=C135 NewDesignator=C137
Change Component Designator: OldDesignator=C136 NewDesignator=C138
Change Component Designator: OldDesignator=C137 NewDesignator=C139
Change Component Designator: OldDesignator=C138 NewDesignator=C140
Change Component Designator: OldDesignator=C139 NewDesignator=C141
Change Component Designator: OldDesignator=C140 NewDesignator=C142
Change Component Designator: OldDesignator=C141 NewDesignator=C143
Change Component Designator: OldDesignator=C142 NewDesignator=C144
Change Component Designator: OldDesignator=C143 NewDesignator=C145
Change Component Designator: OldDesignator=C144 NewDesignator=C146
Change Component Designator: OldDesignator=C145 NewDesignator=C147
Change Component Designator: OldDesignator=C146 NewDesignator=C148
Change Component Designator: OldDesignator=C147 NewDesignator=C149
Change Component Designator: OldDesignator=C148 NewDesignator=C150
Change Component Designator: OldDesignator=C149 NewDesignator=C151
Change Component Designator: OldDesignator=C150 NewDesignator=C152
Change Component Designator: OldDesignator=C151 NewDesignator=C153
Change Component Designator: OldDesignator=C152 NewDesignator=C154
Change Component Designator: OldDesignator=C153 NewDesignator=C155
Change Component Designator: OldDesignator=C154 NewDesignator=C156
Change Component Designator: OldDesignator=C155 NewDesignator=C157
Change Component Designator: OldDesignator=C156 NewDesignator=C158
Change Component Designator: OldDesignator=C157 NewDesignator=C159
Change Component Designator: OldDesignator=C158 NewDesignator=C160
Change Component Designator: OldDesignator=C159 NewDesignator=C161
Change Component Designator: OldDesignator=C160 NewDesignator=C162
Change Component Designator: OldDesignator=C161 NewDesignator=C163
Change Component Designator: OldDesignator=C162 NewDesignator=C164
Change Component Designator: OldDesignator=C163 NewDesignator=C165
Change Component Designator: OldDesignator=C164 NewDesignator=C166
Change Component Designator: OldDesignator=C165 NewDesignator=C167
Change Component Designator: OldDesignator=C166 NewDesignator=C168
Change Component Designator: OldDesignator=C167 NewDesignator=C169
Change Component Designator: OldDesignator=C168 NewDesignator=C170
Change Component Designator: OldDesignator=C169 NewDesignator=C171
Change Component Designator: OldDesignator=C170 NewDesignator=C172
Change Component Designator: OldDesignator=C171 NewDesignator=C173
Change Component Designator: OldDesignator=C172 NewDesignator=C174
Change Component Designator: OldDesignator=C173 NewDesignator=C175
Change Component Designator: OldDesignator=C174 NewDesignator=C176
Change Component Designator: OldDesignator=C175 NewDesignator=C177
Change Component Designator: OldDesignator=C176 NewDesignator=C178
Change Component Designator: OldDesignator=C177 NewDesignator=C179
Change Component Designator: OldDesignator=C178 NewDesignator=C180
Change Component Designator: OldDesignator=C179 NewDesignator=C181
Change Component Designator: OldDesignator=C180 NewDesignator=C182
Change Component Designator: OldDesignator=C181 NewDesignator=C183
Change Component Designator: OldDesignator=C182 NewDesignator=C184
Change Component Designator: OldDesignator=C183 NewDesignator=C185
Change Component Designator: OldDesignator=C184 NewDesignator=C186
Change Component Designator: OldDesignator=C185 NewDesignator=C187
Change Component Designator: OldDesignator=C186 NewDesignator=C188
Change Component Designator: OldDesignator=C187 NewDesignator=C189
Change Component Designator: OldDesignator=C188 NewDesignator=C190
Change Component Designator: OldDesignator=C189 NewDesignator=C191
Change Component Designator: OldDesignator=C190 NewDesignator=C192
Change Component Designator: OldDesignator=C191 NewDesignator=C193
Change Component Designator: OldDesignator=C192 NewDesignator=C194
Change Component Designator: OldDesignator=C193 NewDesignator=C195
Change Component Designator: OldDesignator=C194 NewDesignator=C196
Change Component Designator: OldDesignator=C195 NewDesignator=C197
Change Component Designator: OldDesignator=C196 NewDesignator=C198
Change Component Designator: OldDesignator=C197 NewDesignator=C199
Change Component Designator: OldDesignator=C198 NewDesignator=C200
Change Component Designator: OldDesignator=C199 NewDesignator=C201
Change Component Designator: OldDesignator=C200 NewDesignator=C202
Change Component Designator: OldDesignator=C201 NewDesignator=C203
Change Component Designator: OldDesignator=C202 NewDesignator=C204
Change Component Designator: OldDesignator=C203 NewDesignator=C205
Change Component Designator: OldDesignator=C204 NewDesignator=C206
Change Component Designator: OldDesignator=C205 NewDesignator=C207
Change Component Designator: OldDesignator=C206 NewDesignator=C208
Change Component Designator: OldDesignator=C207 NewDesignator=C209
Change Component Designator: OldDesignator=C208 NewDesignator=C210
Change Component Designator: OldDesignator=C209 NewDesignator=C211
Change Component Designator: OldDesignator=C210 NewDesignator=C212
Change Component Designator: OldDesignator=C211 NewDesignator=C213
Change Component Designator: OldDesignator=C212 NewDesignator=C214
Change Component Designator: OldDesignator=C213 NewDesignator=C215
Change Component Designator: OldDesignator=C214 NewDesignator=C216
Change Component Designator: OldDesignator=C215 NewDesignator=C217
Change Component Designator: OldDesignator=C216 NewDesignator=C218
Change Component Designator: OldDesignator=C217 NewDesignator=C219
Change Component Designator: OldDesignator=C218 NewDesignator=C220
Change Component Designator: OldDesignator=C219 NewDesignator=C221
Change Component Designator: OldDesignator=C220 NewDesignator=C222
Change Component Designator: OldDesignator=C221 NewDesignator=C223
Change Component Designator: OldDesignator=C222 NewDesignator=C224
Change Component Designator: OldDesignator=C223 NewDesignator=C225
Change Component Designator: OldDesignator=C? NewDesignator=C90
Change Component Designator: OldDesignator=C? NewDesignator=C91
Change Component Designator: OldDesignator=TP14 NewDesignator=TP18
Change Component Designator: OldDesignator=TP15 NewDesignator=TP19
Change Component Designator: OldDesignator=TP16 NewDesignator=TP20
Change Component Designator: OldDesignator=TP17 NewDesignator=TP21
Change Component Designator: OldDesignator=TP18 NewDesignator=TP22
Change Component Designator: OldDesignator=TP19 NewDesignator=TP23
Change Component Designator: OldDesignator=TP20 NewDesignator=TP24
Change Component Designator: OldDesignator=TP21 NewDesignator=TP25
Change Component Designator: OldDesignator=TP22 NewDesignator=TP26
Change Component Designator: OldDesignator=TP23 NewDesignator=TP27
Change Component Designator: OldDesignator=TP24 NewDesignator=TP28
Change Component Designator: OldDesignator=TP25 NewDesignator=TP29
Change Component Designator: OldDesignator=TP26 NewDesignator=TP30
Change Component Designator: OldDesignator=TP27 NewDesignator=TP31
Change Component Designator: OldDesignator=TP28 NewDesignator=TP32
Change Component Designator: OldDesignator=TP29 NewDesignator=TP33
Change Component Designator: OldDesignator=TP30 NewDesignator=TP34
Change Component Designator: OldDesignator=TP31 NewDesignator=TP35
Change Component Designator: OldDesignator=TP? NewDesignator=TP14
Change Component Designator: OldDesignator=TP? NewDesignator=TP15
Change Component Designator: OldDesignator=TP? NewDesignator=TP16
Change Component Designator: OldDesignator=TP? NewDesignator=TP17
Change Net Name : Old Net Name=NetC90_1 New Net Name=NetC92_1
Change Net Name : Old Net Name=NetC96_1 New Net Name=NetC98_1
Change Net Name : Old Net Name=NetC97_1 New Net Name=NetC99_1
Change Net Name : Old Net Name=NetC102_1 New Net Name=NetC104_1
Change Net Name : Old Net Name=NetC103_1 New Net Name=NetC105_1
Change Net Name : Old Net Name=NetC104_1 New Net Name=NetC106_1
Change Net Name : Old Net Name=NetC105_1 New Net Name=NetC107_1
Change Net Name : Old Net Name=NetC108_1 New Net Name=NetC110_1
Change Net Name : Old Net Name=NetC108_2 New Net Name=NetC110_2
Change Net Name : Old Net Name=NetC109_1 New Net Name=NetC111_1
Change Net Name : Old Net Name=NetC111_1 New Net Name=NetC113_1
Change Net Name : Old Net Name=NetC114_1 New Net Name=NetC116_1
Change Net Name : Old Net Name=NetC115_2 New Net Name=NetC117_2
Change Net Name : Old Net Name=NetC116_2 New Net Name=NetC118_2
Change Net Name : Old Net Name=NetC117_2 New Net Name=NetC119_2
Change Net Name : Old Net Name=NetC120_1 New Net Name=NetC122_1
Change Net Name : Old Net Name=NetC120_2 New Net Name=NetC122_2
Change Net Name : Old Net Name=NetC121_1 New Net Name=NetC123_1
Change Net Name : Old Net Name=NetC123_1 New Net Name=NetC125_1
Change Net Name : Old Net Name=NetC126_1 New Net Name=NetC128_1
Change Net Name : Old Net Name=NetC128_2 New Net Name=NetC130_2
Change Net Name : Old Net Name=NetC129_2 New Net Name=NetC131_2
Change Net Name : Old Net Name=NetC130_2 New Net Name=NetC132_2
Change Net Name : Old Net Name=NetC133_1 New Net Name=NetC135_1
Change Net Name : Old Net Name=NetC135_1 New Net Name=NetC137_1
Change Net Name : Old Net Name=NetC138_1 New Net Name=NetC140_1
Change Net Name : Old Net Name=NetC140_1 New Net Name=NetC142_1
Change Net Name : Old Net Name=NetC143_1 New Net Name=NetC145_1
Change Net Name : Old Net Name=NetC145_1 New Net Name=NetC147_1
Change Net Name : Old Net Name=NetC148_1 New Net Name=NetC150_1
Change Net Name : Old Net Name=NetC149_1 New Net Name=NetC151_1
Change Net Name : Old Net Name=NetC154_1 New Net Name=NetC156_1
Change Net Name : Old Net Name=NetC160_2 New Net Name=NetC162_2
Change Net Name : Old Net Name=NetC161_1 New Net Name=NetC163_1
Change Net Name : Old Net Name=NetC?_1 New Net Name=NetC90_1
Change Net Name : Old Net Name=NetTP14_1 New Net Name=NetTP18_1
Change Net Name : Old Net Name=NetTP15_1 New Net Name=NetTP19_1
Change Net Name : Old Net Name=NetTP16_1 New Net Name=NetTP20_1
Change Net Name : Old Net Name=NetTP17_1 New Net Name=NetTP21_1
Change Net Name : Old Net Name=NetTP18_1 New Net Name=NetTP22_1
Added Member To Class: ClassName=Ethernet Member=Component C92 Cap
Added Member To Class: ClassName=Ethernet Member=Component C95 Cap
Added Member To Class: ClassName=Ethernet Member=Component TP19
Added Member To Class: ClassName=Ethernet Member=Component TP20
Added Member To Class: ClassName=Ethernet Member=Component TP21
Added Member To Class: ClassName=Ethernet Member=Component TP22
