Added Component: Designator=C32(C0603)
Add component (AddParameter): Name = "ClassName"; Value = "ADC_POWER"; VariantName = "[No Variations]"
Add component (AddParameter): Name = "PackageReference"; Value = "0603"; VariantName = "[No Variations]"
Add component (AddParameter): Name = "Precision"; Value = ""; VariantName = "[No Variations]"
Add component (AddParameter): Name = "VALUE"; Value = "1uF"; VariantName = "[No Variations]"
Add component (AddParameter): Name = "Voltage"; Value = ""; VariantName = "[No Variations]"
Added Component: Designator=C33(C0603)
Add component (AddParameter): Name = "ClassName"; Value = "ADC_POWER"; VariantName = "[No Variations]"
Add component (AddParameter): Name = "PackageReference"; Value = "0603"; VariantName = "[No Variations]"
Add component (AddParameter): Name = "Precision"; Value = ""; VariantName = "[No Variations]"
Add component (AddParameter): Name = "VALUE"; Value = "1uF"; VariantName = "[No Variations]"
Add component (AddParameter): Name = "Voltage"; Value = ""; VariantName = "[No Variations]"
Added Component: Designator=C34(C0402)
Add component (AddParameter): Name = "ClassName"; Value = "ADC_POWER"; VariantName = "[No Variations]"
Add component (AddParameter): Name = "PackageReference"; Value = "0402"; VariantName = "[No Variations]"
Add component (AddParameter): Name = "Precision"; Value = ""; VariantName = "[No Variations]"
Add component (AddParameter): Name = "VALUE"; Value = "0.1uF"; VariantName = "[No Variations]"
Add component (AddParameter): Name = "Voltage"; Value = "25V"; VariantName = "[No Variations]"
Added Component: Designator=C37(C0603)
Add component (AddParameter): Name = "ClassName"; Value = "ADC_POWER"; VariantName = "[No Variations]"
Add component (AddParameter): Name = "PackageReference"; Value = "0603"; VariantName = "[No Variations]"
Add component (AddParameter): Name = "Precision"; Value = ""; VariantName = "[No Variations]"
Add component (AddParameter): Name = "VALUE"; Value = "1uF"; VariantName = "[No Variations]"
Add component (AddParameter): Name = "Voltage"; Value = ""; VariantName = "[No Variations]"
Added Component: Designator=C38(C0603)
Add component (AddParameter): Name = "ClassName"; Value = "ADC_POWER"; VariantName = "[No Variations]"
Add component (AddParameter): Name = "PackageReference"; Value = "0603"; VariantName = "[No Variations]"
Add component (AddParameter): Name = "Precision"; Value = ""; VariantName = "[No Variations]"
Add component (AddParameter): Name = "VALUE"; Value = "1uF"; VariantName = "[No Variations]"
Add component (AddParameter): Name = "Voltage"; Value = ""; VariantName = "[No Variations]"
Added Component: Designator=C39(C0402)
Add component (AddParameter): Name = "ClassName"; Value = "ADC_POWER"; VariantName = "[No Variations]"
Add component (AddParameter): Name = "PackageReference"; Value = "0402"; VariantName = "[No Variations]"
Add component (AddParameter): Name = "Precision"; Value = ""; VariantName = "[No Variations]"
Add component (AddParameter): Name = "VALUE"; Value = "0.1uF"; VariantName = "[No Variations]"
Add component (AddParameter): Name = "Voltage"; Value = "25V"; VariantName = "[No Variations]"
Added Component: Designator=TP1(TP_0MM5_1MM0)
Add component (AddParameter): Name = "ClassName"; Value = "ADC_POWER"; VariantName = "[No Variations]"
Add component (AddParameter): Name = "MarkPCB"; Value = "+3.3V"; VariantName = "[No Variations]"
Added Component: Designator=TP2(TP_0MM5_1MM0)
Add component (AddParameter): Name = "ClassName"; Value = "ADC_POWER"; VariantName = "[No Variations]"
Add component (AddParameter): Name = "MarkPCB"; Value = "+1.8V"; VariantName = "[No Variations]"
Added Component: Designator=U5(SOT223)
Add component (AddParameter): Name = "ClassName"; Value = "ADC_POWER"; VariantName = "[No Variations]"
Add component (AddParameter): Name = "PackageReference"; Value = "SOT223"; VariantName = "[No Variations]"
Add component (AddParameter): Name = "Value"; Value = "LD1117S33TR"; VariantName = "[No Variations]"
Added Component: Designator=U6(SOT223)
Add component (AddParameter): Name = "ClassName"; Value = "ADC_POWER"; VariantName = "[No Variations]"
Add component (AddParameter): Name = "PackageReference"; Value = "SOT223"; VariantName = "[No Variations]"
Add component (AddParameter): Name = "Value"; Value = "LD1117S18TR"; VariantName = "[No Variations]"
Added Pin To Net: NetName=+3.3VA Pin=C32-1
Added Pin To Net: NetName=GND Pin=C32-2
Added Pin To Net: NetName=+3.3VA Pin=C33-1
Added Pin To Net: NetName=GND Pin=C33-2
Added Pin To Net: NetName=+3.3VA Pin=C34-1
Added Pin To Net: NetName=GND Pin=C34-2
Added Pin To Net: NetName=+1.8VA Pin=C37-1
Added Pin To Net: NetName=GND Pin=C37-2
Added Pin To Net: NetName=+1.8VA Pin=C38-1
Added Pin To Net: NetName=GND Pin=C38-2
Added Pin To Net: NetName=+1.8VA Pin=C39-1
Added Pin To Net: NetName=GND Pin=C39-2
Added Pin To Net: NetName=+3.3VA Pin=TP1-1
Added Pin To Net: NetName=+1.8VA Pin=TP2-1
Added Pin To Net: NetName=GND Pin=U5-1
Added Pin To Net: NetName=+3.3VA Pin=U5-2
Added Pin To Net: NetName=+5.0V Pin=U5-3
Added Pin To Net: NetName=+5.0V Pin=U5-4
Added Pin To Net: NetName=GND Pin=U6-1
Added Pin To Net: NetName=+1.8VA Pin=U6-2
Added Pin To Net: NetName=+2.5V Pin=U6-3
Added Pin To Net: NetName=+2.5V Pin=U6-4
Added Pin To Net: NetName=NetR80_2 Pin=X5-12
Added Member To Class: ClassName=ADC-2 Member=Component C21 Cap
Added Member To Class: ClassName=ADC_POWER Member=Component C32 Cap
Added Member To Class: ClassName=ADC_POWER Member=Component C33 Cap
Added Member To Class: ClassName=ADC_POWER Member=Component C34 Cap
Added Member To Class: ClassName=ADC_POWER Member=Component C37 Cap
Added Member To Class: ClassName=ADC_POWER Member=Component C38 Cap
Added Member To Class: ClassName=ADC_POWER Member=Component C39 Cap
Added Member To Class: ClassName=ADC_POWER Member=Component TP1
Added Member To Class: ClassName=ADC_POWER Member=Component TP2
Added Member To Class: ClassName=ADC_POWER Member=Component U5 LD1117S12TR
Added Member To Class: ClassName=ADC_POWER Member=Component U6 LD1117S12TR
