Removed Pin From Net: NetName=xBiSS2_CLK Pin=U19-A18
Removed Pin From Net: NetName=xBiSS2_DATA Pin=U19-A19
Removed Pin From Net: NetName=xBiSS1_DATA Pin=U19-A20
Removed Pin From Net: NetName=USB_DATA0 Pin=U19-A21
Removed Pin From Net: NetName=CAM_MD0_N Pin=U19-AA13
Removed Pin From Net: NetName=CAM_MD3_P Pin=U19-AA14
Removed Pin From Net: NetName=CAM_MD1_N Pin=U19-AA15
Removed Pin From Net: NetName=CAM_MC_P Pin=U19-AA16
Removed Pin From Net: NetName=FSTROBE Pin=U19-AB11
Removed Pin From Net: NetName=CAM_MD1_P Pin=U19-AB13
Removed Pin From Net: NetName=CAM_MD2_P Pin=U19-AB15
Removed Pin From Net: NetName=CAM_MC_N Pin=U19-AB16
Removed Pin From Net: NetName=CAM_MD0_P Pin=U19-AB17
Removed Pin From Net: NetName=xBiSS1_CLK Pin=U19-B20
Removed Pin From Net: NetName=xUSB_24MHZ Pin=U19-B21
Removed Pin From Net: NetName=xUSB_NXP Pin=U19-B22
Removed Pin From Net: NetName=xUSB_SCK Pin=U19-C20
Removed Pin From Net: NetName=xUSB_STP Pin=U19-C22
Removed Pin From Net: NetName=xUSB_DIR Pin=U19-D20
Removed Pin From Net: NetName=USB_DATA4 Pin=U19-D21
Removed Pin From Net: NetName=USB_DATA2 Pin=U19-D22
Removed Pin From Net: NetName=USB_DATA3 Pin=U19-E21
Removed Pin From Net: NetName=USB_DATA1 Pin=U19-E22
Removed Pin From Net: NetName=xLASER_LVDS Pin=U19-F19
Removed Pin From Net: NetName=xUSB_RES Pin=U19-F20
Removed Pin From Net: NetName=USB_DATA7 Pin=U19-F21
Removed Pin From Net: NetName=USB_DATA5 Pin=U19-G21
Removed Pin From Net: NetName=USB_DATA6 Pin=U19-G22
Removed Pin From Net: NetName=CAM_MD3_N Pin=U19-W14
Removed Pin From Net: NetName=CAM_MD2_N Pin=U19-Y13
Removed Pin From Net: NetName=CAM_RES Pin=U19-Y14
Removed Pin From Net: NetName=CAM_EN Pin=U19-Y16
Removed Pin From Net: NetName=CAM_MCLK Pin=U19-Y17
Added Pin To Net: NetName=xBiSS2_CLK Pin=U19-AA9
Added Pin To Net: NetName=xLASER_LVDS Pin=U19-AA10
Added Pin To Net: NetName=xUSB_RES Pin=U19-AA11
Added Pin To Net: NetName=xUSER_OUT1 Pin=U19-AA13
Added Pin To Net: NetName=xUSER_IN0 Pin=U19-AA14
Added Pin To Net: NetName=xUSER_OUT3 Pin=U19-AA15
Added Pin To Net: NetName=xLS_SHDN Pin=U19-AA16
Added Pin To Net: NetName=xBiSS2_DATA Pin=U19-AB10
Added Pin To Net: NetName=xBiSS1_CLK Pin=U19-AB11
Added Pin To Net: NetName=xBiSS1_DATA Pin=U19-AB12
Added Pin To Net: NetName=xUSER_OUT2 Pin=U19-AB13
Added Pin To Net: NetName=xUSER_IN2 Pin=U19-AB15
Added Pin To Net: NetName=xLS_DISABLE Pin=U19-AB16
Added Pin To Net: NetName=xLS_EN_POW Pin=U19-AB17
Added Pin To Net: NetName=FSTROBE Pin=U19-B15
Added Pin To Net: NetName=CAM_MD0_N Pin=U19-C14
Added Pin To Net: NetName=CAM_MD1_P Pin=U19-C15
Added Pin To Net: NetName=CAM_MD3_N Pin=U19-D14
Added Pin To Net: NetName=CAM_RES Pin=U19-D15
Added Pin To Net: NetName=CAM_MD3_P Pin=U19-D16
Added Pin To Net: NetName=CAM_MD1_N Pin=U19-E13
Added Pin To Net: NetName=CAM_MD2_P Pin=U19-E14
Added Pin To Net: NetName=CAM_MD2_N Pin=U19-E16
Added Pin To Net: NetName=CAM_MD0_P Pin=U19-E17
Added Pin To Net: NetName=CAM_EN Pin=U19-F13
Added Pin To Net: NetName=CAM_MC_P Pin=U19-F14
Added Pin To Net: NetName=CAM_MCLK Pin=U19-F15
Added Pin To Net: NetName=CAM_MC_N Pin=U19-F16
Added Pin To Net: NetName=USB_DATA5 Pin=U19-T14
Added Pin To Net: NetName=USB_DATA6 Pin=U19-T15
Added Pin To Net: NetName=USB_DATA3 Pin=U19-U15
Added Pin To Net: NetName=xUSB_DIR Pin=U19-V10
Added Pin To Net: NetName=USB_DATA1 Pin=U19-V13
Added Pin To Net: NetName=USB_DATA2 Pin=U19-V14
Added Pin To Net: NetName=USB_DATA4 Pin=U19-V15
Added Pin To Net: NetName=xUSB_SCK Pin=U19-W10
Added Pin To Net: NetName=xUSB_24MHZ Pin=U19-W11
Added Pin To Net: NetName=USB_DATA0 Pin=U19-W12
Added Pin To Net: NetName=xBiSS0_ZPNT Pin=U19-W14
Added Pin To Net: NetName=USB_DATA7 Pin=U19-W15
Added Pin To Net: NetName=xUSB_STP Pin=U19-Y11
Added Pin To Net: NetName=xUSB_NXP Pin=U19-Y12
Added Pin To Net: NetName=xUSER_IN1 Pin=U19-Y13
Added Pin To Net: NetName=xADC_INT Pin=U19-Y14
Added Pin To Net: NetName=xADC_HV_EN Pin=U19-Y16
Added Pin To Net: NetName=xADC_LDAC Pin=U19-Y17
