Added Component: Designator=U20(SOP50P810X120-48N)
Add component (AddParameter): Name = "PackageReference"; Value = "PSOP-DGG"; VariantName = "[No Variations]"
Add component (AddParameter): Name = "Value"; Value = "SN74LVCH16T245"; VariantName = "[No Variations]"
Added Pin To Net: NetName=GND Pin=U20-1
Added Pin To Net: NetName=xLS_SHDN Pin=U20-2
Added Pin To Net: NetName=xLS_DISABLE Pin=U20-3
Added Pin To Net: NetName=GND Pin=U20-4
Added Pin To Net: NetName=xLS_EN_POW Pin=U20-5
Added Pin To Net: NetName=xADC_LDAC Pin=U20-6
Added Pin To Net: NetName=+1.8V Pin=U20-7
Added Pin To Net: NetName=xADC_HV_EN Pin=U20-8
Added Pin To Net: NetName=xUSER_OUT1 Pin=U20-9
Added Pin To Net: NetName=GND Pin=U20-10
Added Pin To Net: NetName=xUSER_OUT2 Pin=U20-11
Added Pin To Net: NetName=xUSER_OUT3 Pin=U20-12
Added Pin To Net: NetName=GND Pin=U20-13
Added Pin To Net: NetName=GND Pin=U20-14
Added Pin To Net: NetName=GND Pin=U20-15
Added Pin To Net: NetName=GND Pin=U20-16
Added Pin To Net: NetName=NetTP20_1 Pin=U20-17
Added Pin To Net: NetName=VCCEXT Pin=U20-18
Added Pin To Net: NetName=NetTP19_1 Pin=U20-19
Added Pin To Net: NetName=NetTP18_1 Pin=U20-20
Added Pin To Net: NetName=GND Pin=U20-21
Added Pin To Net: NetName=NetU20_22 Pin=U20-22
Added Pin To Net: NetName=NetU20_23 Pin=U20-23
Added Pin To Net: NetName=GND Pin=U20-24
Added Pin To Net: NetName=GND Pin=U20-25
Added Pin To Net: NetName=xBiSS0_ZPNT Pin=U20-26
Added Pin To Net: NetName=xADC_INT Pin=U20-27
Added Pin To Net: NetName=GND Pin=U20-28
Added Pin To Net: NetName=xUSER_IN0 Pin=U20-29
Added Pin To Net: NetName=xUSER_IN1 Pin=U20-30
Added Pin To Net: NetName=VCCEXT Pin=U20-31
Added Pin To Net: NetName=xUSER_IN2 Pin=U20-32
Added Pin To Net: NetName=GND Pin=U20-34
Added Pin To Net: NetName=NetTP23_1 Pin=U20-37
Added Pin To Net: NetName=NetTP22_1 Pin=U20-38
Added Pin To Net: NetName=GND Pin=U20-39
Added Pin To Net: NetName=NetTP21_1 Pin=U20-40
Added Pin To Net: NetName=NetU20_41 Pin=U20-41
Added Pin To Net: NetName=+1.8V Pin=U20-42
Added Pin To Net: NetName=NetU20_43 Pin=U20-43
Added Pin To Net: NetName=NetU20_44 Pin=U20-44
Added Pin To Net: NetName=GND Pin=U20-45
Added Pin To Net: NetName=NetU20_46 Pin=U20-46
Added Pin To Net: NetName=NetU20_47 Pin=U20-47
Added Pin To Net: NetName=GND Pin=U20-48
