Change Component Designator: OldDesignator=C152 NewDesignator=C156
Change Component Designator: OldDesignator=C153 NewDesignator=C157
Change Component Designator: OldDesignator=C154 NewDesignator=C158
Change Component Designator: OldDesignator=C155 NewDesignator=C159
Change Component Designator: OldDesignator=C156 NewDesignator=C160
Change Component Designator: OldDesignator=C157 NewDesignator=C161
Change Component Designator: OldDesignator=C158 NewDesignator=C162
Change Component Designator: OldDesignator=C159 NewDesignator=C163
Change Component Designator: OldDesignator=C160 NewDesignator=C164
Change Component Designator: OldDesignator=C161 NewDesignator=C165
Change Component Designator: OldDesignator=C162 NewDesignator=C166
Change Component Designator: OldDesignator=C163 NewDesignator=C167
Change Component Designator: OldDesignator=C164 NewDesignator=C168
Change Component Designator: OldDesignator=C165 NewDesignator=C169
Change Component Designator: OldDesignator=C166 NewDesignator=C170
Change Component Designator: OldDesignator=C167 NewDesignator=C171
Change Component Designator: OldDesignator=C168 NewDesignator=C172
Change Component Designator: OldDesignator=C169 NewDesignator=C173
Change Component Designator: OldDesignator=C170 NewDesignator=C174
Change Component Designator: OldDesignator=C171 NewDesignator=C175
Change Component Designator: OldDesignator=C172 NewDesignator=C176
Change Component Designator: OldDesignator=C173 NewDesignator=C177
Change Component Designator: OldDesignator=C174 NewDesignator=C178
Change Component Designator: OldDesignator=C175 NewDesignator=C179
Change Component Designator: OldDesignator=C176 NewDesignator=C180
Change Component Designator: OldDesignator=C177 NewDesignator=C181
Change Component Designator: OldDesignator=C178 NewDesignator=C182
Change Component Designator: OldDesignator=C179 NewDesignator=C183
Change Component Designator: OldDesignator=C180 NewDesignator=C184
Change Component Designator: OldDesignator=C181 NewDesignator=C185
Change Component Designator: OldDesignator=C182 NewDesignator=C186
Change Component Designator: OldDesignator=C183 NewDesignator=C187
Change Component Designator: OldDesignator=C184 NewDesignator=C188
Change Component Designator: OldDesignator=C185 NewDesignator=C189
Change Component Designator: OldDesignator=C186 NewDesignator=C190
Change Component Designator: OldDesignator=C187 NewDesignator=C191
Change Component Designator: OldDesignator=C188 NewDesignator=C192
Change Component Designator: OldDesignator=C189 NewDesignator=C193
Change Component Designator: OldDesignator=C190 NewDesignator=C194
Change Component Designator: OldDesignator=C191 NewDesignator=C195
Change Component Designator: OldDesignator=C192 NewDesignator=C196
Change Component Designator: OldDesignator=C193 NewDesignator=C197
Change Component Designator: OldDesignator=C194 NewDesignator=C198
Change Component Designator: OldDesignator=C195 NewDesignator=C199
Change Component Designator: OldDesignator=C196 NewDesignator=C200
Change Component Designator: OldDesignator=C197 NewDesignator=C201
Change Component Designator: OldDesignator=C198 NewDesignator=C202
Change Component Designator: OldDesignator=C199 NewDesignator=C203
Change Component Designator: OldDesignator=C200 NewDesignator=C204
Change Component Designator: OldDesignator=C201 NewDesignator=C205
Change Component Designator: OldDesignator=C202 NewDesignator=C206
Change Component Designator: OldDesignator=C203 NewDesignator=C207
Change Component Designator: OldDesignator=C204 NewDesignator=C208
Change Component Designator: OldDesignator=C205 NewDesignator=C209
Change Component Designator: OldDesignator=C206 NewDesignator=C210
Change Component Designator: OldDesignator=C207 NewDesignator=C211
Change Component Designator: OldDesignator=C208 NewDesignator=C212
Change Component Designator: OldDesignator=C209 NewDesignator=C213
Change Component Designator: OldDesignator=C210 NewDesignator=C214
Change Component Designator: OldDesignator=C211 NewDesignator=C215
Change Component Designator: OldDesignator=C212 NewDesignator=C216
Change Component Designator: OldDesignator=C213 NewDesignator=C217
Change Component Designator: OldDesignator=C214 NewDesignator=C218
Change Component Designator: OldDesignator=C215 NewDesignator=C219
Change Component Designator: OldDesignator=C216 NewDesignator=C220
Change Component Designator: OldDesignator=C217 NewDesignator=C221
Change Component Designator: OldDesignator=C218 NewDesignator=C222
Change Component Designator: OldDesignator=C219 NewDesignator=C223
Change Component Designator: OldDesignator=C220 NewDesignator=C224
Change Component Designator: OldDesignator=C221 NewDesignator=C225
Change Component Designator: OldDesignator=C222 NewDesignator=C226
Change Component Designator: OldDesignator=C223 NewDesignator=C227
Change Component Designator: OldDesignator=C224 NewDesignator=C228
Change Component Designator: OldDesignator=C225 NewDesignator=C229
Change Component Designator: OldDesignator=C226 NewDesignator=C230
Change Component Designator: OldDesignator=C227 NewDesignator=C231
Change Component Designator: OldDesignator=R163 NewDesignator=R164
Change Component Designator: OldDesignator=R164 NewDesignator=R165
Change Component Designator: OldDesignator=R165 NewDesignator=R166
Change Component Designator: OldDesignator=R166 NewDesignator=R167
Change Component Designator: OldDesignator=R167 NewDesignator=R168
Change Component Designator: OldDesignator=R168 NewDesignator=R169
Change Component Designator: OldDesignator=R169 NewDesignator=R170
Change Component Designator: OldDesignator=R170 NewDesignator=R171
Change Component Designator: OldDesignator=R171 NewDesignator=R172
Change Component Designator: OldDesignator=R172 NewDesignator=R173
Change Component Designator: OldDesignator=R173 NewDesignator=R174
Change Component Designator: OldDesignator=R174 NewDesignator=R175
Change Component Designator: OldDesignator=R175 NewDesignator=R176
Change Component Designator: OldDesignator=R176 NewDesignator=R177
Change Component Designator: OldDesignator=R177 NewDesignator=R178
Change Component Designator: OldDesignator=R178 NewDesignator=R179
Change Component Designator: OldDesignator=R179 NewDesignator=R180
Change Component Designator: OldDesignator=R180 NewDesignator=R181
Change Component Designator: OldDesignator=R181 NewDesignator=R182
Change Component Designator: OldDesignator=R182 NewDesignator=R183
Change Component Designator: OldDesignator=R183 NewDesignator=R184
Change Component Designator: OldDesignator=R184 NewDesignator=R185
Change Component Designator: OldDesignator=R185 NewDesignator=R186
Change Component Designator: OldDesignator=R186 NewDesignator=R187
Change Component Designator: OldDesignator=R187 NewDesignator=R188
Change Component Designator: OldDesignator=R188 NewDesignator=R189
Change Component Designator: OldDesignator=R189 NewDesignator=R190
Change Component Designator: OldDesignator=R190 NewDesignator=R191
Change Component Designator: OldDesignator=R191 NewDesignator=R192
Change Component Designator: OldDesignator=R192 NewDesignator=R193
Change Component Designator: OldDesignator=R193 NewDesignator=R194
Change Component Designator: OldDesignator=R194 NewDesignator=R195
Change Component Designator: OldDesignator=R195 NewDesignator=R196
Change Component Designator: OldDesignator=R196 NewDesignator=R197
Change Component Designator: OldDesignator=R197 NewDesignator=R198
Change Component Designator: OldDesignator=R198 NewDesignator=R199
Change Component Designator: OldDesignator=R199 NewDesignator=R200
Change Component Designator: OldDesignator=R200 NewDesignator=R201
Change Component Designator: OldDesignator=R201 NewDesignator=R202
Change Component Designator: OldDesignator=R202 NewDesignator=R203
Change Component Designator: OldDesignator=R203 NewDesignator=R204
Change Component Designator: OldDesignator=R204 NewDesignator=R205
Change Component Designator: OldDesignator=R205 NewDesignator=R206
Change Component Designator: OldDesignator=R206 NewDesignator=R207
Change Component Designator: OldDesignator=R207 NewDesignator=R208
Change Component Designator: OldDesignator=U39 NewDesignator=U40
Change Component Designator: OldDesignator=U40 NewDesignator=U41
Change Component Designator: OldDesignator=U41 NewDesignator=U42
Change Component Designator: OldDesignator=U42 NewDesignator=U43
Change Component Designator: OldDesignator=U43 NewDesignator=U44
Added Component: Designator=C152(C0603)
Add component (AddParameter): Name = "ClassName"; Value = ""; VariantName = "[No Variations]"
Add component (AddParameter): Name = "PackageReference"; Value = "0603"; VariantName = "[No Variations]"
Add component (AddParameter): Name = "Precision"; Value = ""; VariantName = "[No Variations]"
Add component (AddParameter): Name = "VALUE"; Value = "1uF"; VariantName = "[No Variations]"
Add component (AddParameter): Name = "Voltage"; Value = ""; VariantName = "[No Variations]"
Added Component: Designator=C153(C0402)
Add component (AddParameter): Name = "ClassName"; Value = ""; VariantName = "[No Variations]"
Add component (AddParameter): Name = "PackageReference"; Value = "0402"; VariantName = "[No Variations]"
Add component (AddParameter): Name = "Precision"; Value = ""; VariantName = "[No Variations]"
Add component (AddParameter): Name = "VALUE"; Value = "0.1uF"; VariantName = "[No Variations]"
Add component (AddParameter): Name = "Voltage"; Value = "25V"; VariantName = "[No Variations]"
Added Component: Designator=C154(C0402)
Add component (AddParameter): Name = "ClassName"; Value = ""; VariantName = "[No Variations]"
Add component (AddParameter): Name = "PackageReference"; Value = "0402"; VariantName = "[No Variations]"
Add component (AddParameter): Name = "Precision"; Value = ""; VariantName = "[No Variations]"
Add component (AddParameter): Name = "VALUE"; Value = "0.1uF"; VariantName = "[No Variations]"
Add component (AddParameter): Name = "Voltage"; Value = "25V"; VariantName = "[No Variations]"
Added Component: Designator=C155(C0805)
Add component (AddParameter): Name = "ClassName"; Value = ""; VariantName = "[No Variations]"
Add component (AddParameter): Name = "PackageReference"; Value = "0805"; VariantName = "[No Variations]"
Add component (AddParameter): Name = "Precision"; Value = ""; VariantName = "[No Variations]"
Add component (AddParameter): Name = "VALUE"; Value = "47uF"; VariantName = "[No Variations]"
Add component (AddParameter): Name = "Voltage"; Value = "6.3V"; VariantName = "[No Variations]"
Added Component: Designator=R163(R0402)
Add component (AddParameter): Name = "ClassName"; Value = ""; VariantName = "[No Variations]"
Add component (AddParameter): Name = "PackageReference"; Value = "0402"; VariantName = "[No Variations]"
Add component (AddParameter): Name = "Precision"; Value = ""; VariantName = "[No Variations]"
Add component (AddParameter): Name = "Value"; Value = "1R"; VariantName = "[No Variations]"
Added Component: Designator=TP34(TP_0MM5_1MM0)
Add component (AddParameter): Name = "ClassName"; Value = ""; VariantName = "[No Variations]"
Add component (AddParameter): Name = "MarkPCB"; Value = "+1.2V"; VariantName = "[No Variations]"
Added Component: Designator=U39(SOT23_5)
Add component (AddParameter): Name = "ClassName"; Value = ""; VariantName = "[No Variations]"
Add component (AddParameter): Name = "PackageReference"; Value = "SC70-5"; VariantName = "[No Variations]"
Add component (AddParameter): Name = "Parameter 1"; Value = ""; VariantName = "[No Variations]"
Add component (AddParameter): Name = "Value"; Value = "TPS71712"; VariantName = "[No Variations]"
Added Pin To Net: NetName=GND Pin=C152-2
Added Pin To Net: NetName=GND Pin=C153-2
Added Pin To Net: NetName=+1.2V Pin=C154-1
Added Pin To Net: NetName=GND Pin=C154-2
Added Pin To Net: NetName=+1.2V Pin=C155-1
Added Pin To Net: NetName=GND Pin=C155-2
Added Pin To Net: NetName=+1.8V Pin=R163-2
Added Pin To Net: NetName=+1.2V Pin=TP34-1
Added Pin To Net: NetName=GND Pin=U39-2
Added Pin To Net: NetName=+1.2V Pin=U39-5
Change Net Name : Old Net Name=NetC152_1 New Net Name=NetC156_1
Change Net Name : Old Net Name=NetC153_1 New Net Name=NetC157_1
Change Net Name : Old Net Name=NetC158_1 New Net Name=NetC162_1
Change Net Name : Old Net Name=NetC164_2 New Net Name=NetC168_2
Change Net Name : Old Net Name=NetC165_1 New Net Name=VCC_ADC
Change Net Name : Old Net Name=NetR163_2 New Net Name=NetR164_2
Change Net Name : Old Net Name=NetR164_2 New Net Name=NetR165_2
Change Net Name : Old Net Name=NetR173_1 New Net Name=NetR174_1
Change Net Name : Old Net Name=NetR188_1 New Net Name=NetR189_1
Change Net Name : Old Net Name=NetR195_2 New Net Name=NetR196_2
Change Net Name : Old Net Name=NetR201_1 New Net Name=NetR202_1
Added Pin To Net: NetName=NetC152_1 Pin=C152-1
Added Pin To Net: NetName=NetC152_1 Pin=R163-1
Added Pin To Net: NetName=NetC152_1 Pin=U39-1
Added Pin To Net: NetName=NetC152_1 Pin=U39-3
Added Net: Name=NetC152_1
Added Pin To Net: NetName=NetC153_1 Pin=C153-1
Added Pin To Net: NetName=NetC153_1 Pin=U39-4
Added Net: Name=NetC153_1
Added Member To Class: ClassName=PLIS_SYS Member=Wire VCC_ADC
