Removed Pin From Net: NetName=ADC0_D6 Pin=U19-A13
Removed Pin From Net: NetName=ADC0_D7 Pin=U19-A14
Removed Pin From Net: NetName=ADC0_D4 Pin=U19-A15
Removed Pin From Net: NetName=ADC0_D5 Pin=U19-A16
Removed Pin From Net: NetName=+2.5V Pin=U19-A17
Removed Pin From Net: NetName=xADC4_D4 Pin=U19-A18
Removed Pin From Net: NetName=ADC1_D5 Pin=U19-A19
Removed Pin From Net: NetName=xADC3_D3 Pin=U19-A20
Removed Pin From Net: NetName=ADC1_D13 Pin=U19-A21
Removed Pin From Net: NetName=ADC0_D3 Pin=U19-B13
Removed Pin From Net: NetName=+2.5V Pin=U19-B14
Removed Pin From Net: NetName=ADC0_D0 Pin=U19-B15
Removed Pin From Net: NetName=ADC0_D1 Pin=U19-B16
Removed Pin From Net: NetName=ADC0_D8 Pin=U19-B17
Removed Pin From Net: NetName=ADC0_D9 Pin=U19-B18
Removed Pin From Net: NetName=xADC2_D2 Pin=U19-B20
Removed Pin From Net: NetName=ADC1_D12 Pin=U19-B21
Removed Pin From Net: NetName=ADC1_D11 Pin=U19-B22
Removed Pin From Net: NetName=ADC0_D2 Pin=U19-C13
Removed Pin From Net: NetName=xADC1_CSn Pin=U19-C14
Removed Pin From Net: NetName=xADC1_SDIO Pin=U19-C15
Removed Pin From Net: NetName=ADC0_D11 Pin=U19-C17
Removed Pin From Net: NetName=ADC0_D12 Pin=U19-C18
Removed Pin From Net: NetName=ADC0_D13 Pin=U19-C19
Removed Pin From Net: NetName=ADC1_D9 Pin=U19-C20
Removed Pin From Net: NetName=+2.5V Pin=U19-C21
Removed Pin From Net: NetName=ADC1_D10 Pin=U19-C22
Removed Pin From Net: NetName=xADC1_CLK_P Pin=U19-D14
Removed Pin From Net: NetName=xADC1_CLK_N Pin=U19-D15
Removed Pin From Net: NetName=xADC0_CLK_N Pin=U19-D16
Removed Pin From Net: NetName=ADC0_D10 Pin=U19-D17
Removed Pin From Net: NetName=+2.5V Pin=U19-D18
Removed Pin From Net: NetName=ADC0_D15 Pin=U19-D19
Removed Pin From Net: NetName=ADC1_D8 Pin=U19-D20
Removed Pin From Net: NetName=xADC1_DP Pin=U19-D21
Removed Pin From Net: NetName=ADC1_D15 Pin=U19-D22
Removed Pin From Net: NetName=xADC1_PWR Pin=U19-E13
Removed Pin From Net: NetName=xADC1_RESn Pin=U19-E14
Removed Pin From Net: NetName=+2.5V Pin=U19-E15
Removed Pin From Net: NetName=xADC0_CLK_P Pin=U19-E16
Removed Pin From Net: NetName=xADC0_CSn Pin=U19-E17
Removed Pin From Net: NetName=ADC1_D1 Pin=U19-E18
Removed Pin From Net: NetName=ADC0_D14 Pin=U19-E19
Removed Pin From Net: NetName=xADC1_DP Pin=U19-E21
Removed Pin From Net: NetName=ADC1_D14 Pin=U19-E22
Removed Pin From Net: NetName=xADC1_OR Pin=U19-F13
Removed Pin From Net: NetName=xADC0_DCO Pin=U19-F14
Removed Pin From Net: NetName=xADC0_OR Pin=U19-F15
Removed Pin From Net: NetName=xADC1_DCO Pin=U19-F16
Removed Pin From Net: NetName=ADC1_D0 Pin=U19-F18
Removed Pin From Net: NetName=ADC1_D6 Pin=U19-F19
Removed Pin From Net: NetName=ADC1_D7 Pin=U19-F20
Removed Pin From Net: NetName=+2.5V Pin=U19-F22
Removed Pin From Net: NetName=+3.3V Pin=U19-M14
Removed Pin From Net: NetName=+3.3V Pin=U19-P18
Removed Pin From Net: NetName=xUSB_UART_RX Pin=U19-P20
Removed Pin From Net: NetName=xBiSS1_DATA Pin=U19-P21
Removed Pin From Net: NetName=xUSB_UART_TX Pin=U19-P22
Removed Pin From Net: NetName=+3.3V Pin=U19-R15
Removed Pin From Net: NetName=xBiSS2_CLK Pin=U19-R21
Removed Pin From Net: NetName=xBiSS1_CLK Pin=U19-R22
Removed Pin From Net: NetName=xCAN_RX Pin=U19-T21
Removed Pin From Net: NetName=+3.3V Pin=U19-T22
Removed Pin From Net: NetName=+3.3V Pin=U19-U19
Removed Pin From Net: NetName=xCAN_TX Pin=U19-U21
Removed Pin From Net: NetName=xBiSS2_DATA Pin=U19-U22
Removed Pin From Net: NetName=xCAN_STB Pin=U19-V22
Removed Pin From Net: NetName=xLASER_LVDS Pin=U19-W22
Removed Pin From Net: NetName=+3.3V Pin=U19-Y20
Added Pin To Net: NetName=+3.3V Pin=U19-A17
Added Pin To Net: NetName=xADC4_D4 Pin=U19-AA18
Added Pin To Net: NetName=ADC1_D0 Pin=U19-AA19
Added Pin To Net: NetName=ADC0_D2 Pin=U19-AA20
Added Pin To Net: NetName=ADC0_D3 Pin=U19-AA21
Added Pin To Net: NetName=ADC1_D5 Pin=U19-AB18
Added Pin To Net: NetName=ADC1_D1 Pin=U19-AB20
Added Pin To Net: NetName=ADC0_D6 Pin=U19-AB21
Added Pin To Net: NetName=ADC0_D7 Pin=U19-AB22
Added Pin To Net: NetName=+3.3V Pin=U19-B14
Added Pin To Net: NetName=xLASER_LVDS Pin=U19-B16
Added Pin To Net: NetName=xBiSS2_DATA Pin=U19-C14
Added Pin To Net: NetName=xCAN_STB Pin=U19-C15
Added Pin To Net: NetName=+3.3V Pin=U19-C21
Added Pin To Net: NetName=+3.3V Pin=U19-D18
Added Pin To Net: NetName=xCAN_RX Pin=U19-E13
Added Pin To Net: NetName=xCAN_TX Pin=U19-E14
Added Pin To Net: NetName=+3.3V Pin=U19-E15
Added Pin To Net: NetName=xBiSS2_CLK Pin=U19-E17
Added Pin To Net: NetName=xUSB_UART_TX Pin=U19-F13
Added Pin To Net: NetName=xBiSS1_CLK Pin=U19-F14
Added Pin To Net: NetName=xUSB_UART_RX Pin=U19-F15
Added Pin To Net: NetName=xBiSS1_DATA Pin=U19-F16
Added Pin To Net: NetName=+3.3V Pin=U19-F22
Added Pin To Net: NetName=+2.5V Pin=U19-M14
Added Pin To Net: NetName=xADC1_DP Pin=U19-N13
Added Pin To Net: NetName=xADC1_DP Pin=U19-N14
Added Pin To Net: NetName=ADC1_D12 Pin=U19-N17
Added Pin To Net: NetName=ADC1_D8 Pin=U19-P14
Added Pin To Net: NetName=ADC1_D14 Pin=U19-P15
Added Pin To Net: NetName=ADC1_D13 Pin=U19-P17
Added Pin To Net: NetName=+2.5V Pin=U19-P18
Added Pin To Net: NetName=xADC0_CLK_P Pin=U19-P19
Added Pin To Net: NetName=xADC0_OR Pin=U19-P20
Added Pin To Net: NetName=xADC1_DCO Pin=U19-P21
Added Pin To Net: NetName=xADC1_OR Pin=U19-P22
Added Pin To Net: NetName=ADC1_D9 Pin=U19-R14
Added Pin To Net: NetName=+2.5V Pin=U19-R15
Added Pin To Net: NetName=ADC1_D15 Pin=U19-R16
Added Pin To Net: NetName=ADC1_D10 Pin=U19-R18
Added Pin To Net: NetName=xADC0_CLK_N Pin=U19-R19
Added Pin To Net: NetName=xADC0_CSn Pin=U19-R21
Added Pin To Net: NetName=xADC0_DCO Pin=U19-R22
Added Pin To Net: NetName=ADC1_D11 Pin=U19-T18
Added Pin To Net: NetName=xADC1_CLK_P Pin=U19-T19
Added Pin To Net: NetName=xADC1_CLK_N Pin=U19-T20
Added Pin To Net: NetName=xADC1_PWR Pin=U19-T21
Added Pin To Net: NetName=+2.5V Pin=U19-T22
Added Pin To Net: NetName=ADC1_D6 Pin=U19-U17
Added Pin To Net: NetName=ADC1_D7 Pin=U19-U18
Added Pin To Net: NetName=+2.5V Pin=U19-U19
Added Pin To Net: NetName=ADC0_D8 Pin=U19-U20
Added Pin To Net: NetName=xADC1_RESn Pin=U19-U21
Added Pin To Net: NetName=xADC1_CSn Pin=U19-U22
Added Pin To Net: NetName=xADC2_D2 Pin=U19-V17
Added Pin To Net: NetName=ADC0_D14 Pin=U19-V18
Added Pin To Net: NetName=ADC0_D15 Pin=U19-V19
Added Pin To Net: NetName=ADC0_D9 Pin=U19-V20
Added Pin To Net: NetName=xADC1_SDIO Pin=U19-V22
Added Pin To Net: NetName=xADC3_D3 Pin=U19-W17
Added Pin To Net: NetName=ADC0_D10 Pin=U19-W19
Added Pin To Net: NetName=ADC0_D11 Pin=U19-W20
Added Pin To Net: NetName=ADC0_D0 Pin=U19-W21
Added Pin To Net: NetName=ADC0_D1 Pin=U19-W22
Added Pin To Net: NetName=ADC0_D12 Pin=U19-Y18
Added Pin To Net: NetName=ADC0_D13 Pin=U19-Y19
Added Pin To Net: NetName=+2.5V Pin=U19-Y20
Added Pin To Net: NetName=ADC0_D4 Pin=U19-Y21
Added Pin To Net: NetName=ADC0_D5 Pin=U19-Y22
