Added Pin To Net: NetName=NetR98_1 Pin=R98-1
Added Pin To Net: NetName=NetR98_1 Pin=U19-V8
Added Pin To Net: NetName=NetR98_1 Pin=U21-3
Added Net: Name=NetR98_1
Added Pin To Net: NetName=NetR99_1 Pin=R99-1
Added Pin To Net: NetName=NetR99_1 Pin=U19-AA8
Added Pin To Net: NetName=NetR99_1 Pin=U21-4
Added Net: Name=NetR99_1
Added Pin To Net: NetName=NetR103_1 Pin=R103-1
Added Pin To Net: NetName=NetR103_1 Pin=U19-AB8
Added Pin To Net: NetName=NetR103_1 Pin=U22-3
Added Net: Name=NetR103_1
Added Pin To Net: NetName=NetR104_1 Pin=R104-1
Added Pin To Net: NetName=NetR104_1 Pin=U19-Y8
Added Pin To Net: NetName=NetR104_1 Pin=U22-4
Added Net: Name=NetR104_1
Added Pin To Net: NetName=NetR108_1 Pin=R108-1
Added Pin To Net: NetName=NetR108_1 Pin=U19-Y7
Added Pin To Net: NetName=NetR108_1 Pin=U23-3
Added Net: Name=NetR108_1
Added Pin To Net: NetName=NetR109_1 Pin=R109-1
Added Pin To Net: NetName=NetR109_1 Pin=U19-W9
Added Pin To Net: NetName=NetR109_1 Pin=U23-4
Added Net: Name=NetR109_1
Added Pin To Net: NetName=NetR113_1 Pin=R113-1
Added Pin To Net: NetName=NetR113_1 Pin=U19-Y9
Added Pin To Net: NetName=NetR113_1 Pin=U24-3
Added Net: Name=NetR113_1
Added Pin To Net: NetName=NetR114_1 Pin=R114-1
Added Pin To Net: NetName=NetR114_1 Pin=U19-U7
Added Pin To Net: NetName=NetR114_1 Pin=U24-4
Added Net: Name=NetR114_1
