Removed Pin From Net: NetName=xPHY_125MHz Pin=U19-G13
Removed Pin From Net: NetName=xENET_MDC Pin=U19-G15
Removed Pin From Net: NetName=xENET_MDIO Pin=U19-G16
Removed Pin From Net: NetName=xPHY_GTX_CLK Pin=U19-G17
Removed Pin From Net: NetName=xENET_INTn Pin=U19-G18
Removed Pin From Net: NetName=xPHY_TRSTn Pin=U19-H13
Removed Pin From Net: NetName=xPHY_CRS Pin=U19-H14
Removed Pin From Net: NetName=xENET_TX_P Pin=U19-H15
Removed Pin From Net: NetName=xENET_RX_N Pin=U19-H17
Removed Pin From Net: NetName=xENET_RX_P Pin=U19-H18
Removed Pin From Net: NetName=ETX_TXD7 Pin=U19-H19
Removed Pin From Net: NetName=xPHY_RX_ERR Pin=U19-H20
Removed Pin From Net: NetName=xPHY_RX_DV Pin=U19-H22
Removed Pin From Net: NetName=xPHY_COL Pin=U19-J14
Removed Pin From Net: NetName=xENET_TX_N Pin=U19-J15
Removed Pin From Net: NetName=xENET_RESn Pin=U19-J16
Removed Pin From Net: NetName=ETX_TXD6 Pin=U19-J19
Removed Pin From Net: NetName=ETX_TXD4 Pin=U19-J20
Removed Pin From Net: NetName=ETX_TXD5 Pin=U19-J21
Removed Pin From Net: NetName=xPHY_RX_CLK Pin=U19-J22
Removed Pin From Net: NetName=ETX_RXD0 Pin=U19-K18
Removed Pin From Net: NetName=ETX_RXD1 Pin=U19-K19
Removed Pin From Net: NetName=ETX_TXD0 Pin=U19-K21
Removed Pin From Net: NetName=ETX_TXD1 Pin=U19-K22
Removed Pin From Net: NetName=ETX_RXD7 Pin=U19-L18
Removed Pin From Net: NetName=ETX_RXD2 Pin=U19-L19
Removed Pin From Net: NetName=ETX_RXD3 Pin=U19-L20
Removed Pin From Net: NetName=ETX_TXD3 Pin=U19-L21
Removed Pin From Net: NetName=ETX_RXD6 Pin=U19-M18
Removed Pin From Net: NetName=ETX_TXD2 Pin=U19-M21
Removed Pin From Net: NetName=ETX_RXD5 Pin=U19-M22
Removed Pin From Net: NetName=ETX_RXD4 Pin=U19-N22
Added Pin To Net: NetName=xPHY_125MHz Pin=U19-G17
Added Pin To Net: NetName=xENET_MDC Pin=U19-G18
Added Pin To Net: NetName=xENET_RX_N Pin=U19-G20
Added Pin To Net: NetName=xPHY_TRSTn Pin=U19-H14
Added Pin To Net: NetName=xPHY_COL Pin=U19-H15
Added Pin To Net: NetName=xPHY_CRS Pin=U19-H17
Added Pin To Net: NetName=xPHY_GTX_CLK Pin=U19-H18
Added Pin To Net: NetName=ETX_TXD3 Pin=U19-H19
Added Pin To Net: NetName=xENET_TX_P Pin=U19-H20
Added Pin To Net: NetName=xENET_TX_N Pin=U19-H22
Added Pin To Net: NetName=xENET_RESn Pin=U19-J14
Added Pin To Net: NetName=xENET_MDIO Pin=U19-J15
Added Pin To Net: NetName=ETX_TXD2 Pin=U19-J19
Added Pin To Net: NetName=ETX_TXD0 Pin=U19-J20
Added Pin To Net: NetName=ETX_TXD1 Pin=U19-J21
Added Pin To Net: NetName=xENET_INTn Pin=U19-J22
Added Pin To Net: NetName=ETX_TXD4 Pin=U19-K18
Added Pin To Net: NetName=ETX_TXD5 Pin=U19-K19
Added Pin To Net: NetName=xENET_RX_P Pin=U19-K21
Added Pin To Net: NetName=xPHY_RX_CLK Pin=U19-K22
Added Pin To Net: NetName=ETX_RXD3 Pin=U19-L18
Added Pin To Net: NetName=ETX_TXD6 Pin=U19-L19
Added Pin To Net: NetName=ETX_TXD7 Pin=U19-L20
Added Pin To Net: NetName=xPHY_RX_ERR Pin=U19-L21
Added Pin To Net: NetName=ETX_RXD2 Pin=U19-M18
Added Pin To Net: NetName=ETX_RXD7 Pin=U19-M20
Added Pin To Net: NetName=xPHY_RX_DV Pin=U19-M21
Added Pin To Net: NetName=ETX_RXD1 Pin=U19-M22
Added Pin To Net: NetName=ETX_RXD4 Pin=U19-N18
Added Pin To Net: NetName=ETX_RXD5 Pin=U19-N19
Added Pin To Net: NetName=ETX_RXD6 Pin=U19-N20
Added Pin To Net: NetName=ETX_RXD0 Pin=U19-N22
Added Class: Name=ADC
