Removed Pin From Net: NetName=+1.8V Pin=U19-AA17
Removed Pin From Net: NetName=+1.8V Pin=U19-AB14
Removed Pin From Net: NetName=xLASER_LVDS Pin=U19-E17
Removed Pin From Net: NetName=xBiSS1_DATA Pin=U19-F13
Removed Pin From Net: NetName=xBiSS2_CLK Pin=U19-F14
Removed Pin From Net: NetName=xBiSS1_CLK Pin=U19-F15
Removed Pin From Net: NetName=xBiSS2_DATA Pin=U19-F16
Removed Pin From Net: NetName=xUSB_RES Pin=U19-G20
Removed Pin From Net: NetName=xUSB_24MHZ Pin=U19-H19
Removed Pin From Net: NetName=xUSB_NXP Pin=U19-H20
Removed Pin From Net: NetName=xUSB_DIR Pin=U19-H22
Removed Pin From Net: NetName=xUSB_STP Pin=U19-J21
Removed Pin From Net: NetName=xUSB_SCK Pin=U19-J22
Removed Pin From Net: NetName=USB_DATA7 Pin=U19-K21
Removed Pin From Net: NetName=USB_DATA6 Pin=U19-K22
Removed Pin From Net: NetName=USB_DATA5 Pin=U19-L21
Removed Pin From Net: NetName=USB_DATA2 Pin=U19-M20
Removed Pin From Net: NetName=USB_DATA4 Pin=U19-M21
Removed Pin From Net: NetName=USB_DATA3 Pin=U19-M22
Removed Pin From Net: NetName=USB_DATA0 Pin=U19-N20
Removed Pin From Net: NetName=USB_DATA1 Pin=U19-N22
Removed Pin From Net: NetName=+1.8V Pin=U19-V16
Removed Pin From Net: NetName=+1.8V Pin=U19-W13
Removed Pin From Net: NetName=+1.8V Pin=U19-Y10
Added Pin To Net: NetName=xBiSS2_CLK Pin=U19-A18
Added Pin To Net: NetName=xBiSS2_DATA Pin=U19-A19
Added Pin To Net: NetName=xBiSS1_DATA Pin=U19-A20
Added Pin To Net: NetName=USB_DATA0 Pin=U19-A21
Added Pin To Net: NetName=xBiSS1_CLK Pin=U19-B20
Added Pin To Net: NetName=xUSB_24MHZ Pin=U19-B21
Added Pin To Net: NetName=xUSB_NXP Pin=U19-B22
Added Pin To Net: NetName=xUSB_SCK Pin=U19-C20
Added Pin To Net: NetName=xUSB_STP Pin=U19-C22
Added Pin To Net: NetName=xUSB_DIR Pin=U19-D20
Added Pin To Net: NetName=USB_DATA4 Pin=U19-D21
Added Pin To Net: NetName=USB_DATA2 Pin=U19-D22
Added Pin To Net: NetName=USB_DATA3 Pin=U19-E21
Added Pin To Net: NetName=USB_DATA1 Pin=U19-E22
Added Pin To Net: NetName=xLASER_LVDS Pin=U19-F19
Added Pin To Net: NetName=xUSB_RES Pin=U19-F20
Added Pin To Net: NetName=USB_DATA7 Pin=U19-F21
Added Pin To Net: NetName=USB_DATA5 Pin=U19-G21
Added Pin To Net: NetName=USB_DATA6 Pin=U19-G22
Added Pin To Net: NetName=??V Pin=U19-AA17
Added Pin To Net: NetName=??V Pin=U19-AB14
Added Pin To Net: NetName=??V Pin=U19-V16
Added Pin To Net: NetName=??V Pin=U19-W13
Added Pin To Net: NetName=??V Pin=U19-Y10
Added Net: Name=??V
