Removed Member From Class: ClassName=CAM_POWER Member=C85
Removed Member From Class: ClassName=CAM_POWER Member=C87
Removed Member From Class: ClassName=CAM_POWER Member=C89
Removed Member From Class: ClassName=CAM_POWER Member=C91
Removed Member From Class: ClassName=Xilinx PWR Member=C97
Removed Member From Class: ClassName=Ethernet Member=C100
Removed Member From Class: ClassName=Ethernet Member=C106
Removed Member From Class: ClassName=Power1.5 Member=C106
Removed Member From Class: ClassName=Ethernet Member=C109
Removed Member From Class: ClassName=UART_USB Member=C109
Removed Member From Class: ClassName=Xilinx PWR Member=C109
Removed Member From Class: ClassName=UART_USB Member=C110
Removed Member From Class: ClassName=UART_USB Member=C112
Removed Member From Class: ClassName=Power3.3 Member=C116
Removed Member From Class: ClassName=CAM_POWER Member=C118
Removed Member From Class: ClassName=Ethernet Member=C118
Removed Member From Class: ClassName=Power3.3 Member=C118
Removed Member From Class: ClassName=UART_USB Member=C118
Removed Member From Class: ClassName=Xilinx PWR Member=C118
Removed Member From Class: ClassName=Power1.0 Member=C120
Removed Member From Class: ClassName=Power1.0 Member=C124
Removed Member From Class: ClassName=Power1.5 Member=C126
Removed Member From Class: ClassName=Power1.5 Member=C128
Removed Member From Class: ClassName=Power1.5 Member=C130
Removed Member From Class: ClassName=Power1.8 Member=C139
Removed Member From Class: ClassName=Power2.5 Member=C139
Removed Member From Class: ClassName=Power2.5 Member=C140
Removed Member From Class: ClassName=Power2.5 Member=C153
Removed Member From Class: ClassName=Power5.0 Member=C153
Removed Member From Class: ClassName=Power33cam Member=C153
Removed Member From Class: ClassName=Power5.0 Member=C155
Removed Member From Class: ClassName=Power1.0 Member=C162
Removed Member From Class: ClassName=Power1.5 Member=C162
Removed Member From Class: ClassName=Power1.8 Member=C162
Removed Member From Class: ClassName=Power2.5 Member=C162
Removed Member From Class: ClassName=Power5.0 Member=C162
Removed Member From Class: ClassName=Power33cam Member=C162
Removed Member From Class: ClassName=Power5.0 Member=C169
Removed Member From Class: ClassName=SystemCLK Member=C169
Removed Member From Class: ClassName=Xilinx DDR Member=C169
Removed Member From Class: ClassName=Power1.8 Member=C171
Removed Member From Class: ClassName=Power2.5 Member=C171
Removed Member From Class: ClassName=Power5.0 Member=C171
Removed Member From Class: ClassName=Power33cam Member=C171
Removed Member From Class: ClassName=SystemCLK Member=C171
Removed Member From Class: ClassName=Xilinx DDR Member=C171
Removed Member From Class: ClassName=Xilinx DDR Member=C173
Removed Member From Class: ClassName=SystemCLK Member=C175
Removed Member From Class: ClassName=CAM_POWER Member=R89
Removed Member From Class: ClassName=CAM_POWER Member=R98
Removed Member From Class: ClassName=Ethernet Member=R109
Removed Member From Class: ClassName=UART_USB Member=R129
Removed Member From Class: ClassName=LEVEL SHIFTER Member=R136
Removed Member From Class: ClassName=Power3.3 Member=R136
Removed Member From Class: ClassName=UART_USB Member=R136
Removed Member From Class: ClassName=Power1.0 Member=R137
Removed Member From Class: ClassName=Power1.5 Member=R143
Removed Member From Class: ClassName=Power1.5 Member=R146
Removed Member From Class: ClassName=Power1.8 Member=R151
Removed Member From Class: ClassName=Power2.5 Member=R151
Removed Member From Class: ClassName=Power2.5 Member=R152
Removed Member From Class: ClassName=Power5.0 Member=R160
Removed Member From Class: ClassName=Power33cam Member=R160
Removed Member From Class: ClassName=Power5.0 Member=R164
Removed Member From Class: ClassName=SystemCLK Member=R187
Removed Member From Class: ClassName=Xilinx DDR Member=R188
Removed Member From Class: ClassName=Xilinx DDR Member=R192
Removed Member From Class: ClassName=Xilinx DDR Member=R197
Removed Member From Class: ClassName=SystemCLK Member=R200
Removed Member From Class: ClassName=Xilinx DDR Member=R201
Removed Member From Class: ClassName=CAM_POWER Member=TP13
Removed Member From Class: ClassName=Ethernet Member=TP20
Removed Member From Class: ClassName=Power1.0 Member=TP25
Removed Member From Class: ClassName=Power3.3 Member=TP25
Removed Member From Class: ClassName=UART_USB Member=TP25
Removed Member From Class: ClassName=Power1.0 Member=TP29
Removed Member From Class: ClassName=Power1.8 Member=TP29
Removed Member From Class: ClassName=Power33cam Member=TP31
Removed Member From Class: ClassName=CAM_POWER Member=U21
Removed Member From Class: ClassName=Ethernet Member=U21
Removed Member From Class: ClassName=LEVEL SHIFTER Member=U31
Removed Member From Class: ClassName=Power1.0 Member=U34
Removed Member From Class: ClassName=Power3.3 Member=U34
Removed Member From Class: ClassName=Power1.8 Member=U36
Removed Member From Class: ClassName=Power5.0 Member=U40
Removed Member From Class: ClassName=Power33cam Member=U40
Removed Member From Class: ClassName=SystemCLK Member=U43
Removed Member From Class: ClassName=Xilinx DDR Member=U43
Added Component: Designator=C?(C0402)
Add component (AddParameter): Name = "ClassName"; Value = "Ethernet"; VariantName = "[No Variations]"
Add component (AddParameter): Name = "PackageReference"; Value = "0402"; VariantName = "[No Variations]"
Add component (AddParameter): Name = "Precision"; Value = ""; VariantName = "[No Variations]"
Add component (AddParameter): Name = "VALUE"; Value = "1uF"; VariantName = "[No Variations]"
Add component (AddParameter): Name = "Voltage"; Value = "25V"; VariantName = "[No Variations]"
Added Component: Designator=C?(C0402)
Add component (AddParameter): Name = "ClassName"; Value = "Ethernet"; VariantName = "[No Variations]"
Add component (AddParameter): Name = "PackageReference"; Value = "0402"; VariantName = "[No Variations]"
Add component (AddParameter): Name = "Precision"; Value = ""; VariantName = "[No Variations]"
Add component (AddParameter): Name = "VALUE"; Value = "100pF"; VariantName = "[No Variations]"
Add component (AddParameter): Name = "Voltage"; Value = "25V"; VariantName = "[No Variations]"
Added Component: Designator=TP?(TP_0MM5_1MM0)
Add component (AddParameter): Name = "ClassName"; Value = "Ethernet"; VariantName = "[No Variations]"
Add component (AddParameter): Name = "MarkPCB"; Value = ""; VariantName = "[No Variations]"
Added Component: Designator=TP?(TP_0MM5_1MM0)
Add component (AddParameter): Name = "ClassName"; Value = "Ethernet"; VariantName = "[No Variations]"
Add component (AddParameter): Name = "MarkPCB"; Value = ""; VariantName = "[No Variations]"
Added Component: Designator=TP?(TP_0MM5_1MM0)
Add component (AddParameter): Name = "ClassName"; Value = "Ethernet"; VariantName = "[No Variations]"
Add component (AddParameter): Name = "MarkPCB"; Value = ""; VariantName = "[No Variations]"
Added Component: Designator=TP?(TP_0MM5_1MM0)
Add component (AddParameter): Name = "ClassName"; Value = "Ethernet"; VariantName = "[No Variations]"
Add component (AddParameter): Name = "MarkPCB"; Value = ""; VariantName = "[No Variations]"
Added Pin To Net: NetName=GND Pin=C?-2
Added Pin To Net: NetName=GND Pin=C?-2
Added Pin To Net: NetName=PHY_MDIP2n Pin=TP?-1
Added Pin To Net: NetName=PHY_MDIP2p Pin=TP?-1
Added Pin To Net: NetName=PHY_MDIP3n Pin=TP?-1
Added Pin To Net: NetName=PHY_MDIP3p Pin=TP?-1
Added Pin To Net: NetName=PHY_MDIP0p Pin=X5-1
Added Pin To Net: NetName=PHY_MDIP0n Pin=X5-2
Added Pin To Net: NetName=PHY_MDIP1p Pin=X5-7
Added Pin To Net: NetName=PHY_MDIP1n Pin=X5-8
Added Pin To Net: NetName=NetC?_1 Pin=C?-1
Added Pin To Net: NetName=NetC?_1 Pin=C?-1
Added Pin To Net: NetName=NetC?_1 Pin=X5-3
Added Pin To Net: NetName=NetC?_1 Pin=X5-6
Added Net: Name=NetC?_1
Added Member To Class: ClassName=CAM_POWER Member=Component C77 Cap
Added Member To Class: ClassName=CAM_POWER Member=Component C78 Cap
Added Member To Class: ClassName=CAM_POWER Member=Component C79 Cap
Added Member To Class: ClassName=CAM_POWER Member=Component C80 Cap
Added Member To Class: ClassName=CAM_POWER Member=Component C81 Cap
Added Member To Class: ClassName=Ethernet Member=Component C82 Cap
Added Member To Class: ClassName=Ethernet Member=Component C83 Cap
Added Member To Class: ClassName=Ethernet Member=Component C84 Cap
Added Member To Class: ClassName=Ethernet Member=Component C86 Cap
Added Member To Class: ClassName=Ethernet Member=Component C88 Cap
Added Member To Class: ClassName=Ethernet Member=Component C90 Cap
Added Member To Class: ClassName=Xilinx PWR Member=Component C92 Cap
Added Member To Class: ClassName=Ethernet Member=Component C93 Cap
Added Member To Class: ClassName=Ethernet Member=Component C94 Cap
Added Member To Class: ClassName=Xilinx PWR Member=Component C95 Cap
Added Member To Class: ClassName=Ethernet Member=Component C96 Cap
Added Member To Class: ClassName=Xilinx PWR Member=Component C98 Cap
Added Member To Class: ClassName=Xilinx PWR Member=Component C99 Cap
Added Member To Class: ClassName=Power1.5 Member=Component C101 Cap
Added Member To Class: ClassName=UART_USB Member=Component C102 Cap
Added Member To Class: ClassName=UART_USB Member=Component C103 Cap
Added Member To Class: ClassName=UART_USB Member=Component C104 Cap
Added Member To Class: ClassName=UART_USB Member=Component C105 Cap
Added Member To Class: ClassName=UART_USB Member=Component C107 Cap
Added Member To Class: ClassName=Power1.0 Member=Component C108 Cap
Added Member To Class: ClassName=Power3.3 Member=Component C111 Cap
Added Member To Class: ClassName=Power3.3 Member=Component C113 Cap
Added Member To Class: ClassName=Power1.0 Member=Component C114 Cap
Added Member To Class: ClassName=Power1.0 Member=Component C115 Cap
Added Member To Class: ClassName=Power1.0 Member=Component C117 Cap
Added Member To Class: ClassName=Power1.0 Member=Component C119 Cap
Added Member To Class: ClassName=Power1.5 Member=Component C121 Cap
Added Member To Class: ClassName=Power1.5 Member=Component C122 Cap
Added Member To Class: ClassName=Power1.5 Member=Component C123 Cap
Added Member To Class: ClassName=Power1.5 Member=Component C125 Cap
Added Member To Class: ClassName=Power1.8 Member=Component C129 Cap
Added Member To Class: ClassName=Power1.8 Member=Component C131 Cap
Added Member To Class: ClassName=Power1.8 Member=Component C132 Cap
Added Member To Class: ClassName=Power2.5 Member=Component C133 Cap
Added Member To Class: ClassName=Power2.5 Member=Component C134 Cap
Added Member To Class: ClassName=Power2.5 Member=Component C135 Cap
Added Member To Class: ClassName=Power2.5 Member=Component C136 Cap
Added Member To Class: ClassName=Power2.5 Member=Component C137 Cap
Added Member To Class: ClassName=Power33cam Member=Component C138 Cap
Added Member To Class: ClassName=Power33cam Member=Component C141 Cap
Added Member To Class: ClassName=Power33cam Member=Component C142 Cap
Added Member To Class: ClassName=Power5.0 Member=Component C143 Cap
Added Member To Class: ClassName=Power5.0 Member=Component C144 Cap
Added Member To Class: ClassName=Power5.0 Member=Component C145 Cap
Added Member To Class: ClassName=Power5.0 Member=Component C146 Cap
Added Member To Class: ClassName=Power5.0 Member=Component C147 Cap
Added Member To Class: ClassName=SystemCLK Member=Component C148 Cap
Added Member To Class: ClassName=SystemCLK Member=Component C149 Cap
Added Member To Class: ClassName=Xilinx PWR Member=Component C150 Cap
Added Member To Class: ClassName=SystemCLK Member=Component C151 Cap
Added Member To Class: ClassName=Xilinx PWR Member=Component C152 Cap
Added Member To Class: ClassName=Xilinx DDR Member=Component C154 Cap
Added Member To Class: ClassName=Xilinx DDR Member=Component C156 Cap
Added Member To Class: ClassName=Xilinx PWR Member=Component C157 Cap
Added Member To Class: ClassName=Xilinx DDR Member=Component C158 Cap
Added Member To Class: ClassName=SystemCLK Member=Component C159 Cap
Added Member To Class: ClassName=SystemCLK Member=Component C160 Cap
Added Member To Class: ClassName=Xilinx PWR Member=Component C161 Cap
Added Member To Class: ClassName=Xilinx PWR Member=Component C163 Cap
Added Member To Class: ClassName=Xilinx PWR Member=Component C164 Cap
Added Member To Class: ClassName=Xilinx PWR Member=Component C165 Cap
Added Member To Class: ClassName=Xilinx PWR Member=Component C166 Cap
Added Member To Class: ClassName=Xilinx PWR Member=Component C167 Cap
Added Member To Class: ClassName=Xilinx PWR Member=Component C168 Cap
Added Member To Class: ClassName=Xilinx PWR Member=Component C170 Cap
Added Member To Class: ClassName=Xilinx PWR Member=Component C172 Cap
Added Member To Class: ClassName=Xilinx PWR Member=Component C174 Cap
Added Member To Class: ClassName=Xilinx PWR Member=Component C176 Cap
Added Member To Class: ClassName=Xilinx PWR Member=Component C178 Cap
Added Member To Class: ClassName=Xilinx PWR Member=Component C179 Cap
Added Member To Class: ClassName=Xilinx PWR Member=Component C180 Cap
Added Member To Class: ClassName=Xilinx PWR Member=Component C181 Cap
Added Member To Class: ClassName=Xilinx PWR Member=Component C182 Cap
Added Member To Class: ClassName=Xilinx PWR Member=Component C183 Cap
Added Member To Class: ClassName=Xilinx PWR Member=Component C185 Cap
Added Member To Class: ClassName=Xilinx PWR Member=Component C187 Cap
Added Member To Class: ClassName=Xilinx PWR Member=Component C189 Cap
Added Member To Class: ClassName=Xilinx PWR Member=Component C191 Cap
Added Member To Class: ClassName=Xilinx PWR Member=Component C193 Cap
Added Member To Class: ClassName=Xilinx PWR Member=Component C194 Cap
Added Member To Class: ClassName=Xilinx PWR Member=Component C195 Cap
Added Member To Class: ClassName=Xilinx PWR Member=Component C196 Cap
Added Member To Class: ClassName=Xilinx PWR Member=Component C197 Cap
Added Member To Class: ClassName=Xilinx PWR Member=Component C198 Cap
Added Member To Class: ClassName=Xilinx PWR Member=Component C200 Cap
Added Member To Class: ClassName=Xilinx PWR Member=Component C202 Cap
Added Member To Class: ClassName=Xilinx PWR Member=Component C204 Cap
Added Member To Class: ClassName=Xilinx PWR Member=Component C206 Cap
Added Member To Class: ClassName=Xilinx PWR Member=Component C208 Cap
Added Member To Class: ClassName=Xilinx PWR Member=Component C209 Cap
Added Member To Class: ClassName=Xilinx PWR Member=Component C210 Cap
Added Member To Class: ClassName=Xilinx PWR Member=Component C211 Cap
Added Member To Class: ClassName=Xilinx PWR Member=Component C212 Cap
Added Member To Class: ClassName=Xilinx PWR Member=Component C213 Cap
Added Member To Class: ClassName=Xilinx PWR Member=Component C215 Cap
Added Member To Class: ClassName=Xilinx PWR Member=Component C217 Cap
Added Member To Class: ClassName=Ethernet Member=Component C? Cap
Added Member To Class: ClassName=Ethernet Member=Component C? Cap
Added Member To Class: ClassName=CAM_POWER Member=Component R77 Res2
Added Member To Class: ClassName=CAM_POWER Member=Component R78 Res2
Added Member To Class: ClassName=Ethernet Member=Component R79 Res2
Added Member To Class: ClassName=Ethernet Member=Component R80 Res2
Added Member To Class: ClassName=Ethernet Member=Component R81 Res2
Added Member To Class: ClassName=Ethernet Member=Component R82 Res2
Added Member To Class: ClassName=Ethernet Member=Component R83 Res2
Added Member To Class: ClassName=Ethernet Member=Component R84 Res2
Added Member To Class: ClassName=Ethernet Member=Component R85 Res2
Added Member To Class: ClassName=Ethernet Member=Component R86 Res2
Added Member To Class: ClassName=Ethernet Member=Component R87 Res2
Added Member To Class: ClassName=Ethernet Member=Component R88 Res2
Added Member To Class: ClassName=Ethernet Member=Component R90 Res2
Added Member To Class: ClassName=Ethernet Member=Component R91 Res2
Added Member To Class: ClassName=Ethernet Member=Component R92 Res2
Added Member To Class: ClassName=Ethernet Member=Component R93 Res2
Added Member To Class: ClassName=Ethernet Member=Component R94 Res2
Added Member To Class: ClassName=Ethernet Member=Component R95 Res2
Added Member To Class: ClassName=Ethernet Member=Component R96 Res2
Added Member To Class: ClassName=Ethernet Member=Component R97 Res2
Added Member To Class: ClassName=LEVEL SHIFTER Member=Component R99 Res2
Added Member To Class: ClassName=LEVEL SHIFTER Member=Component R100 Res2
Added Member To Class: ClassName=LEVEL SHIFTER Member=Component R101 Res2
Added Member To Class: ClassName=LEVEL SHIFTER Member=Component R102 Res2
Added Member To Class: ClassName=LEVEL SHIFTER Member=Component R103 Res2
Added Member To Class: ClassName=LEVEL SHIFTER Member=Component R104 Res2
Added Member To Class: ClassName=LEVEL SHIFTER Member=Component R105 Res2
Added Member To Class: ClassName=LEVEL SHIFTER Member=Component R106 Res2
Added Member To Class: ClassName=LEVEL SHIFTER Member=Component R107 Res2
Added Member To Class: ClassName=LEVEL SHIFTER Member=Component R108 Res2
Added Member To Class: ClassName=LEVEL SHIFTER Member=Component R110 Res2
Added Member To Class: ClassName=LEVEL SHIFTER Member=Component R111 Res2
Added Member To Class: ClassName=LEVEL SHIFTER Member=Component R113 Res2
Added Member To Class: ClassName=LEVEL SHIFTER Member=Component R114 Res2
Added Member To Class: ClassName=LEVEL SHIFTER Member=Component R115 Res2
Added Member To Class: ClassName=LEVEL SHIFTER Member=Component R116 Res2
Added Member To Class: ClassName=LEVEL SHIFTER Member=Component R118 Res2
Added Member To Class: ClassName=UART_USB Member=Component R119 Res2
Added Member To Class: ClassName=UART_USB Member=Component R120 Res2
Added Member To Class: ClassName=UART_USB Member=Component R121 Res2
Added Member To Class: ClassName=UART_USB Member=Component R122 Res2
Added Member To Class: ClassName=UART_USB Member=Component R123 Res2
Added Member To Class: ClassName=UART_USB Member=Component R124 Res2
Added Member To Class: ClassName=Power3.3 Member=Component R125 Res2
Added Member To Class: ClassName=Power3.3 Member=Component R126 Res2
Added Member To Class: ClassName=Power3.3 Member=Component R127 Res2
Added Member To Class: ClassName=Power1.0 Member=Component R128 Res2
Added Member To Class: ClassName=Power1.0 Member=Component R131 Res2
Added Member To Class: ClassName=Power1.0 Member=Component R132 Res2
Added Member To Class: ClassName=Power1.0 Member=Component R133 Res2
Added Member To Class: ClassName=Power1.0 Member=Component R135 Res2
Added Member To Class: ClassName=Power1.5 Member=Component R138 Res2
Added Member To Class: ClassName=Power1.5 Member=Component R139 Res2
Added Member To Class: ClassName=Power1.8 Member=Component R140 Res2
Added Member To Class: ClassName=Power1.5 Member=Component R141 Res2
Added Member To Class: ClassName=Power1.8 Member=Component R142 Res2
Added Member To Class: ClassName=Power1.8 Member=Component R144 Res2
Added Member To Class: ClassName=Power1.8 Member=Component R145 Res2
Added Member To Class: ClassName=Power2.5 Member=Component R147 Res2
Added Member To Class: ClassName=Power2.5 Member=Component R148 Res2
Added Member To Class: ClassName=Power2.5 Member=Component R149 Res2
Added Member To Class: ClassName=Power2.5 Member=Component R150 Res2
Added Member To Class: ClassName=Power33cam Member=Component R153 Res2
Added Member To Class: ClassName=Power33cam Member=Component R155 Res2
Added Member To Class: ClassName=Power33cam Member=Component R156 Res2
Added Member To Class: ClassName=Power5.0 Member=Component R158 Res2
Added Member To Class: ClassName=Power5.0 Member=Component R159 Res2
Added Member To Class: ClassName=Power5.0 Member=Component R162 Res2
Added Member To Class: ClassName=Xilinx DDR Member=Component R163 Res2
Added Member To Class: ClassName=Xilinx DDR Member=Component R166 Res2
Added Member To Class: ClassName=Xilinx DDR Member=Component R167 Res2
Added Member To Class: ClassName=Xilinx DDR Member=Component R168 Res2
Added Member To Class: ClassName=Xilinx DDR Member=Component R171 Res2
Added Member To Class: ClassName=Xilinx DDR Member=Component R172 Res2
Added Member To Class: ClassName=Xilinx DDR Member=Component R173 Res2
Added Member To Class: ClassName=Xilinx DDR Member=Component R175 Res2
Added Member To Class: ClassName=Xilinx DDR Member=Component R176 Res2
Added Member To Class: ClassName=Xilinx DDR Member=Component R177 Res2
Added Member To Class: ClassName=Xilinx DDR Member=Component R178 Res2
Added Member To Class: ClassName=Xilinx DDR Member=Component R179 Res2
Added Member To Class: ClassName=Xilinx DDR Member=Component R180 Res2
Added Member To Class: ClassName=Xilinx DDR Member=Component R181 Res2
Added Member To Class: ClassName=Xilinx DDR Member=Component R182 Res2
Added Member To Class: ClassName=Xilinx DDR Member=Component R184 Res2
Added Member To Class: ClassName=SystemCLK Member=Component R185 Res2
Added Member To Class: ClassName=SystemCLK Member=Component R186 Res2
Added Member To Class: ClassName=Xilinx DDR Member=Component R189 Res2
Added Member To Class: ClassName=Xilinx DDR Member=Component R190 Res2
Added Member To Class: ClassName=Xilinx DDR Member=Component R191 Res2
Added Member To Class: ClassName=Xilinx DDR Member=Component R193 Res2
Added Member To Class: ClassName=Xilinx DDR Member=Component R194 Res2
Added Member To Class: ClassName=Xilinx DDR Member=Component R195 Res2
Added Member To Class: ClassName=SystemCLK Member=Component R198 Res2
Added Member To Class: ClassName=Xilinx DDR Member=Component R199 Res2
Added Member To Class: ClassName=Xilinx_SYS Member=Component R202 Res2
Added Member To Class: ClassName=Xilinx_SYS Member=Component R203 Res2
Added Member To Class: ClassName=Xilinx_SYS Member=Component R205 Res2
Added Member To Class: ClassName=CAM_POWER Member=Component TP11
Added Member To Class: ClassName=Ethernet Member=Component TP12
Added Member To Class: ClassName=Ethernet Member=Component TP14
Added Member To Class: ClassName=Ethernet Member=Component TP15
Added Member To Class: ClassName=Ethernet Member=Component TP17
Added Member To Class: ClassName=Ethernet Member=Component TP18
Added Member To Class: ClassName=UART_USB Member=Component TP19
Added Member To Class: ClassName=UART_USB Member=Component TP21
Added Member To Class: ClassName=UART_USB Member=Component TP22
Added Member To Class: ClassName=Power3.3 Member=Component TP23
Added Member To Class: ClassName=Power1.0 Member=Component TP24
Added Member To Class: ClassName=Power1.0 Member=Component TP26
Added Member To Class: ClassName=Power1.8 Member=Component TP27
Added Member To Class: ClassName=Power1.8 Member=Component TP28
Added Member To Class: ClassName=Power33cam Member=Component TP30
Added Member To Class: ClassName=Ethernet Member=Component TP?
Added Member To Class: ClassName=Ethernet Member=Component TP?
Added Member To Class: ClassName=Ethernet Member=Component TP?
Added Member To Class: ClassName=Ethernet Member=Component TP?
Added Member To Class: ClassName=CAM_POWER Member=Component U18
Added Member To Class: ClassName=Ethernet Member=Component U19 88E1111-B2-BAB1C000
Added Member To Class: ClassName=LEVEL SHIFTER Member=Component U25 PCA9306
Added Member To Class: ClassName=LEVEL SHIFTER Member=Component U26 PCA9306
Added Member To Class: ClassName=LEVEL SHIFTER Member=Component U27 PCA9306
Added Member To Class: ClassName=LEVEL SHIFTER Member=Component U28 PCA9306
Added Member To Class: ClassName=LEVEL SHIFTER Member=Component U29 ADN4661
Added Member To Class: ClassName=UART_USB Member=Component U30 FT232R
Added Member To Class: ClassName=Power3.3 Member=Component U32 TLV62130RGT
Added Member To Class: ClassName=Power1.0 Member=Component U33 TPS60500
Added Member To Class: ClassName=Power1.8 Member=Component U35 TPS60500
Added Member To Class: ClassName=Power33cam Member=Component U37 TLV62130RGT
Added Member To Class: ClassName=Power5.0 Member=Component U38 TLV62130RGT
Added Member To Class: ClassName=SystemCLK Member=Component U41 SiT9102 200MHz
Added Member To Class: ClassName=Xilinx DDR Member=Component U42 TPS51200
