Added Pin To Net: NetName=CAM_MD0_N Pin=U19-V20
Added Pin To Net: NetName=CAM_MD0_N Pin=X4-6
Added Net: Name=CAM_MD0_N
Added Pin To Net: NetName=CAM_MD1_N Pin=U19-W20
Added Pin To Net: NetName=CAM_MD1_N Pin=X4-3
Added Net: Name=CAM_MD1_N
Added Pin To Net: NetName=CAM_MD1_P Pin=U19-W19
Added Pin To Net: NetName=CAM_MD1_P Pin=X4-4
Added Net: Name=CAM_MD1_P
Added Pin To Net: NetName=CAM_MD3_N Pin=U19-V19
Added Pin To Net: NetName=CAM_MD3_N Pin=X4-15
Added Net: Name=CAM_MD3_N
Added Differential Pair: Name=CAM_MD1
Added Member To Class: ClassName=PLIS_SYS Member=Wire CAM_MC_N
Added Member To Class: ClassName=PLIS_SYS Member=Wire CAM_MC_P
Added Member To Class: ClassName=PLIS_SYS Member=Wire CAM_MCLK
Added Member To Class: ClassName=PLIS_SYS Member=Wire CAM_MD0_N
Added Member To Class: ClassName=PLIS_SYS Member=Wire CAM_MD1_N
Added Member To Class: ClassName=PLIS_SYS Member=Wire CAM_MD1_P
Added Member To Class: ClassName=PLIS_SYS Member=Wire CAM_MD3_N
Added Member To Class: ClassName=PLIS_SYS Member=Wire CAM_RES
Added Member To Class: ClassName=PLIS_SYS Member=Wire FSTROBE
Added Member To Class: ClassName=PLIS_SYS Member=Wire SCA
Added Member To Class: ClassName=PLIS_SYS Member=Wire SCL
