Removed Member From Class: ClassName=DDR_DATA Member=DDR3_D16
Removed Member From Class: ClassName=DDR_DATA Member=DDR3_D17
Removed Member From Class: ClassName=DDR_DATA Member=DDR3_D18
Removed Member From Class: ClassName=DDR_DATA Member=DDR3_D19
Removed Member From Class: ClassName=DDR_DATA Member=DDR3_D20
Removed Member From Class: ClassName=DDR_DATA Member=DDR3_D21
Removed Member From Class: ClassName=DDR_DATA Member=DDR3_D22
Removed Member From Class: ClassName=DDR_DATA Member=DDR3_D23
Removed Member From Class: ClassName=DDR_DATA Member=DDR3_D24
Removed Member From Class: ClassName=DDR_DATA Member=DDR3_D25
Removed Member From Class: ClassName=DDR_DATA Member=DDR3_D26
Removed Member From Class: ClassName=DDR_DATA Member=DDR3_D27
Removed Member From Class: ClassName=DDR_DATA Member=DDR3_D28
Removed Member From Class: ClassName=DDR_DATA Member=DDR3_D29
Removed Member From Class: ClassName=DDR_DATA Member=DDR3_D30
Removed Member From Class: ClassName=DDR_DATA Member=DDR3_D31
Removed Member From Class: ClassName=DDR_DATA Member=DDR3_DM0
Removed Member From Class: ClassName=DDR_DATA Member=DDR3_DM1
Removed Member From Class: ClassName=DDR_DATA Member=DDR3_DM2
Removed Member From Class: ClassName=DDR_DATA Member=DDR3_DM3
Removed Member From Class: ClassName=DDR_DATA Member=DDR3_DQS0_N
Removed Member From Class: ClassName=DDR_DATA Member=DDR3_DQS0_P
Removed Member From Class: ClassName=DDR_DATA Member=DDR3_DQS1_N
Removed Member From Class: ClassName=DDR_DATA Member=DDR3_DQS1_P
Removed Member From Class: ClassName=DDR_DATA Member=DDR3_DQS2_N
Removed Member From Class: ClassName=DDR_DATA Member=DDR3_DQS2_P
Removed Member From Class: ClassName=DDR_DATA Member=DDR3_DQS3_N
Removed Member From Class: ClassName=DDR_DATA Member=DDR3_DQS3_P
Change Class Name : Old Net Name=DDR_DATA New Net Name=DDR_DATA_0_15
Added Class: Name=DDR_DATA_16_31
