Removed Pin From Net: NetName=xBiSS2_CLK Pin=U19-AA9
Removed Pin From Net: NetName=xLASER_LVDS Pin=U19-AA10
Removed Pin From Net: NetName=xUSB_RES Pin=U19-AA11
Removed Pin From Net: NetName=xUSER_OUT1 Pin=U19-AA13
Removed Pin From Net: NetName=xUSER_IN0 Pin=U19-AA14
Removed Pin From Net: NetName=xUSER_OUT3 Pin=U19-AA15
Removed Pin From Net: NetName=xLS_SHDN Pin=U19-AA16
Removed Pin From Net: NetName=ADC1_D9 Pin=U19-AA18
Removed Pin From Net: NetName=ADC1_D8 Pin=U19-AA19
Removed Pin From Net: NetName=ADC1_D3 Pin=U19-AA20
Removed Pin From Net: NetName=ADC1_D1 Pin=U19-AA21
Removed Pin From Net: NetName=xBiSS2_DATA Pin=U19-AB10
Removed Pin From Net: NetName=xBiSS1_CLK Pin=U19-AB11
Removed Pin From Net: NetName=xBiSS1_DATA Pin=U19-AB12
Removed Pin From Net: NetName=xUSER_OUT2 Pin=U19-AB13
Removed Pin From Net: NetName=xUSER_IN2 Pin=U19-AB15
Removed Pin From Net: NetName=xLS_DISABLE Pin=U19-AB16
Removed Pin From Net: NetName=xLS_EN_POW Pin=U19-AB17
Removed Pin From Net: NetName=ADC1_D10 Pin=U19-AB18
Removed Pin From Net: NetName=ADC1_D4 Pin=U19-AB20
Removed Pin From Net: NetName=ADC1_D2 Pin=U19-AB21
Removed Pin From Net: NetName=ADC1_D0 Pin=U19-AB22
Removed Pin From Net: NetName=xADC1_PWR Pin=U19-N13
Removed Pin From Net: NetName=xADC1_RESn Pin=U19-N14
Removed Pin From Net: NetName=xENET_MDIO Pin=U19-N15
Removed Pin From Net: NetName=ADC1_D12 Pin=U19-P14
Removed Pin From Net: NetName=xADC1_CSn Pin=U19-P15
Removed Pin From Net: NetName=ADC0_CLK_P Pin=U19-P16
Removed Pin From Net: NetName=ADC0_D5 Pin=U19-P19
Removed Pin From Net: NetName=ADC0_D6 Pin=U19-P20
Removed Pin From Net: NetName=ADC0_D9 Pin=U19-P21
Removed Pin From Net: NetName=ADC0_D8 Pin=U19-P22
Removed Pin From Net: NetName=ADC1_D13 Pin=U19-R14
Removed Pin From Net: NetName=xADC1_SDIO Pin=U19-R16
Removed Pin From Net: NetName=ADC0_CLK_N Pin=U19-R17
Removed Pin From Net: NetName=xADC0_CSn Pin=U19-R18
Removed Pin From Net: NetName=ADC0_D4 Pin=U19-R19
Removed Pin From Net: NetName=ADC0_D11 Pin=U19-R21
Removed Pin From Net: NetName=ADC0_D10 Pin=U19-R22
Removed Pin From Net: NetName=USB_DATA5 Pin=U19-T14
Removed Pin From Net: NetName=USB_DATA6 Pin=U19-T15
Removed Pin From Net: NetName=ADC0_D3 Pin=U19-T19
Removed Pin From Net: NetName=ADC1_D5 Pin=U19-T20
Removed Pin From Net: NetName=ADC1_CLK_P Pin=U19-T21
Removed Pin From Net: NetName=USB_DATA3 Pin=U19-U15
Removed Pin From Net: NetName=ADC1_OR Pin=U19-U17
Removed Pin From Net: NetName=ADC0_D2 Pin=U19-U20
Removed Pin From Net: NetName=ADC1_CLK_N Pin=U19-U21
Removed Pin From Net: NetName=ADC0_D12 Pin=U19-U22
Removed Pin From Net: NetName=xUSB_DIR Pin=U19-V10
Removed Pin From Net: NetName=USB_DATA1 Pin=U19-V13
Removed Pin From Net: NetName=USB_DATA2 Pin=U19-V14
Removed Pin From Net: NetName=USB_DATA4 Pin=U19-V15
Removed Pin From Net: NetName=ADC1_D15 Pin=U19-V17
Removed Pin From Net: NetName=ADC1_D6 Pin=U19-V18
Removed Pin From Net: NetName=ADC0_D1 Pin=U19-V19
Removed Pin From Net: NetName=ADC0_D7 Pin=U19-V20
Removed Pin From Net: NetName=ADC0_D13 Pin=U19-V22
Removed Pin From Net: NetName=xUSB_SCK Pin=U19-W10
Removed Pin From Net: NetName=xUSB_24MHZ Pin=U19-W11
Removed Pin From Net: NetName=USB_DATA0 Pin=U19-W12
Removed Pin From Net: NetName=xBiSS0_ZPNT Pin=U19-W14
Removed Pin From Net: NetName=USB_DATA7 Pin=U19-W15
Removed Pin From Net: NetName=ADC1_D14 Pin=U19-W17
Removed Pin From Net: NetName=ADC0_D0 Pin=U19-W19
Removed Pin From Net: NetName=ADC1_D7 Pin=U19-W20
Removed Pin From Net: NetName=ADC0_D15 Pin=U19-W21
Removed Pin From Net: NetName=ADC0_D14 Pin=U19-W22
Removed Pin From Net: NetName=xUSB_STP Pin=U19-Y11
Removed Pin From Net: NetName=xUSB_NXP Pin=U19-Y12
Removed Pin From Net: NetName=xUSER_IN1 Pin=U19-Y13
Removed Pin From Net: NetName=xADC_INT Pin=U19-Y14
Removed Pin From Net: NetName=xADC_HV_EN Pin=U19-Y16
Removed Pin From Net: NetName=xADC_LDAC Pin=U19-Y17
Removed Pin From Net: NetName=ADC1_D11 Pin=U19-Y18
Removed Pin From Net: NetName=ADC0_DCO Pin=U19-Y19
Removed Pin From Net: NetName=ADC1_DCO Pin=U19-Y21
Removed Pin From Net: NetName=ADC0_OR Pin=U19-Y22
Added Pin To Net: NetName=ADC1_D1 Pin=U19-AA9
Added Pin To Net: NetName=ADC0_OR Pin=U19-AA10
Added Pin To Net: NetName=ADC1_D2 Pin=U19-AA11
Added Pin To Net: NetName=ADC0_D13 Pin=U19-AA13
Added Pin To Net: NetName=ADC0_D3 Pin=U19-AA14
Added Pin To Net: NetName=ADC1_CLK_N Pin=U19-AA15
Added Pin To Net: NetName=ADC0_D9 Pin=U19-AA16
Added Pin To Net: NetName=USB_DATA5 Pin=U19-AA19
Added Pin To Net: NetName=xBiSS2_CLK Pin=U19-AA20
Added Pin To Net: NetName=xBiSS2_DATA Pin=U19-AA21
Added Pin To Net: NetName=ADC1_DCO Pin=U19-AB10
Added Pin To Net: NetName=ADC0_D14 Pin=U19-AB11
Added Pin To Net: NetName=ADC1_D3 Pin=U19-AB12
Added Pin To Net: NetName=ADC1_CLK_P Pin=U19-AB13
Added Pin To Net: NetName=ADC0_D5 Pin=U19-AB15
Added Pin To Net: NetName=ADC0_D11 Pin=U19-AB16
Added Pin To Net: NetName=ADC0_D12 Pin=U19-AB17
Added Pin To Net: NetName=USB_DATA6 Pin=U19-AB20
Added Pin To Net: NetName=xUSB_DIR Pin=U19-AB21
Added Pin To Net: NetName=xUSB_SCK Pin=U19-AB22
Added Pin To Net: NetName=xADC0_CSn Pin=U19-G20
Added Pin To Net: NetName=ADC1_D13 Pin=U19-H20
Added Pin To Net: NetName=ADC1_D12 Pin=U19-H22
Added Pin To Net: NetName=xUSER_IN1 Pin=U19-P19
Added Pin To Net: NetName=xADC_LDAC Pin=U19-P20
Added Pin To Net: NetName=xLS_DISABLE Pin=U19-P21
Added Pin To Net: NetName=xADC_HV_EN Pin=U19-P22
Added Pin To Net: NetName=xUSER_IN0 Pin=U19-R19
Added Pin To Net: NetName=xLS_EN_POW Pin=U19-R21
Added Pin To Net: NetName=xLS_SHDN Pin=U19-R22
Added Pin To Net: NetName=ADC1_D4 Pin=U19-T14
Added Pin To Net: NetName=ADC1_D15 Pin=U19-T15
Added Pin To Net: NetName=ADC1_D10 Pin=U19-T16
Added Pin To Net: NetName=xBiSS0_ZPNT Pin=U19-T19
Added Pin To Net: NetName=xADC_INT Pin=U19-T20
Added Pin To Net: NetName=xUSER_OUT3 Pin=U19-T21
Added Pin To Net: NetName=ADC0_D1 Pin=U19-U15
Added Pin To Net: NetName=ADC1_OR Pin=U19-U16
Added Pin To Net: NetName=xUSB_STP Pin=U19-U20
Added Pin To Net: NetName=xUSER_IN2 Pin=U19-U21
Added Pin To Net: NetName=xUSER_OUT1 Pin=U19-U22
Added Pin To Net: NetName=ADC1_D0 Pin=U19-V10
Added Pin To Net: NetName=ADC0_DCO Pin=U19-V13
Added Pin To Net: NetName=ADC1_D6 Pin=U19-V14
Added Pin To Net: NetName=ADC1_D8 Pin=U19-V15
Added Pin To Net: NetName=USB_DATA7 Pin=U19-V17
Added Pin To Net: NetName=USB_DATA3 Pin=U19-V18
Added Pin To Net: NetName=USB_DATA4 Pin=U19-V19
Added Pin To Net: NetName=xUSB_NXP Pin=U19-V20
Added Pin To Net: NetName=xUSER_OUT2 Pin=U19-V22
Added Pin To Net: NetName=ADC0_D2 Pin=U19-W10
Added Pin To Net: NetName=ADC1_D7 Pin=U19-W11
Added Pin To Net: NetName=ADC1_D11 Pin=U19-W12
Added Pin To Net: NetName=ADC1_D5 Pin=U19-W14
Added Pin To Net: NetName=ADC1_D14 Pin=U19-W15
Added Pin To Net: NetName=ADC1_D9 Pin=U19-W16
Added Pin To Net: NetName=xLASER_LVDS Pin=U19-W17
Added Pin To Net: NetName=xUSB_24MHZ Pin=U19-W19
Added Pin To Net: NetName=USB_DATA0 Pin=U19-W20
Added Pin To Net: NetName=xBiSS1_CLK Pin=U19-W21
Added Pin To Net: NetName=xBiSS1_DATA Pin=U19-W22
Added Pin To Net: NetName=ADC0_D7 Pin=U19-Y11
Added Pin To Net: NetName=ADC0_D0 Pin=U19-Y12
Added Pin To Net: NetName=ADC0_D4 Pin=U19-Y13
Added Pin To Net: NetName=ADC0_D15 Pin=U19-Y14
Added Pin To Net: NetName=ADC0_D10 Pin=U19-Y16
Added Pin To Net: NetName=ADC0_D8 Pin=U19-Y17
Added Pin To Net: NetName=USB_DATA1 Pin=U19-Y18
Added Pin To Net: NetName=USB_DATA2 Pin=U19-Y19
Added Pin To Net: NetName=xUSB_RES Pin=U19-Y22
