Removed Pin From Net: NetName=xEXT_SDA Pin=U19-AA9
Removed Pin From Net: NetName=xLS_SCL Pin=U19-AA10
Removed Pin From Net: NetName=xLS_SDA Pin=U19-AA11
Removed Pin From Net: NetName=xLS_SHDN Pin=U19-AA13
Removed Pin From Net: NetName=xUSER_OUT1 Pin=U19-AA14
Removed Pin From Net: NetName=xLS_EN_POW Pin=U19-AA15
Removed Pin From Net: NetName=CAM_RES Pin=U19-AA16
Removed Pin From Net: NetName=xEXT_SCL Pin=U19-AB10
Removed Pin From Net: NetName=xADC_SCL Pin=U19-AB11
Removed Pin From Net: NetName=xADC_SDA Pin=U19-AB12
Removed Pin From Net: NetName=xLS_DISABLE Pin=U19-AB13
Removed Pin From Net: NetName=xADC_LDAC Pin=U19-AB15
Removed Pin From Net: NetName=FSTROBE Pin=U19-AB16
Removed Pin From Net: NetName=CAM_MCLK Pin=U19-AB17
Removed Pin From Net: NetName=xLASER_LVDS Pin=U19-B16
Removed Pin From Net: NetName=xBiSS2_DATA Pin=U19-C14
Removed Pin From Net: NetName=xBiSS2_CLK Pin=U19-E17
Removed Pin From Net: NetName=xBiSS1_CLK Pin=U19-F14
Removed Pin From Net: NetName=xBiSS1_DATA Pin=U19-F16
Removed Pin From Net: NetName=CAM_MD1_P Pin=U19-T14
Removed Pin From Net: NetName=CAM_MD1_N Pin=U19-T15
Removed Pin From Net: NetName=CAM_MD3_P Pin=U19-T16
Removed Pin From Net: NetName=CAM_MD0_P Pin=U19-U15
Removed Pin From Net: NetName=CAM_MD3_N Pin=U19-U16
Removed Pin From Net: NetName=xCAM_SDA Pin=U19-V10
Removed Pin From Net: NetName=CAM_MC_P Pin=U19-V13
Removed Pin From Net: NetName=CAM_MC_N Pin=U19-V14
Removed Pin From Net: NetName=CAM_MD0_N Pin=U19-V15
Removed Pin From Net: NetName=xCAM_SCL Pin=U19-W10
Removed Pin From Net: NetName=CAM_EN Pin=U19-W11
Removed Pin From Net: NetName=xUSER_IN0 Pin=U19-W12
Removed Pin From Net: NetName=xUSER_OUT2 Pin=U19-W14
Removed Pin From Net: NetName=CAM_MD2_P Pin=U19-W15
Removed Pin From Net: NetName=CAM_MD2_N Pin=U19-W16
Removed Pin From Net: NetName=LED1 Pin=U19-Y7
Removed Pin From Net: NetName=xUSER_IN2 Pin=U19-Y11
Removed Pin From Net: NetName=xUSER_IN1 Pin=U19-Y12
Removed Pin From Net: NetName=xADC_HV_EN Pin=U19-Y13
Removed Pin From Net: NetName=xUSER_OUT3 Pin=U19-Y14
Removed Pin From Net: NetName=xADC_INT Pin=U19-Y16
Removed Pin From Net: NetName=xBiSS0_ZPNT Pin=U19-Y17
Removed Member From Class: ClassName=Xilinx DDR Member=TP27
Added Pin To Net: NetName=CAM_MD0_N Pin=U19-AA13
Added Pin To Net: NetName=CAM_MD3_P Pin=U19-AA14
Added Pin To Net: NetName=CAM_MD1_N Pin=U19-AA15
Added Pin To Net: NetName=CAM_MC_P Pin=U19-AA16
Added Pin To Net: NetName=FSTROBE Pin=U19-AB11
Added Pin To Net: NetName=CAM_MD1_P Pin=U19-AB13
Added Pin To Net: NetName=CAM_MD2_P Pin=U19-AB15
Added Pin To Net: NetName=CAM_MC_N Pin=U19-AB16
Added Pin To Net: NetName=CAM_MD0_P Pin=U19-AB17
Added Pin To Net: NetName=xLASER_LVDS Pin=U19-E17
Added Pin To Net: NetName=xBiSS1_DATA Pin=U19-F13
Added Pin To Net: NetName=xBiSS2_CLK Pin=U19-F14
Added Pin To Net: NetName=xBiSS1_CLK Pin=U19-F15
Added Pin To Net: NetName=xBiSS2_DATA Pin=U19-F16
Added Pin To Net: NetName=CAM_MD3_N Pin=U19-W14
Added Pin To Net: NetName=CAM_MD2_N Pin=U19-Y13
Added Pin To Net: NetName=CAM_RES Pin=U19-Y14
Added Pin To Net: NetName=CAM_EN Pin=U19-Y16
Added Pin To Net: NetName=CAM_MCLK Pin=U19-Y17
