Added Pin To Net: NetName=DDR3_D2 Pin=U19-A1
Added Pin To Net: NetName=DDR3_D6 Pin=U19-B1
Added Pin To Net: NetName=DDR3_D4 Pin=U19-B2
Added Pin To Net: NetName=DDR3_D0 Pin=U19-C2
Added Pin To Net: NetName=DDR3_DQS0_N Pin=U19-D1
Added Pin To Net: NetName=DDR3_DM0 Pin=U19-D2
Added Pin To Net: NetName=DDR3_DQS0_P Pin=U19-E1
Added Pin To Net: NetName=DDR3_D7 Pin=U19-E2
Added Pin To Net: NetName=VTTREF Pin=U19-E3
Added Pin To Net: NetName=DDR3_D5 Pin=U19-F1
Added Pin To Net: NetName=DDR3_D3 Pin=U19-F3
Added Pin To Net: NetName=DDR3_D1 Pin=U19-G1
Added Pin To Net: NetName=DDR3_DM1 Pin=U19-G2
Added Pin To Net: NetName=DDR3_D9 Pin=U19-G3
Added Pin To Net: NetName=DDR3_D10 Pin=U19-H2
Added Pin To Net: NetName=DDR3_D8 Pin=U19-H3
Added Pin To Net: NetName=DDR3_D15 Pin=U19-H4
Added Pin To Net: NetName=DDR3_D11 Pin=U19-H5
Added Pin To Net: NetName=DDR3_D12 Pin=U19-J1
Added Pin To Net: NetName=DDR3_DQS1_N Pin=U19-J2
Added Pin To Net: NetName=DDR3_D22 Pin=U19-J4
Added Pin To Net: NetName=DDR3_D13 Pin=U19-J5
Added Pin To Net: NetName=DDR3_D19 Pin=U19-J6
Added Pin To Net: NetName=DDR3_D14 Pin=U19-K1
Added Pin To Net: NetName=DDR3_DQS1_P Pin=U19-K2
Added Pin To Net: NetName=DDR3_D20 Pin=U19-K3
Added Pin To Net: NetName=DDR3_D21 Pin=U19-K6
Added Pin To Net: NetName=DDR3_DQS2_N Pin=U19-L1
Added Pin To Net: NetName=DDR3_D18 Pin=U19-L3
Added Pin To Net: NetName=DDR3_D16 Pin=U19-L4
Added Pin To Net: NetName=DDR3_D23 Pin=U19-L5
Added Pin To Net: NetName=DDR3_DQS2_P Pin=U19-M1
Added Pin To Net: NetName=DDR3_DM2 Pin=U19-M2
Added Pin To Net: NetName=DDR3_D17 Pin=U19-M3
Added Pin To Net: NetName=DDR3_DM3 Pin=U19-M5
Added Pin To Net: NetName=DDR3_D28 Pin=U19-M6
Added Pin To Net: NetName=DDR3_D27 Pin=U19-N2
Added Pin To Net: NetName=VTTREF Pin=U19-N3
Added Pin To Net: NetName=DDR3_D25 Pin=U19-N4
Added Pin To Net: NetName=DDR3_D29 Pin=U19-N5
Added Pin To Net: NetName=DDR3_D24 Pin=U19-P1
Added Pin To Net: NetName=DDR3_D31 Pin=U19-P2
Added Pin To Net: NetName=DDR3_DQS3_N Pin=U19-P4
Added Pin To Net: NetName=DDR3_DQS3_P Pin=U19-P5
Added Pin To Net: NetName=DDR3_D30 Pin=U19-P6
Added Pin To Net: NetName=DDR3_D26 Pin=U19-R1
