Removed Pin From Net: NetName=PHY_MDIP0p Pin=X5-1
Removed Pin From Net: NetName=PHY_MDIP0n Pin=X5-2
Removed Pin From Net: NetName=PHY_MDIP1p Pin=X5-3
Removed Pin From Net: NetName=PHY_MDIP2p Pin=X5-4
Removed Pin From Net: NetName=PHY_MDIP2n Pin=X5-5
Removed Pin From Net: NetName=PHY_MDIP1n Pin=X5-6
Removed Pin From Net: NetName=PHY_MDIP3p Pin=X5-7
Removed Pin From Net: NetName=PHY_MDIP3n Pin=X5-8
Removed Pin From Net: NetName=NetR79_2 Pin=X5-10
Removed Pin From Net: NetName=+2.5V Pin=X5-11
Removed Member From Class: ClassName=Ethernet Member=X5
Change Component Footprint: Designator=X5 Old Footprint=ETH New Footprint=KLS12-TL051
Change Component Comment : Designator=X5 Old Comment=56F-1301GYD2NL New Comment=KLS12-TL051
Change component parameters: Designator = "X5" ("X5"); Footprint = "ETH"; UniqueID = "\OUIEMOZA\XWRUUUGW" ("\OUIEMOZA\XWRUUUGW")
Change component parameters (AddParameter): Name = "ClassName"; Value = ""; VariantName = "[No Variations]"
Change component parameters (AddParameter): Name = "PackageReference"; Value = ""; VariantName = "[No Variations]"
Change component parameters (AddParameter): Name = "Value"; Value = "KLS12-TL051"; VariantName = "[No Variations]"
Added Pin To Net: NetName=GND Pin=X5-4
Added Pin To Net: NetName=GND Pin=X5-5
Added Pin To Net: NetName=+2.5V Pin=X5-12
