Added Pin To Net: NetName=ADC0_D6 Pin=U19-A13
Added Pin To Net: NetName=ADC0_D7 Pin=U19-A14
Added Pin To Net: NetName=ADC0_D4 Pin=U19-A15
Added Pin To Net: NetName=ADC0_D5 Pin=U19-A16
Added Pin To Net: NetName=ADC1_D5 Pin=U19-A19
Added Pin To Net: NetName=ADC1_D13 Pin=U19-A21
Added Pin To Net: NetName=ADC0_D3 Pin=U19-B13
Added Pin To Net: NetName=ADC0_D0 Pin=U19-B15
Added Pin To Net: NetName=ADC0_D1 Pin=U19-B16
Added Pin To Net: NetName=ADC0_D8 Pin=U19-B17
Added Pin To Net: NetName=ADC0_D9 Pin=U19-B18
Added Pin To Net: NetName=ADC1_D12 Pin=U19-B21
Added Pin To Net: NetName=ADC1_D11 Pin=U19-B22
Added Pin To Net: NetName=ADC0_D2 Pin=U19-C13
Added Pin To Net: NetName=ADC0_D11 Pin=U19-C17
Added Pin To Net: NetName=ADC0_D12 Pin=U19-C18
Added Pin To Net: NetName=ADC0_D13 Pin=U19-C19
Added Pin To Net: NetName=ADC1_D9 Pin=U19-C20
Added Pin To Net: NetName=ADC1_D10 Pin=U19-C22
Added Pin To Net: NetName=ADC0_D10 Pin=U19-D17
Added Pin To Net: NetName=ADC0_D15 Pin=U19-D19
Added Pin To Net: NetName=ADC1_D8 Pin=U19-D20
Added Pin To Net: NetName=ADC1_D15 Pin=U19-D22
Added Pin To Net: NetName=ADC1_D1 Pin=U19-E18
Added Pin To Net: NetName=ADC0_D14 Pin=U19-E19
Added Pin To Net: NetName=ADC1_D14 Pin=U19-E22
Added Pin To Net: NetName=ADC1_D0 Pin=U19-F18
Added Pin To Net: NetName=ADC1_D6 Pin=U19-F19
Added Pin To Net: NetName=ADC1_D7 Pin=U19-F20
