Change Component Designator: OldDesignator=C93 NewDesignator=C97
Change Component Designator: OldDesignator=C94 NewDesignator=C98
Change Component Designator: OldDesignator=C95 NewDesignator=C99
Change Component Designator: OldDesignator=C96 NewDesignator=C100
Change Component Designator: OldDesignator=C97 NewDesignator=C101
Change Component Designator: OldDesignator=C98 NewDesignator=C102
Change Component Designator: OldDesignator=C99 NewDesignator=C103
Change Component Designator: OldDesignator=C100 NewDesignator=C104
Change Component Designator: OldDesignator=C101 NewDesignator=C105
Change Component Designator: OldDesignator=C102 NewDesignator=C106
Change Component Designator: OldDesignator=C103 NewDesignator=C107
Change Component Designator: OldDesignator=C104 NewDesignator=C108
Change Component Designator: OldDesignator=C105 NewDesignator=C109
Change Component Designator: OldDesignator=C106 NewDesignator=C110
Change Component Designator: OldDesignator=C107 NewDesignator=C111
Change Component Designator: OldDesignator=C108 NewDesignator=C112
Change Component Designator: OldDesignator=C109 NewDesignator=C113
Change Component Designator: OldDesignator=C110 NewDesignator=C114
Change Component Designator: OldDesignator=C111 NewDesignator=C115
Change Component Designator: OldDesignator=C112 NewDesignator=C116
Change Component Designator: OldDesignator=C113 NewDesignator=C117
Change Component Designator: OldDesignator=C114 NewDesignator=C118
Change Component Designator: OldDesignator=C115 NewDesignator=C119
Change Component Designator: OldDesignator=C116 NewDesignator=C120
Change Component Designator: OldDesignator=C117 NewDesignator=C121
Change Component Designator: OldDesignator=C118 NewDesignator=C122
Change Component Designator: OldDesignator=C119 NewDesignator=C123
Change Component Designator: OldDesignator=C120 NewDesignator=C124
Change Component Designator: OldDesignator=C121 NewDesignator=C125
Change Component Designator: OldDesignator=C122 NewDesignator=C126
Change Component Designator: OldDesignator=C123 NewDesignator=C127
Change Component Designator: OldDesignator=C124 NewDesignator=C128
Change Component Designator: OldDesignator=C125 NewDesignator=C129
Change Component Designator: OldDesignator=C126 NewDesignator=C130
Change Component Designator: OldDesignator=C127 NewDesignator=C131
Change Component Designator: OldDesignator=C128 NewDesignator=C132
Change Component Designator: OldDesignator=C129 NewDesignator=C133
Change Component Designator: OldDesignator=C130 NewDesignator=C134
Change Component Designator: OldDesignator=C131 NewDesignator=C135
Change Component Designator: OldDesignator=C132 NewDesignator=C136
Change Component Designator: OldDesignator=C133 NewDesignator=C137
Change Component Designator: OldDesignator=C134 NewDesignator=C138
Change Component Designator: OldDesignator=C135 NewDesignator=C139
Change Component Designator: OldDesignator=C136 NewDesignator=C140
Change Component Designator: OldDesignator=C137 NewDesignator=C141
Change Component Designator: OldDesignator=C138 NewDesignator=C142
Change Component Designator: OldDesignator=C139 NewDesignator=C143
Change Component Designator: OldDesignator=C140 NewDesignator=C144
Change Component Designator: OldDesignator=C141 NewDesignator=C145
Change Component Designator: OldDesignator=C142 NewDesignator=C146
Change Component Designator: OldDesignator=C143 NewDesignator=C147
Change Component Designator: OldDesignator=C144 NewDesignator=C148
Change Component Designator: OldDesignator=C145 NewDesignator=C149
Change Component Designator: OldDesignator=C146 NewDesignator=C150
Change Component Designator: OldDesignator=C147 NewDesignator=C151
Change Component Designator: OldDesignator=C148 NewDesignator=C152
Change Component Designator: OldDesignator=C149 NewDesignator=C153
Change Component Designator: OldDesignator=C150 NewDesignator=C154
Change Component Designator: OldDesignator=C151 NewDesignator=C155
Change Component Designator: OldDesignator=C152 NewDesignator=C156
Change Component Designator: OldDesignator=C153 NewDesignator=C157
Change Component Designator: OldDesignator=C154 NewDesignator=C158
Change Component Designator: OldDesignator=C155 NewDesignator=C159
Change Component Designator: OldDesignator=C156 NewDesignator=C160
Change Component Designator: OldDesignator=C157 NewDesignator=C161
Change Component Designator: OldDesignator=C158 NewDesignator=C162
Change Component Designator: OldDesignator=C159 NewDesignator=C163
Change Component Designator: OldDesignator=C160 NewDesignator=C164
Change Component Designator: OldDesignator=C161 NewDesignator=C165
Change Component Designator: OldDesignator=C162 NewDesignator=C166
Change Component Designator: OldDesignator=C163 NewDesignator=C167
Change Component Designator: OldDesignator=C164 NewDesignator=C168
Change Component Designator: OldDesignator=C165 NewDesignator=C169
Change Component Designator: OldDesignator=C166 NewDesignator=C170
Change Component Designator: OldDesignator=C167 NewDesignator=C171
Change Component Designator: OldDesignator=C168 NewDesignator=C172
Change Component Designator: OldDesignator=C169 NewDesignator=C173
Change Component Designator: OldDesignator=C170 NewDesignator=C174
Change Component Designator: OldDesignator=C171 NewDesignator=C175
Change Component Designator: OldDesignator=C172 NewDesignator=C176
Change Component Designator: OldDesignator=C173 NewDesignator=C177
Change Component Designator: OldDesignator=C174 NewDesignator=C178
Change Component Designator: OldDesignator=C175 NewDesignator=C179
Change Component Designator: OldDesignator=C176 NewDesignator=C180
Change Component Designator: OldDesignator=C177 NewDesignator=C181
Change Component Designator: OldDesignator=C178 NewDesignator=C182
Change Component Designator: OldDesignator=C179 NewDesignator=C183
Change Component Designator: OldDesignator=C180 NewDesignator=C184
Change Component Designator: OldDesignator=C181 NewDesignator=C185
Change Component Designator: OldDesignator=C182 NewDesignator=C186
Change Component Designator: OldDesignator=C183 NewDesignator=C187
Change Component Designator: OldDesignator=C184 NewDesignator=C188
Change Component Designator: OldDesignator=C185 NewDesignator=C189
Change Component Designator: OldDesignator=C186 NewDesignator=C190
Change Component Designator: OldDesignator=C187 NewDesignator=C191
Change Component Designator: OldDesignator=C188 NewDesignator=C192
Change Component Designator: OldDesignator=C189 NewDesignator=C193
Change Component Designator: OldDesignator=C190 NewDesignator=C194
Change Component Designator: OldDesignator=C191 NewDesignator=C195
Change Component Designator: OldDesignator=C192 NewDesignator=C196
Change Component Designator: OldDesignator=C193 NewDesignator=C197
Change Component Designator: OldDesignator=C194 NewDesignator=C198
Change Component Designator: OldDesignator=C195 NewDesignator=C199
Change Component Designator: OldDesignator=C196 NewDesignator=C200
Change Component Designator: OldDesignator=C197 NewDesignator=C201
Change Component Designator: OldDesignator=C198 NewDesignator=C202
Change Component Designator: OldDesignator=C199 NewDesignator=C203
Change Component Designator: OldDesignator=C200 NewDesignator=C204
Change Component Designator: OldDesignator=C201 NewDesignator=C205
Change Component Designator: OldDesignator=C202 NewDesignator=C206
Change Component Designator: OldDesignator=C203 NewDesignator=C207
Change Component Designator: OldDesignator=C204 NewDesignator=C208
Change Component Designator: OldDesignator=C205 NewDesignator=C209
Change Component Designator: OldDesignator=C206 NewDesignator=C210
Change Component Designator: OldDesignator=C207 NewDesignator=C211
Change Component Designator: OldDesignator=C208 NewDesignator=C212
Change Component Designator: OldDesignator=C209 NewDesignator=C213
Change Component Designator: OldDesignator=C210 NewDesignator=C214
Change Component Designator: OldDesignator=C211 NewDesignator=C215
Change Component Designator: OldDesignator=C212 NewDesignator=C216
Change Component Designator: OldDesignator=C213 NewDesignator=C217
Change Component Designator: OldDesignator=C214 NewDesignator=C218
Change Component Designator: OldDesignator=HL2 NewDesignator=HL1
Change Component Designator: OldDesignator=HL3 NewDesignator=HL2
Change Component Designator: OldDesignator=HL4 NewDesignator=HL3
Change Component Designator: OldDesignator=HL5 NewDesignator=HL4
Change Component Designator: OldDesignator=HL6 NewDesignator=HL5
Change Component Designator: OldDesignator=HL7 NewDesignator=HL6
Change Component Designator: OldDesignator=HL8 NewDesignator=HL7
Change Component Designator: OldDesignator=HL9 NewDesignator=HL8
Change Component Designator: OldDesignator=HL10 NewDesignator=HL9
Change Component Designator: OldDesignator=HL11 NewDesignator=HL10
Change Component Designator: OldDesignator=HL12 NewDesignator=HL11
Change Component Designator: OldDesignator=L6 NewDesignator=L5
Change Component Designator: OldDesignator=L7 NewDesignator=L6
Change Component Designator: OldDesignator=L8 NewDesignator=L7
Change Component Designator: OldDesignator=L9 NewDesignator=L8
Change Component Designator: OldDesignator=L10 NewDesignator=L9
Change Component Designator: OldDesignator=L11 NewDesignator=L10
Change Component Designator: OldDesignator=L12 NewDesignator=L11
Change Component Designator: OldDesignator=L13 NewDesignator=L12
Change Component Designator: OldDesignator=L14 NewDesignator=L13
Change Component Designator: OldDesignator=L15 NewDesignator=L14
Change Component Designator: OldDesignator=L16 NewDesignator=L15
Change Component Designator: OldDesignator=R65 NewDesignator=R64
Change Component Designator: OldDesignator=R66 NewDesignator=R65
Change Component Designator: OldDesignator=R67 NewDesignator=R66
Change Component Designator: OldDesignator=R68 NewDesignator=R67
Change Component Designator: OldDesignator=R69 NewDesignator=R68
Change Component Designator: OldDesignator=R70 NewDesignator=R69
Change Component Designator: OldDesignator=R71 NewDesignator=R70
Change Component Designator: OldDesignator=R72 NewDesignator=R71
Change Component Designator: OldDesignator=R73 NewDesignator=R72
Change Component Designator: OldDesignator=R74 NewDesignator=R73
Change Component Designator: OldDesignator=R75 NewDesignator=R74
Change Component Designator: OldDesignator=R76 NewDesignator=R75
Change Component Designator: OldDesignator=R77 NewDesignator=R76
Change Component Designator: OldDesignator=R78 NewDesignator=R77
Change Component Designator: OldDesignator=R79 NewDesignator=R78
Change Component Designator: OldDesignator=R80 NewDesignator=R79
Change Component Designator: OldDesignator=R81 NewDesignator=R80
Change Component Designator: OldDesignator=R82 NewDesignator=R81
Change Component Designator: OldDesignator=R83 NewDesignator=R82
Change Component Designator: OldDesignator=R84 NewDesignator=R83
Change Component Designator: OldDesignator=R85 NewDesignator=R84
Change Component Designator: OldDesignator=R86 NewDesignator=R85
Change Component Designator: OldDesignator=R87 NewDesignator=R86
Change Component Designator: OldDesignator=R88 NewDesignator=R87
Change Component Designator: OldDesignator=R89 NewDesignator=R88
Change Component Designator: OldDesignator=R90 NewDesignator=R89
Change Component Designator: OldDesignator=R91 NewDesignator=R90
Change Component Designator: OldDesignator=R92 NewDesignator=R91
Change Component Designator: OldDesignator=R93 NewDesignator=R92
Change Component Designator: OldDesignator=R94 NewDesignator=R93
Change Component Designator: OldDesignator=R95 NewDesignator=R94
Change Component Designator: OldDesignator=R96 NewDesignator=R95
Change Component Designator: OldDesignator=R97 NewDesignator=R96
Change Component Designator: OldDesignator=R98 NewDesignator=R97
Change Component Designator: OldDesignator=R99 NewDesignator=R98
Change Component Designator: OldDesignator=R100 NewDesignator=R99
Change Component Designator: OldDesignator=R101 NewDesignator=R100
Change Component Designator: OldDesignator=R102 NewDesignator=R101
Change Component Designator: OldDesignator=R103 NewDesignator=R102
Change Component Designator: OldDesignator=R104 NewDesignator=R103
Change Component Designator: OldDesignator=R105 NewDesignator=R104
Change Component Designator: OldDesignator=R106 NewDesignator=R105
Change Component Designator: OldDesignator=R107 NewDesignator=R106
Change Component Designator: OldDesignator=R108 NewDesignator=R107
Change Component Designator: OldDesignator=R109 NewDesignator=R108
Change Component Designator: OldDesignator=R110 NewDesignator=R109
Change Component Designator: OldDesignator=R111 NewDesignator=R110
Change Component Designator: OldDesignator=R112 NewDesignator=R111
Change Component Designator: OldDesignator=R113 NewDesignator=R112
Change Component Designator: OldDesignator=R114 NewDesignator=R113
Change Component Designator: OldDesignator=R115 NewDesignator=R114
Change Component Designator: OldDesignator=R116 NewDesignator=R115
Change Component Designator: OldDesignator=R117 NewDesignator=R116
Change Component Designator: OldDesignator=R118 NewDesignator=R117
Change Component Designator: OldDesignator=R119 NewDesignator=R118
Change Component Designator: OldDesignator=R120 NewDesignator=R119
Change Component Designator: OldDesignator=R121 NewDesignator=R120
Change Component Designator: OldDesignator=R122 NewDesignator=R121
Change Component Designator: OldDesignator=R123 NewDesignator=R122
Change Component Designator: OldDesignator=R124 NewDesignator=R123
Change Component Designator: OldDesignator=R125 NewDesignator=R124
Change Component Designator: OldDesignator=R126 NewDesignator=R125
Change Component Designator: OldDesignator=R127 NewDesignator=R126
Change Component Designator: OldDesignator=R128 NewDesignator=R127
Change Component Designator: OldDesignator=R129 NewDesignator=R128
Change Component Designator: OldDesignator=R130 NewDesignator=R129
Change Component Designator: OldDesignator=R131 NewDesignator=R130
Change Component Designator: OldDesignator=R132 NewDesignator=R131
Change Component Designator: OldDesignator=R133 NewDesignator=R132
Change Component Designator: OldDesignator=R134 NewDesignator=R133
Change Component Designator: OldDesignator=R135 NewDesignator=R134
Change Component Designator: OldDesignator=R136 NewDesignator=R135
Change Component Designator: OldDesignator=R137 NewDesignator=R136
Change Component Designator: OldDesignator=R138 NewDesignator=R137
Change Component Designator: OldDesignator=R139 NewDesignator=R138
Change Component Designator: OldDesignator=R140 NewDesignator=R139
Change Component Designator: OldDesignator=R141 NewDesignator=R140
Change Component Designator: OldDesignator=R142 NewDesignator=R141
Change Component Designator: OldDesignator=R143 NewDesignator=R142
Change Component Designator: OldDesignator=R144 NewDesignator=R143
Change Component Designator: OldDesignator=R145 NewDesignator=R144
Change Component Designator: OldDesignator=R146 NewDesignator=R145
Change Component Designator: OldDesignator=R147 NewDesignator=R146
Change Component Designator: OldDesignator=R148 NewDesignator=R147
Change Component Designator: OldDesignator=R149 NewDesignator=R148
Change Component Designator: OldDesignator=R150 NewDesignator=R149
Change Component Designator: OldDesignator=R151 NewDesignator=R150
Change Component Designator: OldDesignator=R152 NewDesignator=R151
Change Component Designator: OldDesignator=R153 NewDesignator=R152
Change Component Designator: OldDesignator=R154 NewDesignator=R153
Change Component Designator: OldDesignator=R155 NewDesignator=R154
Change Component Designator: OldDesignator=R156 NewDesignator=R155
Change Component Designator: OldDesignator=R157 NewDesignator=R156
Change Component Designator: OldDesignator=R158 NewDesignator=R157
Change Component Designator: OldDesignator=R159 NewDesignator=R158
Change Component Designator: OldDesignator=R160 NewDesignator=R159
Change Component Designator: OldDesignator=R161 NewDesignator=R160
Change Component Designator: OldDesignator=R162 NewDesignator=R161
Change Component Designator: OldDesignator=R163 NewDesignator=R162
Change Component Designator: OldDesignator=R164 NewDesignator=R163
Change Component Designator: OldDesignator=R165 NewDesignator=R164
Change Component Designator: OldDesignator=R166 NewDesignator=R165
Change Component Designator: OldDesignator=R167 NewDesignator=R166
Change Component Designator: OldDesignator=R168 NewDesignator=R167
Change Component Designator: OldDesignator=R169 NewDesignator=R168
Change Component Designator: OldDesignator=R170 NewDesignator=R169
Change Component Designator: OldDesignator=R171 NewDesignator=R170
Change Component Designator: OldDesignator=R172 NewDesignator=R171
Change Component Designator: OldDesignator=R173 NewDesignator=R172
Change Component Designator: OldDesignator=R174 NewDesignator=R173
Change Component Designator: OldDesignator=R175 NewDesignator=R174
Change Component Designator: OldDesignator=R176 NewDesignator=R175
Change Component Designator: OldDesignator=R177 NewDesignator=R176
Change Component Designator: OldDesignator=R178 NewDesignator=R177
Change Component Designator: OldDesignator=R179 NewDesignator=R178
Change Component Designator: OldDesignator=R180 NewDesignator=R179
Change Component Designator: OldDesignator=R181 NewDesignator=R180
Change Component Designator: OldDesignator=R182 NewDesignator=R181
Change Component Designator: OldDesignator=R183 NewDesignator=R182
Change Component Designator: OldDesignator=R184 NewDesignator=R183
Change Component Designator: OldDesignator=R185 NewDesignator=R184
Change Component Designator: OldDesignator=R186 NewDesignator=R185
Change Component Designator: OldDesignator=R187 NewDesignator=R186
Change Component Designator: OldDesignator=R188 NewDesignator=R187
Change Component Designator: OldDesignator=R189 NewDesignator=R188
Change Component Designator: OldDesignator=R190 NewDesignator=R189
Change Component Designator: OldDesignator=R191 NewDesignator=R190
Change Component Designator: OldDesignator=R192 NewDesignator=R191
Change Component Designator: OldDesignator=R193 NewDesignator=R192
Change Component Designator: OldDesignator=R194 NewDesignator=R193
Change Component Designator: OldDesignator=R195 NewDesignator=R194
Change Component Designator: OldDesignator=R196 NewDesignator=R195
Change Component Designator: OldDesignator=R197 NewDesignator=R196
Change Component Designator: OldDesignator=R198 NewDesignator=R197
Change Component Designator: OldDesignator=R199 NewDesignator=R198
Change Component Designator: OldDesignator=R200 NewDesignator=R199
Change Component Designator: OldDesignator=R201 NewDesignator=R200
Change Component Designator: OldDesignator=R202 NewDesignator=R201
Change Component Designator: OldDesignator=R203 NewDesignator=R202
Change Component Designator: OldDesignator=R204 NewDesignator=R203
Change Component Designator: OldDesignator=R205 NewDesignator=R204
Change Component Designator: OldDesignator=R206 NewDesignator=R205
Added Component: Designator=C93(C0402)
Add component (AddParameter): Name = "ClassName"; Value = "Xilinx PWR"; VariantName = "[No Variations]"
Add component (AddParameter): Name = "PackageReference"; Value = "0402"; VariantName = "[No Variations]"
Add component (AddParameter): Name = "Precision"; Value = ""; VariantName = "[No Variations]"
Add component (AddParameter): Name = "VALUE"; Value = "0.1uF"; VariantName = "[No Variations]"
Add component (AddParameter): Name = "Voltage"; Value = "10V"; VariantName = "[No Variations]"
Added Component: Designator=C94(C0402)
Add component (AddParameter): Name = "ClassName"; Value = "Xilinx PWR"; VariantName = "[No Variations]"
Add component (AddParameter): Name = "PackageReference"; Value = "0402"; VariantName = "[No Variations]"
Add component (AddParameter): Name = "Precision"; Value = ""; VariantName = "[No Variations]"
Add component (AddParameter): Name = "VALUE"; Value = "0.1uF"; VariantName = "[No Variations]"
Add component (AddParameter): Name = "Voltage"; Value = "10V"; VariantName = "[No Variations]"
Added Component: Designator=C95(C0402)
Add component (AddParameter): Name = "ClassName"; Value = "Xilinx PWR"; VariantName = "[No Variations]"
Add component (AddParameter): Name = "PackageReference"; Value = "0402"; VariantName = "[No Variations]"
Add component (AddParameter): Name = "Precision"; Value = ""; VariantName = "[No Variations]"
Add component (AddParameter): Name = "VALUE"; Value = "0.1uF"; VariantName = "[No Variations]"
Add component (AddParameter): Name = "Voltage"; Value = "10V"; VariantName = "[No Variations]"
Added Component: Designator=C96(C0805)
Add component (AddParameter): Name = "ClassName"; Value = "Power1.5"; VariantName = "[No Variations]"
Add component (AddParameter): Name = "PackageReference"; Value = "0805"; VariantName = "[No Variations]"
Add component (AddParameter): Name = "Precision"; Value = ""; VariantName = "[No Variations]"
Add component (AddParameter): Name = "VALUE"; Value = "10uF"; VariantName = "[No Variations]"
Add component (AddParameter): Name = "Voltage"; Value = "25V"; VariantName = "[No Variations]"
Added Pin To Net: NetName=VIO_EXT Pin=C93-1
Added Pin To Net: NetName=VIO_EXT Pin=C94-1
Added Pin To Net: NetName=VIO_EXT Pin=C95-1
Added Pin To Net: NetName=VIO_EXT Pin=C96-1
Change Net Name : Old Net Name=NetC93_1 New Net Name=NetC97_1
Change Net Name : Old Net Name=NetC94_1 New Net Name=NetC98_1
Change Net Name : Old Net Name=NetC95_1 New Net Name=NetC99_1
Change Net Name : Old Net Name=NetC96_1 New Net Name=NetC100_1
Change Net Name : Old Net Name=NetC99_1 New Net Name=NetC103_1
Change Net Name : Old Net Name=NetC99_2 New Net Name=NetC103_2
Change Net Name : Old Net Name=NetC100_1 New Net Name=NetC104_1
Change Net Name : Old Net Name=NetC102_1 New Net Name=NetC106_1
Change Net Name : Old Net Name=NetC105_1 New Net Name=NetC109_1
Change Net Name : Old Net Name=NetC106_2 New Net Name=NetC110_2
Change Net Name : Old Net Name=NetC107_2 New Net Name=NetC111_2
Change Net Name : Old Net Name=NetC108_2 New Net Name=NetC112_2
Change Net Name : Old Net Name=NetC111_1 New Net Name=NetC115_1
Change Net Name : Old Net Name=NetC111_2 New Net Name=NetC115_2
Change Net Name : Old Net Name=NetC112_1 New Net Name=NetC116_1
Change Net Name : Old Net Name=NetC114_1 New Net Name=NetC118_1
Change Net Name : Old Net Name=NetC117_1 New Net Name=NetC121_1
Change Net Name : Old Net Name=NetC119_2 New Net Name=NetC123_2
Change Net Name : Old Net Name=NetC120_2 New Net Name=NetC124_2
Change Net Name : Old Net Name=NetC121_2 New Net Name=NetC125_2
Change Net Name : Old Net Name=NetC124_1 New Net Name=NetC128_1
Change Net Name : Old Net Name=NetC126_1 New Net Name=NetC130_1
Change Net Name : Old Net Name=NetC129_1 New Net Name=NetC133_1
Change Net Name : Old Net Name=NetC131_1 New Net Name=NetC135_1
Change Net Name : Old Net Name=NetC134_1 New Net Name=NetC138_1
Change Net Name : Old Net Name=NetC136_1 New Net Name=NetC140_1
Change Net Name : Old Net Name=NetC139_1 New Net Name=NetC143_1
Change Net Name : Old Net Name=NetC140_1 New Net Name=NetC144_1
Change Net Name : Old Net Name=NetC145_1 New Net Name=NetC149_1
Change Net Name : Old Net Name=NetC151_2 New Net Name=NetC155_2
Change Net Name : Old Net Name=NetC152_1 New Net Name=NetC156_1
Change Net Name : Old Net Name=NetHL2_2 New Net Name=NetHL1_2
Change Net Name : Old Net Name=NetHL3_2 New Net Name=NetHL2_2
Change Net Name : Old Net Name=NetHL4_2 New Net Name=NetHL3_2
Change Net Name : Old Net Name=NetHL5_2 New Net Name=NetHL4_2
Change Net Name : Old Net Name=NetHL6_2 New Net Name=NetHL5_2
Change Net Name : Old Net Name=NetHL7_2 New Net Name=NetHL6_2
Change Net Name : Old Net Name=NetHL8_2 New Net Name=NetHL7_2
Change Net Name : Old Net Name=NetHL9_1 New Net Name=NetHL8_1
Change Net Name : Old Net Name=NetHL10_1 New Net Name=NetHL9_1
Change Net Name : Old Net Name=NetHL11_2 New Net Name=NetHL10_2
Change Net Name : Old Net Name=NetHL12_2 New Net Name=NetHL11_2
Change Net Name : Old Net Name=NetL7_2 New Net Name=NetL6_2
Change Net Name : Old Net Name=NetL8_2 New Net Name=NetL7_2
Change Net Name : Old Net Name=NetL10_2 New Net Name=NetL9_2
Change Net Name : Old Net Name=NetL12_2 New Net Name=NetL11_2
Change Net Name : Old Net Name=NetL13_2 New Net Name=NetL12_2
Change Net Name : Old Net Name=NetL14_2 New Net Name=NetL13_2
Change Net Name : Old Net Name=NetR66_1 New Net Name=NetR65_1
Change Net Name : Old Net Name=NetR67_2 New Net Name=NetR66_2
Change Net Name : Old Net Name=NetR68_1 New Net Name=NetR67_1
Change Net Name : Old Net Name=NetR79_2 New Net Name=NetR78_2
Change Net Name : Old Net Name=NetR80_2 New Net Name=NetR79_2
Change Net Name : Old Net Name=NetR96_1 New Net Name=NetR95_1
Change Net Name : Old Net Name=NetR97_2 New Net Name=NetR96_2
Change Net Name : Old Net Name=NetR100_1 New Net Name=NetR99_1
Change Net Name : Old Net Name=NetR101_1 New Net Name=NetR100_1
Change Net Name : Old Net Name=NetR102_1 New Net Name=NetR101_1
Change Net Name : Old Net Name=NetR105_1 New Net Name=NetR104_1
Change Net Name : Old Net Name=NetR110_1 New Net Name=NetR109_1
Change Net Name : Old Net Name=NetR111_1 New Net Name=NetR110_1
Change Net Name : Old Net Name=NetR112_1 New Net Name=NetR111_1
Change Net Name : Old Net Name=NetR115_1 New Net Name=NetR114_1
Change Net Name : Old Net Name=NetR116_1 New Net Name=NetR115_1
Change Net Name : Old Net Name=NetR117_1 New Net Name=NetR116_1
Change Net Name : Old Net Name=NetR118_1 New Net Name=NetR117_1
Change Net Name : Old Net Name=NetR119_1 New Net Name=NetR118_1
Change Net Name : Old Net Name=NetR120_1 New Net Name=NetR119_1
Change Net Name : Old Net Name=NetR125_2 New Net Name=NetR124_2
Change Net Name : Old Net Name=NetR126_2 New Net Name=NetR125_2
Change Net Name : Old Net Name=NetR129_2 New Net Name=NetR128_2
Change Net Name : Old Net Name=NetR131_1 New Net Name=NetR130_1
Change Net Name : Old Net Name=NetR134_2 New Net Name=NetR133_2
Change Net Name : Old Net Name=NetR137_2 New Net Name=NetR136_2
Change Net Name : Old Net Name=NetR138_2 New Net Name=NetR137_2
Change Net Name : Old Net Name=NetR142_1 New Net Name=NetR141_1
Change Net Name : Old Net Name=NetR144_2 New Net Name=NetR143_2
Change Net Name : Old Net Name=NetR147_2 New Net Name=NetR146_2
Change Net Name : Old Net Name=NetR148_2 New Net Name=NetR147_2
Change Net Name : Old Net Name=NetR151_1 New Net Name=NetR150_1
Change Net Name : Old Net Name=NetR152_2 New Net Name=NetR151_2
Change Net Name : Old Net Name=NetR154_2 New Net Name=NetR153_2
Change Net Name : Old Net Name=NetR158_2 New Net Name=NetR157_2
Change Net Name : Old Net Name=NetR160_2 New Net Name=NetR159_2
Change Net Name : Old Net Name=NetR162_2 New Net Name=NetR161_2
Change Net Name : Old Net Name=NetR163_2 New Net Name=NetR162_2
Change Net Name : Old Net Name=NetR164_1 New Net Name=NetR163_1
Change Net Name : Old Net Name=NetR187_1 New Net Name=NetR186_1
Change Net Name : Old Net Name=NetR194_2 New Net Name=NetR193_2
Change Net Name : Old Net Name=NetR200_1 New Net Name=NetR199_1
Added Pin To Net: NetName=NetC93_2 Pin=C93-2
Added Pin To Net: NetName=NetC93_2 Pin=C94-2
Added Pin To Net: NetName=NetC93_2 Pin=C95-2
Added Pin To Net: NetName=NetC93_2 Pin=C96-2
Added Net: Name=NetC93_2
Added Member To Class: ClassName=Xilinx PWR Member=Component C93 Cap
Added Member To Class: ClassName=Xilinx PWR Member=Component C94 Cap
Added Member To Class: ClassName=Xilinx PWR Member=Component C95 Cap
Added Member To Class: ClassName=Power1.5 Member=Component C96 Cap
