Removed Pin From Net: NetName=CAM_EN Pin=U19-AA18
Removed Pin From Net: NetName=CAM_RES Pin=U19-AB18
Removed Pin From Net: NetName=CAM_MC_P Pin=U19-U17
Removed Pin From Net: NetName=CAM_MC_N Pin=U19-U18
Removed Pin From Net: NetName=CAM_MD0_P Pin=U19-U20
Removed Pin From Net: NetName=FSTROBE Pin=U19-V17
Removed Pin From Net: NetName=CAM_MD3_P Pin=U19-V18
Removed Pin From Net: NetName=CAM_MD3_N Pin=U19-V19
Removed Pin From Net: NetName=CAM_MD0_N Pin=U19-V20
Removed Pin From Net: NetName=CAM_MCLK Pin=U19-W17
Removed Pin From Net: NetName=CAM_MD1_P Pin=U19-W19
Removed Pin From Net: NetName=CAM_MD1_N Pin=U19-W20
Removed Pin From Net: NetName=xLASER_LVDS Pin=U19-Y12
Removed Pin From Net: NetName=CAM_MD2_P Pin=U19-Y18
Removed Pin From Net: NetName=CAM_MD2_N Pin=U19-Y19
Added Pin To Net: NetName=CAM_MD1_P Pin=U19-T14
Added Pin To Net: NetName=CAM_MD1_N Pin=U19-T15
Added Pin To Net: NetName=CAM_MD3_P Pin=U19-T16
Added Pin To Net: NetName=CAM_MD0_P Pin=U19-U15
Added Pin To Net: NetName=CAM_MD3_N Pin=U19-U16
Added Pin To Net: NetName=CAM_MC_P Pin=U19-V13
Added Pin To Net: NetName=CAM_MC_N Pin=U19-V14
Added Pin To Net: NetName=CAM_MD0_N Pin=U19-V15
Added Pin To Net: NetName=CAM_EN Pin=U19-W11
Added Pin To Net: NetName=CAM_RES Pin=U19-W12
Added Pin To Net: NetName=CAM_MD2_P Pin=U19-W15
Added Pin To Net: NetName=CAM_MD2_N Pin=U19-W16
Added Pin To Net: NetName=xLASER_LVDS Pin=U19-W22
Added Pin To Net: NetName=FSTROBE Pin=U19-Y11
Added Pin To Net: NetName=CAM_MCLK Pin=U19-Y12
