Removed Member From Class: ClassName=Ethernet Member=C99
Removed Member From Class: ClassName=Ethernet Member=C105
Removed Member From Class: ClassName=Xilinx PWR Member=C105
Removed Member From Class: ClassName=Ethernet Member=C114
Removed Member From Class: ClassName=Power1.0 Member=C114
Removed Member From Class: ClassName=UART_USB Member=C114
Removed Member From Class: ClassName=Xilinx PWR Member=C114
Removed Member From Class: ClassName=UART_USB Member=C117
Removed Member From Class: ClassName=Power3.3 Member=C120
Removed Member From Class: ClassName=Power1.0 Member=C138
Removed Member From Class: ClassName=Power1.5 Member=C138
Removed Member From Class: ClassName=Power1.8 Member=C138
Removed Member From Class: ClassName=Power2.5 Member=C144
Removed Member From Class: ClassName=Power5.0 Member=C152
Removed Member From Class: ClassName=Power33cam Member=C152
Removed Member From Class: ClassName=Power1.5 Member=C163
Removed Member From Class: ClassName=Power1.8 Member=C163
Removed Member From Class: ClassName=Power2.5 Member=C163
Removed Member From Class: ClassName=Power5.0 Member=C163
Removed Member From Class: ClassName=Power33cam Member=C163
Removed Member From Class: ClassName=Xilinx PWR Member=C163
Removed Member From Class: ClassName=SystemCLK Member=C166
Removed Member From Class: ClassName=Xilinx DDR Member=C166
Removed Member From Class: ClassName=UART_USB Member=TP19
Removed Member From Class: ClassName=Power1.0 Member=TP24
Removed Member From Class: ClassName=Power1.5 Member=TP25
Removed Member From Class: ClassName=Power1.8 Member=TP28
Removed Member From Class: ClassName=Power5.0 Member=TP31
Added Pin To Net: NetName=PHY_RXD0 Pin=U20-G18
Added Pin To Net: NetName=PHY_TXC Pin=U20-H17
Added Pin To Net: NetName=PHY_TXD0 Pin=U20-H18
Added Pin To Net: NetName=PHY_RXD2 Pin=U20-H19
Added Pin To Net: NetName=PHY_TXD3 Pin=U20-H20
Added Pin To Net: NetName=PHY_TXD2 Pin=U20-H22
Added Pin To Net: NetName=PHY_RXD1 Pin=U20-J14
Added Pin To Net: NetName=PHY_TXD1 Pin=U20-J22
Added Pin To Net: NetName=PHY_TX_EN Pin=U20-K21
Added Pin To Net: NetName=PHY_RXC Pin=U20-K22
Added Pin To Net: NetName=PHY_RX_DV Pin=U20-L21
Added Pin To Net: NetName=PHY_RXD3 Pin=U20-N22
Added Member To Class: ClassName=Ethernet Member=Component C86 Cap
Added Member To Class: ClassName=Ethernet Member=Component C87 Cap
Added Member To Class: ClassName=Ethernet Member=Component C88 Cap
Added Member To Class: ClassName=Ethernet Member=Component C89 Cap
Added Member To Class: ClassName=Ethernet Member=Component C90 Cap
Added Member To Class: ClassName=Ethernet Member=Component C93 Cap
Added Member To Class: ClassName=Ethernet Member=Component C94 Cap
Added Member To Class: ClassName=Ethernet Member=Component C95 Cap
Added Member To Class: ClassName=Xilinx PWR Member=Component C96 Cap
Added Member To Class: ClassName=Ethernet Member=Component C97 Cap
Added Member To Class: ClassName=Ethernet Member=Component C98 Cap
Added Member To Class: ClassName=Ethernet Member=Component C100 Cap
Added Member To Class: ClassName=Ethernet Member=Component C101 Cap
Added Member To Class: ClassName=Xilinx PWR Member=Component C102 Cap
Added Member To Class: ClassName=Xilinx PWR Member=Component C103 Cap
Added Member To Class: ClassName=Xilinx PWR Member=Component C104 Cap
Added Member To Class: ClassName=UART_USB Member=Component C106 Cap
Added Member To Class: ClassName=UART_USB Member=Component C107 Cap
Added Member To Class: ClassName=UART_USB Member=Component C108 Cap
Added Member To Class: ClassName=UART_USB Member=Component C109 Cap
Added Member To Class: ClassName=UART_USB Member=Component C110 Cap
Added Member To Class: ClassName=UART_USB Member=Component C111 Cap
Added Member To Class: ClassName=Power1.0 Member=Component C112 Cap
Added Member To Class: ClassName=Power3.3 Member=Component C113 Cap
Added Member To Class: ClassName=Power3.3 Member=Component C115 Cap
Added Member To Class: ClassName=Power3.3 Member=Component C116 Cap
Added Member To Class: ClassName=Power1.0 Member=Component C118 Cap
Added Member To Class: ClassName=Power1.0 Member=Component C119 Cap
Added Member To Class: ClassName=Power1.0 Member=Component C121 Cap
Added Member To Class: ClassName=Power1.0 Member=Component C122 Cap
Added Member To Class: ClassName=Power1.8 Member=Component C124 Cap
Added Member To Class: ClassName=Power1.5 Member=Component C125 Cap
Added Member To Class: ClassName=Power1.5 Member=Component C126 Cap
Added Member To Class: ClassName=Power1.5 Member=Component C127 Cap
Added Member To Class: ClassName=Power1.5 Member=Component C128 Cap
Added Member To Class: ClassName=Power1.5 Member=Component C129 Cap
Added Member To Class: ClassName=Power1.8 Member=Component C130 Cap
Added Member To Class: ClassName=Power1.8 Member=Component C132 Cap
Added Member To Class: ClassName=Power1.8 Member=Component C133 Cap
Added Member To Class: ClassName=Power1.8 Member=Component C134 Cap
Added Member To Class: ClassName=Power1.8 Member=Component C135 Cap
Added Member To Class: ClassName=Power1.8 Member=Component C136 Cap
Added Member To Class: ClassName=Power2.5 Member=Component C137 Cap
Added Member To Class: ClassName=Power2.5 Member=Component C139 Cap
Added Member To Class: ClassName=Power2.5 Member=Component C140 Cap
Added Member To Class: ClassName=Power2.5 Member=Component C141 Cap
Added Member To Class: ClassName=Power33cam Member=Component C142 Cap
Added Member To Class: ClassName=Power33cam Member=Component C143 Cap
Added Member To Class: ClassName=Power33cam Member=Component C145 Cap
Added Member To Class: ClassName=Power33cam Member=Component C146 Cap
Added Member To Class: ClassName=Power5.0 Member=Component C147 Cap
Added Member To Class: ClassName=Power5.0 Member=Component C148 Cap
Added Member To Class: ClassName=Power5.0 Member=Component C149 Cap
Added Member To Class: ClassName=Power5.0 Member=Component C150 Cap
Added Member To Class: ClassName=Power5.0 Member=Component C151 Cap
Added Member To Class: ClassName=SystemCLK Member=Component C153 Cap
Added Member To Class: ClassName=Xilinx PWR Member=Component C154 Cap
Added Member To Class: ClassName=SystemCLK Member=Component C155 Cap
Added Member To Class: ClassName=Xilinx PWR Member=Component C156 Cap
Added Member To Class: ClassName=SystemCLK Member=Component C157 Cap
Added Member To Class: ClassName=Xilinx DDR Member=Component C158 Cap
Added Member To Class: ClassName=Xilinx PWR Member=Component C159 Cap
Added Member To Class: ClassName=Xilinx DDR Member=Component C160 Cap
Added Member To Class: ClassName=Xilinx PWR Member=Component C161 Cap
Added Member To Class: ClassName=Xilinx DDR Member=Component C162 Cap
Added Member To Class: ClassName=SystemCLK Member=Component C164 Cap
Added Member To Class: ClassName=Xilinx PWR Member=Component C165 Cap
Added Member To Class: ClassName=Xilinx PWR Member=Component C167 Cap
Added Member To Class: ClassName=Xilinx PWR Member=Component C168 Cap
Added Member To Class: ClassName=Xilinx PWR Member=Component C169 Cap
Added Member To Class: ClassName=Xilinx PWR Member=Component C170 Cap
Added Member To Class: ClassName=Xilinx PWR Member=Component C171 Cap
Added Member To Class: ClassName=Xilinx PWR Member=Component C172 Cap
Added Member To Class: ClassName=Xilinx PWR Member=Component C173 Cap
Added Member To Class: ClassName=Xilinx PWR Member=Component C174 Cap
Added Member To Class: ClassName=Xilinx PWR Member=Component C175 Cap
Added Member To Class: ClassName=Xilinx PWR Member=Component C176 Cap
Added Member To Class: ClassName=Xilinx PWR Member=Component C177 Cap
Added Member To Class: ClassName=Xilinx PWR Member=Component C178 Cap
Added Member To Class: ClassName=Xilinx PWR Member=Component C179 Cap
Added Member To Class: ClassName=Xilinx PWR Member=Component C180 Cap
Added Member To Class: ClassName=Xilinx PWR Member=Component C182 Cap
Added Member To Class: ClassName=Xilinx PWR Member=Component C183 Cap
Added Member To Class: ClassName=Xilinx PWR Member=Component C184 Cap
Added Member To Class: ClassName=Xilinx PWR Member=Component C185 Cap
Added Member To Class: ClassName=Xilinx PWR Member=Component C186 Cap
Added Member To Class: ClassName=Xilinx PWR Member=Component C187 Cap
Added Member To Class: ClassName=Xilinx PWR Member=Component C188 Cap
Added Member To Class: ClassName=Xilinx PWR Member=Component C189 Cap
Added Member To Class: ClassName=Xilinx PWR Member=Component C190 Cap
Added Member To Class: ClassName=Xilinx PWR Member=Component C191 Cap
Added Member To Class: ClassName=Xilinx PWR Member=Component C192 Cap
Added Member To Class: ClassName=Xilinx PWR Member=Component C193 Cap
Added Member To Class: ClassName=Xilinx PWR Member=Component C194 Cap
Added Member To Class: ClassName=Xilinx PWR Member=Component C195 Cap
Added Member To Class: ClassName=Xilinx PWR Member=Component C196 Cap
Added Member To Class: ClassName=Xilinx PWR Member=Component C197 Cap
Added Member To Class: ClassName=Xilinx PWR Member=Component C199 Cap
Added Member To Class: ClassName=Xilinx PWR Member=Component C200 Cap
Added Member To Class: ClassName=Xilinx PWR Member=Component C201 Cap
Added Member To Class: ClassName=Xilinx PWR Member=Component C202 Cap
Added Member To Class: ClassName=Xilinx PWR Member=Component C203 Cap
Added Member To Class: ClassName=Xilinx PWR Member=Component C204 Cap
Added Member To Class: ClassName=Xilinx PWR Member=Component C205 Cap
Added Member To Class: ClassName=Xilinx PWR Member=Component C206 Cap
Added Member To Class: ClassName=Xilinx PWR Member=Component C207 Cap
Added Member To Class: ClassName=Xilinx PWR Member=Component C208 Cap
Added Member To Class: ClassName=Xilinx PWR Member=Component C209 Cap
Added Member To Class: ClassName=Xilinx PWR Member=Component C210 Cap
Added Member To Class: ClassName=Xilinx PWR Member=Component C211 Cap
Added Member To Class: ClassName=Xilinx PWR Member=Component C212 Cap
Added Member To Class: ClassName=Xilinx PWR Member=Component C214 Cap
Added Member To Class: ClassName=Xilinx PWR Member=Component C215 Cap
Added Member To Class: ClassName=Xilinx PWR Member=Component C216 Cap
Added Member To Class: ClassName=Xilinx PWR Member=Component C217 Cap
Added Member To Class: ClassName=Xilinx PWR Member=Component C218 Cap
Added Member To Class: ClassName=Xilinx PWR Member=Component C219 Cap
Added Member To Class: ClassName=Xilinx PWR Member=Component C220 Cap
Added Member To Class: ClassName=Xilinx PWR Member=Component C221 Cap
Added Member To Class: ClassName=Xilinx PWR Member=Component C222 Cap
Added Member To Class: ClassName=Xilinx PWR Member=Component C223 Cap
Added Member To Class: ClassName=Xilinx PWR Member=Component C224 Cap
Added Member To Class: ClassName=Xilinx PWR Member=Component C225 Cap
Added Member To Class: ClassName=Xilinx DDR Member=Component R166 Res2
Added Member To Class: ClassName=Xilinx DDR Member=Component R170 Res2
Added Member To Class: ClassName=Xilinx DDR Member=Component R172 Res2
Added Member To Class: ClassName=Ethernet Member=Component TP12
Added Member To Class: ClassName=Ethernet Member=Component TP13
Added Member To Class: ClassName=Ethernet Member=Component TP14
Added Member To Class: ClassName=Ethernet Member=Component TP17
Added Member To Class: ClassName=Ethernet Member=Component TP19
Added Member To Class: ClassName=Ethernet Member=Component TP20
Added Member To Class: ClassName=UART_USB Member=Component TP21
Added Member To Class: ClassName=Power1.0 Member=Component TP26
Added Member To Class: ClassName=Power1.5 Member=Component TP27
Added Member To Class: ClassName=Power1.8 Member=Component TP30
Added Member To Class: ClassName=Power5.0 Member=Component TP33
