Removed Pin From Net: NetName=xCAM_SCL Pin=R107_1-1
Removed Pin From Net: NetName=+1.5V Pin=R107_1-2
Removed Pin From Net: NetName=xCAM_SDA Pin=R108_1-1
Removed Pin From Net: NetName=+1.5V Pin=R108_1-2
Change Component Designator: OldDesignator=C77 NewDesignator=C82
Change Component Designator: OldDesignator=C78 NewDesignator=C83
Change Component Designator: OldDesignator=C79 NewDesignator=C84
Change Component Designator: OldDesignator=C80 NewDesignator=C85
Change Component Designator: OldDesignator=C81 NewDesignator=C86
Change Component Designator: OldDesignator=C82 NewDesignator=C87
Change Component Designator: OldDesignator=C83 NewDesignator=C88
Change Component Designator: OldDesignator=C84 NewDesignator=C89
Change Component Designator: OldDesignator=C85 NewDesignator=C90
Change Component Designator: OldDesignator=C86 NewDesignator=C91
Change Component Designator: OldDesignator=C87 NewDesignator=C92
Change Component Designator: OldDesignator=C88 NewDesignator=C93
Change Component Designator: OldDesignator=C89 NewDesignator=C94
Change Component Designator: OldDesignator=C90 NewDesignator=C95
Change Component Designator: OldDesignator=C91 NewDesignator=C96
Change Component Designator: OldDesignator=C92 NewDesignator=C97
Change Component Designator: OldDesignator=C93 NewDesignator=C98
Change Component Designator: OldDesignator=C94 NewDesignator=C99
Change Component Designator: OldDesignator=C95 NewDesignator=C100
Change Component Designator: OldDesignator=C96 NewDesignator=C101
Change Component Designator: OldDesignator=C97 NewDesignator=C102
Change Component Designator: OldDesignator=C98 NewDesignator=C103
Change Component Designator: OldDesignator=C99 NewDesignator=C104
Change Component Designator: OldDesignator=C100 NewDesignator=C105
Change Component Designator: OldDesignator=C101 NewDesignator=C106
Change Component Designator: OldDesignator=C102 NewDesignator=C107
Change Component Designator: OldDesignator=C103 NewDesignator=C108
Change Component Designator: OldDesignator=C104 NewDesignator=C109
Change Component Designator: OldDesignator=C105 NewDesignator=C110
Change Component Designator: OldDesignator=C106 NewDesignator=C111
Change Component Designator: OldDesignator=C107 NewDesignator=C112
Change Component Designator: OldDesignator=C108 NewDesignator=C113
Change Component Designator: OldDesignator=C109 NewDesignator=C114
Change Component Designator: OldDesignator=C110 NewDesignator=C115
Change Component Designator: OldDesignator=C111 NewDesignator=C116
Change Component Designator: OldDesignator=C112 NewDesignator=C117
Change Component Designator: OldDesignator=C113 NewDesignator=C118
Change Component Designator: OldDesignator=C114 NewDesignator=C119
Change Component Designator: OldDesignator=C115 NewDesignator=C120
Change Component Designator: OldDesignator=C116 NewDesignator=C121
Change Component Designator: OldDesignator=C117 NewDesignator=C122
Change Component Designator: OldDesignator=C118 NewDesignator=C123
Change Component Designator: OldDesignator=C119 NewDesignator=C124
Change Component Designator: OldDesignator=C120 NewDesignator=C125
Change Component Designator: OldDesignator=C121 NewDesignator=C126
Change Component Designator: OldDesignator=C122 NewDesignator=C127
Change Component Designator: OldDesignator=C123 NewDesignator=C128
Change Component Designator: OldDesignator=C124 NewDesignator=C129
Change Component Designator: OldDesignator=C125 NewDesignator=C130
Change Component Designator: OldDesignator=C126 NewDesignator=C131
Change Component Designator: OldDesignator=C127 NewDesignator=C132
Change Component Designator: OldDesignator=C128 NewDesignator=C133
Change Component Designator: OldDesignator=C129 NewDesignator=C134
Change Component Designator: OldDesignator=C130 NewDesignator=C135
Change Component Designator: OldDesignator=C131 NewDesignator=C136
Change Component Designator: OldDesignator=C132 NewDesignator=C137
Change Component Designator: OldDesignator=C133 NewDesignator=C138
Change Component Designator: OldDesignator=C134 NewDesignator=C139
Change Component Designator: OldDesignator=C135 NewDesignator=C140
Change Component Designator: OldDesignator=C136 NewDesignator=C141
Change Component Designator: OldDesignator=C137 NewDesignator=C142
Change Component Designator: OldDesignator=C138 NewDesignator=C143
Change Component Designator: OldDesignator=C139 NewDesignator=C144
Change Component Designator: OldDesignator=C140 NewDesignator=C145
Change Component Designator: OldDesignator=C141 NewDesignator=C146
Change Component Designator: OldDesignator=C142 NewDesignator=C147
Change Component Designator: OldDesignator=C143 NewDesignator=C148
Change Component Designator: OldDesignator=C144 NewDesignator=C149
Change Component Designator: OldDesignator=C145 NewDesignator=C150
Change Component Designator: OldDesignator=C146 NewDesignator=C151
Change Component Designator: OldDesignator=C147 NewDesignator=C152
Change Component Designator: OldDesignator=C148 NewDesignator=C153
Change Component Designator: OldDesignator=C149 NewDesignator=C154
Change Component Designator: OldDesignator=C150 NewDesignator=C155
Change Component Designator: OldDesignator=C151 NewDesignator=C156
Change Component Designator: OldDesignator=C152 NewDesignator=C157
Change Component Designator: OldDesignator=C153 NewDesignator=C158
Change Component Designator: OldDesignator=C154 NewDesignator=C159
Change Component Designator: OldDesignator=C155 NewDesignator=C160
Change Component Designator: OldDesignator=C156 NewDesignator=C161
Change Component Designator: OldDesignator=C157 NewDesignator=C162
Change Component Designator: OldDesignator=C158 NewDesignator=C163
Change Component Designator: OldDesignator=C159 NewDesignator=C164
Change Component Designator: OldDesignator=C160 NewDesignator=C165
Change Component Designator: OldDesignator=C161 NewDesignator=C166
Change Component Designator: OldDesignator=C162 NewDesignator=C167
Change Component Designator: OldDesignator=C163 NewDesignator=C168
Change Component Designator: OldDesignator=C164 NewDesignator=C169
Change Component Designator: OldDesignator=C165 NewDesignator=C170
Change Component Designator: OldDesignator=C166 NewDesignator=C171
Change Component Designator: OldDesignator=C167 NewDesignator=C172
Change Component Designator: OldDesignator=C168 NewDesignator=C173
Change Component Designator: OldDesignator=C169 NewDesignator=C174
Change Component Designator: OldDesignator=C170 NewDesignator=C175
Change Component Designator: OldDesignator=C171 NewDesignator=C176
Change Component Designator: OldDesignator=C172 NewDesignator=C177
Change Component Designator: OldDesignator=C173 NewDesignator=C178
Change Component Designator: OldDesignator=C174 NewDesignator=C179
Change Component Designator: OldDesignator=C175 NewDesignator=C180
Change Component Designator: OldDesignator=C176 NewDesignator=C181
Change Component Designator: OldDesignator=C177 NewDesignator=C182
Change Component Designator: OldDesignator=C178 NewDesignator=C183
Change Component Designator: OldDesignator=C179 NewDesignator=C184
Change Component Designator: OldDesignator=C180 NewDesignator=C185
Change Component Designator: OldDesignator=C181 NewDesignator=C186
Change Component Designator: OldDesignator=C182 NewDesignator=C187
Change Component Designator: OldDesignator=C183 NewDesignator=C188
Change Component Designator: OldDesignator=C184 NewDesignator=C189
Change Component Designator: OldDesignator=C185 NewDesignator=C190
Change Component Designator: OldDesignator=C186 NewDesignator=C191
Change Component Designator: OldDesignator=C187 NewDesignator=C192
Change Component Designator: OldDesignator=C188 NewDesignator=C193
Change Component Designator: OldDesignator=C189 NewDesignator=C194
Change Component Designator: OldDesignator=C190 NewDesignator=C195
Change Component Designator: OldDesignator=C191 NewDesignator=C196
Change Component Designator: OldDesignator=C192 NewDesignator=C197
Change Component Designator: OldDesignator=C193 NewDesignator=C198
Change Component Designator: OldDesignator=C194 NewDesignator=C199
Change Component Designator: OldDesignator=C195 NewDesignator=C200
Change Component Designator: OldDesignator=C196 NewDesignator=C201
Change Component Designator: OldDesignator=C197 NewDesignator=C202
Change Component Designator: OldDesignator=C198 NewDesignator=C203
Change Component Designator: OldDesignator=C199 NewDesignator=C204
Change Component Designator: OldDesignator=C200 NewDesignator=C205
Change Component Designator: OldDesignator=C201 NewDesignator=C206
Change Component Designator: OldDesignator=C202 NewDesignator=C207
Change Component Designator: OldDesignator=C203 NewDesignator=C208
Change Component Designator: OldDesignator=C204 NewDesignator=C209
Change Component Designator: OldDesignator=C205 NewDesignator=C210
Change Component Designator: OldDesignator=C206 NewDesignator=C211
Change Component Designator: OldDesignator=C207 NewDesignator=C212
Change Component Designator: OldDesignator=C208 NewDesignator=C213
Change Component Designator: OldDesignator=C209 NewDesignator=C214
Change Component Designator: OldDesignator=C210 NewDesignator=C215
Change Component Designator: OldDesignator=C211 NewDesignator=C216
Change Component Designator: OldDesignator=C212 NewDesignator=C217
Change Component Designator: OldDesignator=C213 NewDesignator=C218
Change Component Designator: OldDesignator=C214 NewDesignator=C219
Change Component Designator: OldDesignator=C215 NewDesignator=C220
Change Component Designator: OldDesignator=C216 NewDesignator=C221
Change Component Designator: OldDesignator=C217 NewDesignator=C222
Change Component Designator: OldDesignator=C218 NewDesignator=C223
Change Component Designator: OldDesignator=R77 NewDesignator=R79
Change Component Designator: OldDesignator=R78 NewDesignator=R80
Change Component Designator: OldDesignator=R79 NewDesignator=R81
Change Component Designator: OldDesignator=R80 NewDesignator=R82
Change Component Designator: OldDesignator=R81 NewDesignator=R83
Change Component Designator: OldDesignator=R82 NewDesignator=R84
Change Component Designator: OldDesignator=R83 NewDesignator=R85
Change Component Designator: OldDesignator=R84 NewDesignator=R86
Change Component Designator: OldDesignator=R85 NewDesignator=R87
Change Component Designator: OldDesignator=R86 NewDesignator=R88
Change Component Designator: OldDesignator=R87 NewDesignator=R89
Change Component Designator: OldDesignator=R88 NewDesignator=R90
Change Component Designator: OldDesignator=R89 NewDesignator=R91
Change Component Designator: OldDesignator=R90 NewDesignator=R92
Change Component Designator: OldDesignator=R91 NewDesignator=R93
Change Component Designator: OldDesignator=R92 NewDesignator=R94
Change Component Designator: OldDesignator=R93 NewDesignator=R95
Change Component Designator: OldDesignator=R94 NewDesignator=R96
Change Component Designator: OldDesignator=R95 NewDesignator=R97
Change Component Designator: OldDesignator=R96 NewDesignator=R98
Change Component Designator: OldDesignator=R97 NewDesignator=R99
Change Component Designator: OldDesignator=R98 NewDesignator=R100
Change Component Designator: OldDesignator=R99 NewDesignator=R101
Change Component Designator: OldDesignator=R100 NewDesignator=R102
Change Component Designator: OldDesignator=R101 NewDesignator=R103
Change Component Designator: OldDesignator=R102 NewDesignator=R104
Change Component Designator: OldDesignator=R103 NewDesignator=R105
Change Component Designator: OldDesignator=R104 NewDesignator=R106
Change Component Designator: OldDesignator=R105 NewDesignator=R107
Change Component Designator: OldDesignator=R106 NewDesignator=R108
Change Component Designator: OldDesignator=R107 NewDesignator=R109
Change Component Designator: OldDesignator=R108 NewDesignator=R110
Change Component Designator: OldDesignator=R109 NewDesignator=R111
Change Component Designator: OldDesignator=R110 NewDesignator=R112
Change Component Designator: OldDesignator=R111 NewDesignator=R113
Change Component Designator: OldDesignator=R112 NewDesignator=R114
Change Component Designator: OldDesignator=R113 NewDesignator=R115
Change Component Designator: OldDesignator=R114 NewDesignator=R116
Change Component Designator: OldDesignator=R115 NewDesignator=R117
Change Component Designator: OldDesignator=R116 NewDesignator=R118
Change Component Designator: OldDesignator=R117 NewDesignator=R119
Change Component Designator: OldDesignator=R118 NewDesignator=R120
Change Component Designator: OldDesignator=R119 NewDesignator=R121
Change Component Designator: OldDesignator=R120 NewDesignator=R122
Change Component Designator: OldDesignator=R121 NewDesignator=R123
Change Component Designator: OldDesignator=R122 NewDesignator=R124
Change Component Designator: OldDesignator=R123 NewDesignator=R125
Change Component Designator: OldDesignator=R124 NewDesignator=R126
Change Component Designator: OldDesignator=R125 NewDesignator=R127
Change Component Designator: OldDesignator=R126 NewDesignator=R128
Change Component Designator: OldDesignator=R127 NewDesignator=R129
Change Component Designator: OldDesignator=R128 NewDesignator=R130
Change Component Designator: OldDesignator=R129 NewDesignator=R131
Change Component Designator: OldDesignator=R130 NewDesignator=R132
Change Component Designator: OldDesignator=R131 NewDesignator=R133
Change Component Designator: OldDesignator=R132 NewDesignator=R134
Change Component Designator: OldDesignator=R133 NewDesignator=R135
Change Component Designator: OldDesignator=R134 NewDesignator=R136
Change Component Designator: OldDesignator=R135 NewDesignator=R137
Change Component Designator: OldDesignator=R136 NewDesignator=R138
Change Component Designator: OldDesignator=R137 NewDesignator=R139
Change Component Designator: OldDesignator=R138 NewDesignator=R140
Change Component Designator: OldDesignator=R139 NewDesignator=R141
Change Component Designator: OldDesignator=R140 NewDesignator=R142
Change Component Designator: OldDesignator=R141 NewDesignator=R143
Change Component Designator: OldDesignator=R142 NewDesignator=R144
Change Component Designator: OldDesignator=R143 NewDesignator=R145
Change Component Designator: OldDesignator=R144 NewDesignator=R146
Change Component Designator: OldDesignator=R145 NewDesignator=R147
Change Component Designator: OldDesignator=R146 NewDesignator=R148
Change Component Designator: OldDesignator=R147 NewDesignator=R149
Change Component Designator: OldDesignator=R148 NewDesignator=R150
Change Component Designator: OldDesignator=R149 NewDesignator=R151
Change Component Designator: OldDesignator=R150 NewDesignator=R152
Change Component Designator: OldDesignator=R151 NewDesignator=R153
Change Component Designator: OldDesignator=R152 NewDesignator=R154
Change Component Designator: OldDesignator=R153 NewDesignator=R155
Change Component Designator: OldDesignator=R154 NewDesignator=R156
Change Component Designator: OldDesignator=R155 NewDesignator=R157
Change Component Designator: OldDesignator=R156 NewDesignator=R158
Change Component Designator: OldDesignator=R157 NewDesignator=R159
Change Component Designator: OldDesignator=R158 NewDesignator=R160
Change Component Designator: OldDesignator=R159 NewDesignator=R161
Change Component Designator: OldDesignator=R160 NewDesignator=R162
Change Component Designator: OldDesignator=R161 NewDesignator=R163
Change Component Designator: OldDesignator=R162 NewDesignator=R164
Change Component Designator: OldDesignator=R163 NewDesignator=R165
Change Component Designator: OldDesignator=R164 NewDesignator=R166
Change Component Designator: OldDesignator=R165 NewDesignator=R167
Change Component Designator: OldDesignator=R166 NewDesignator=R168
Change Component Designator: OldDesignator=R167 NewDesignator=R169
Change Component Designator: OldDesignator=R168 NewDesignator=R170
Change Component Designator: OldDesignator=R169 NewDesignator=R171
Change Component Designator: OldDesignator=R170 NewDesignator=R172
Change Component Designator: OldDesignator=R171 NewDesignator=R173
Change Component Designator: OldDesignator=R172 NewDesignator=R174
Change Component Designator: OldDesignator=R173 NewDesignator=R175
Change Component Designator: OldDesignator=R174 NewDesignator=R176
Change Component Designator: OldDesignator=R175 NewDesignator=R177
Change Component Designator: OldDesignator=R176 NewDesignator=R178
Change Component Designator: OldDesignator=R177 NewDesignator=R179
Change Component Designator: OldDesignator=R178 NewDesignator=R180
Change Component Designator: OldDesignator=R179 NewDesignator=R181
Change Component Designator: OldDesignator=R180 NewDesignator=R182
Change Component Designator: OldDesignator=R181 NewDesignator=R183
Change Component Designator: OldDesignator=R182 NewDesignator=R184
Change Component Designator: OldDesignator=R183 NewDesignator=R185
Change Component Designator: OldDesignator=R184 NewDesignator=R186
Change Component Designator: OldDesignator=R185 NewDesignator=R187
Change Component Designator: OldDesignator=R186 NewDesignator=R188
Change Component Designator: OldDesignator=R187 NewDesignator=R189
Change Component Designator: OldDesignator=R188 NewDesignator=R190
Change Component Designator: OldDesignator=R189 NewDesignator=R191
Change Component Designator: OldDesignator=R190 NewDesignator=R192
Change Component Designator: OldDesignator=R191 NewDesignator=R193
Change Component Designator: OldDesignator=R192 NewDesignator=R194
Change Component Designator: OldDesignator=R193 NewDesignator=R195
Change Component Designator: OldDesignator=R194 NewDesignator=R196
Change Component Designator: OldDesignator=R195 NewDesignator=R197
Change Component Designator: OldDesignator=R196 NewDesignator=R198
Change Component Designator: OldDesignator=R197 NewDesignator=R199
Change Component Designator: OldDesignator=R198 NewDesignator=R200
Change Component Designator: OldDesignator=R199 NewDesignator=R201
Change Component Designator: OldDesignator=R200 NewDesignator=R202
Change Component Designator: OldDesignator=R201 NewDesignator=R203
Change Component Designator: OldDesignator=R202 NewDesignator=R204
Change Component Designator: OldDesignator=R203 NewDesignator=R205
Change Component Designator: OldDesignator=R204 NewDesignator=R206
Change Component Designator: OldDesignator=R205 NewDesignator=R207
Change Component Designator: OldDesignator=TP11 NewDesignator=TP12
Change Component Designator: OldDesignator=TP12 NewDesignator=TP13
Change Component Designator: OldDesignator=TP13 NewDesignator=TP14
Change Component Designator: OldDesignator=TP14 NewDesignator=TP15
Change Component Designator: OldDesignator=TP15 NewDesignator=TP16
Change Component Designator: OldDesignator=TP16 NewDesignator=TP17
Change Component Designator: OldDesignator=TP17 NewDesignator=TP18
Change Component Designator: OldDesignator=TP18 NewDesignator=TP19
Change Component Designator: OldDesignator=TP19 NewDesignator=TP20
Change Component Designator: OldDesignator=TP20 NewDesignator=TP21
Change Component Designator: OldDesignator=TP21 NewDesignator=TP22
Change Component Designator: OldDesignator=TP22 NewDesignator=TP23
Change Component Designator: OldDesignator=TP23 NewDesignator=TP24
Change Component Designator: OldDesignator=TP24 NewDesignator=TP25
Change Component Designator: OldDesignator=TP25 NewDesignator=TP26
Change Component Designator: OldDesignator=TP26 NewDesignator=TP27
Change Component Designator: OldDesignator=TP27 NewDesignator=TP28
Change Component Designator: OldDesignator=TP28 NewDesignator=TP29
Change Component Designator: OldDesignator=TP29 NewDesignator=TP30
Change Component Designator: OldDesignator=TP30 NewDesignator=TP31
Change Component Designator: OldDesignator=U18 NewDesignator=U19
Change Component Designator: OldDesignator=U19 NewDesignator=U20
Change Component Designator: OldDesignator=U20 NewDesignator=U21
Change Component Designator: OldDesignator=U21 NewDesignator=U22
Change Component Designator: OldDesignator=U22 NewDesignator=U23
Change Component Designator: OldDesignator=U23 NewDesignator=U24
Change Component Designator: OldDesignator=U24 NewDesignator=U25
Change Component Designator: OldDesignator=U25 NewDesignator=U26
Change Component Designator: OldDesignator=U26 NewDesignator=U27
Change Component Designator: OldDesignator=U27 NewDesignator=U28
Change Component Designator: OldDesignator=U28 NewDesignator=U29
Change Component Designator: OldDesignator=U29 NewDesignator=U30
Change Component Designator: OldDesignator=U30 NewDesignator=U31
Change Component Designator: OldDesignator=U31 NewDesignator=U32
Change Component Designator: OldDesignator=U32 NewDesignator=U33
Change Component Designator: OldDesignator=U33 NewDesignator=U34
Change Component Designator: OldDesignator=U34 NewDesignator=U35
Change Component Designator: OldDesignator=U35 NewDesignator=U36
Change Component Designator: OldDesignator=U36 NewDesignator=U37
Change Component Designator: OldDesignator=U37 NewDesignator=U38
Change Component Designator: OldDesignator=U38 NewDesignator=U39
Change Component Designator: OldDesignator=U39 NewDesignator=U40
Change Component Designator: OldDesignator=U40 NewDesignator=U41
Change Component Designator: OldDesignator=U41 NewDesignator=U42
Change Component Designator: OldDesignator=U42 NewDesignator=U43
Added Component: Designator=C77(C0603)
Add component (AddParameter): Name = "ClassName"; Value = "CAM_POWER"; VariantName = "[No Variations]"
Add component (AddParameter): Name = "PackageReference"; Value = "0603"; VariantName = "[No Variations]"
Add component (AddParameter): Name = "Precision"; Value = ""; VariantName = "[No Variations]"
Add component (AddParameter): Name = "VALUE"; Value = "1uF"; VariantName = "[No Variations]"
Add component (AddParameter): Name = "Voltage"; Value = ""; VariantName = "[No Variations]"
Added Component: Designator=C78(C0402)
Add component (AddParameter): Name = "ClassName"; Value = "CAM_POWER"; VariantName = "[No Variations]"
Add component (AddParameter): Name = "PackageReference"; Value = "0402"; VariantName = "[No Variations]"
Add component (AddParameter): Name = "Precision"; Value = ""; VariantName = "[No Variations]"
Add component (AddParameter): Name = "VALUE"; Value = "0.1uF"; VariantName = "[No Variations]"
Add component (AddParameter): Name = "Voltage"; Value = "25V"; VariantName = "[No Variations]"
Added Component: Designator=C79(C0805)
Add component (AddParameter): Name = "ClassName"; Value = "CAM_POWER"; VariantName = "[No Variations]"
Add component (AddParameter): Name = "PackageReference"; Value = "0805"; VariantName = "[No Variations]"
Add component (AddParameter): Name = "Precision"; Value = ""; VariantName = "[No Variations]"
Add component (AddParameter): Name = "VALUE"; Value = "47uF"; VariantName = "[No Variations]"
Add component (AddParameter): Name = "Voltage"; Value = "6.3V"; VariantName = "[No Variations]"
Added Component: Designator=C80(C0402)
Add component (AddParameter): Name = "ClassName"; Value = "CAM_POWER"; VariantName = "[No Variations]"
Add component (AddParameter): Name = "PackageReference"; Value = "0402"; VariantName = "[No Variations]"
Add component (AddParameter): Name = "Precision"; Value = ""; VariantName = "[No Variations]"
Add component (AddParameter): Name = "VALUE"; Value = "0.1uF"; VariantName = "[No Variations]"
Add component (AddParameter): Name = "Voltage"; Value = "25V"; VariantName = "[No Variations]"
Added Component: Designator=C81(C0402)
Add component (AddParameter): Name = "ClassName"; Value = "CAM_POWER"; VariantName = "[No Variations]"
Add component (AddParameter): Name = "PackageReference"; Value = "0402"; VariantName = "[No Variations]"
Add component (AddParameter): Name = "Precision"; Value = ""; VariantName = "[No Variations]"
Add component (AddParameter): Name = "VALUE"; Value = "0.1uF"; VariantName = "[No Variations]"
Add component (AddParameter): Name = "Voltage"; Value = "25V"; VariantName = "[No Variations]"
Added Component: Designator=R77(R0402)
Add component (AddParameter): Name = "ClassName"; Value = "CAM_POWER"; VariantName = "[No Variations]"
Add component (AddParameter): Name = "PackageReference"; Value = "0402"; VariantName = "[No Variations]"
Add component (AddParameter): Name = "Parameter 1"; Value = "RA"; VariantName = "[No Variations]"
Add component (AddParameter): Name = "Precision"; Value = ""; VariantName = "[No Variations]"
Add component (AddParameter): Name = "Value"; Value = "665K"; VariantName = "[No Variations]"
Added Component: Designator=R78(R0402)
Add component (AddParameter): Name = "ClassName"; Value = "CAM_POWER"; VariantName = "[No Variations]"
Add component (AddParameter): Name = "PackageReference"; Value = "0402"; VariantName = "[No Variations]"
Add component (AddParameter): Name = "Parameter 1"; Value = "RB"; VariantName = "[No Variations]"
Add component (AddParameter): Name = "Precision"; Value = ""; VariantName = "[No Variations]"
Add component (AddParameter): Name = "Value"; Value = "316K"; VariantName = "[No Variations]"
Added Component: Designator=TP11(TP_0MM5_1MM0)
Add component (AddParameter): Name = "ClassName"; Value = "CAM_POWER"; VariantName = "[No Variations]"
Add component (AddParameter): Name = "MarkPCB"; Value = "+1.2V"; VariantName = "[No Variations]"
Added Component: Designator=U18(SOT23_5)
Add component (AddParameter): Name = "ClassName"; Value = "CAM_POWER"; VariantName = "[No Variations]"
Add component (AddParameter): Name = "PackageReference"; Value = "SC70-5"; VariantName = "[No Variations]"
Add component (AddParameter): Name = "Parameter 1"; Value = ""; VariantName = "[No Variations]"
Add component (AddParameter): Name = "Value"; Value = "TPS71701"; VariantName = "[No Variations]"
Added Pin To Net: NetName=+5.0V Pin=C77-1
Added Pin To Net: NetName=GND Pin=C77-2
Added Pin To Net: NetName=VIO_CAM Pin=C78-1
Added Pin To Net: NetName=GND Pin=C78-2
Added Pin To Net: NetName=VIO_CAM Pin=C79-1
Added Pin To Net: NetName=GND Pin=C79-2
Added Pin To Net: NetName=VIO_CAM Pin=C80-1
Added Pin To Net: NetName=GND Pin=C80-2
Added Pin To Net: NetName=VIO_CAM Pin=C81-1
Added Pin To Net: NetName=GND Pin=C81-2
Added Pin To Net: NetName=VIO_CAM Pin=R77-1
Added Pin To Net: NetName=GND Pin=R78-2
Added Pin To Net: NetName=VIO_CAM Pin=TP11-1
Added Pin To Net: NetName=+5.0V Pin=U18-1
Added Pin To Net: NetName=GND Pin=U18-2
Added Pin To Net: NetName=+5.0V Pin=U18-3
Added Pin To Net: NetName=VIO_CAM Pin=U18-5
Change Net Name : Old Net Name=NetC81_1 New Net Name=NetC86_1
Change Net Name : Old Net Name=NetC82_1 New Net Name=NetC87_1
Change Net Name : Old Net Name=NetC83_1 New Net Name=NetC88_1
Change Net Name : Old Net Name=NetC84_1 New Net Name=NetC89_1
Change Net Name : Old Net Name=NetC85_1 New Net Name=NetC90_1
Change Net Name : Old Net Name=NetC91_1 New Net Name=NetC96_1
Change Net Name : Old Net Name=NetC92_1 New Net Name=NetC97_1
Change Net Name : Old Net Name=NetC97_1 New Net Name=NetC102_1
Change Net Name : Old Net Name=NetC98_1 New Net Name=NetC103_1
Change Net Name : Old Net Name=NetC99_1 New Net Name=NetC104_1
Change Net Name : Old Net Name=NetC100_1 New Net Name=NetC105_1
Change Net Name : Old Net Name=NetC103_1 New Net Name=NetC108_1
Change Net Name : Old Net Name=NetC103_2 New Net Name=NetC108_2
Change Net Name : Old Net Name=NetC104_1 New Net Name=NetC109_1
Change Net Name : Old Net Name=NetC106_1 New Net Name=NetC111_1
Change Net Name : Old Net Name=NetC109_1 New Net Name=NetC114_1
Change Net Name : Old Net Name=NetC110_2 New Net Name=NetC115_2
Change Net Name : Old Net Name=NetC111_2 New Net Name=NetC116_2
Change Net Name : Old Net Name=NetC112_2 New Net Name=NetC117_2
Change Net Name : Old Net Name=NetC115_1 New Net Name=NetC120_1
Change Net Name : Old Net Name=NetC115_2 New Net Name=NetC120_2
Change Net Name : Old Net Name=NetC116_1 New Net Name=NetC121_1
Change Net Name : Old Net Name=NetC118_1 New Net Name=NetC123_1
Change Net Name : Old Net Name=NetC121_1 New Net Name=NetC126_1
Change Net Name : Old Net Name=NetC123_2 New Net Name=NetC128_2
Change Net Name : Old Net Name=NetC124_2 New Net Name=NetC129_2
Change Net Name : Old Net Name=NetC125_2 New Net Name=NetC130_2
Change Net Name : Old Net Name=NetC128_1 New Net Name=NetC133_1
Change Net Name : Old Net Name=NetC130_1 New Net Name=NetC135_1
Change Net Name : Old Net Name=NetC133_1 New Net Name=NetC138_1
Change Net Name : Old Net Name=NetC135_1 New Net Name=NetC140_1
Change Net Name : Old Net Name=NetC138_1 New Net Name=NetC143_1
Change Net Name : Old Net Name=NetC140_1 New Net Name=NetC145_1
Change Net Name : Old Net Name=NetC143_1 New Net Name=NetC148_1
Change Net Name : Old Net Name=NetC144_1 New Net Name=NetC149_1
Change Net Name : Old Net Name=NetC149_1 New Net Name=NetC154_1
Change Net Name : Old Net Name=NetC155_2 New Net Name=NetC160_2
Change Net Name : Old Net Name=NetC156_1 New Net Name=NetC161_1
Change Net Name : Old Net Name=NetR78_2 New Net Name=NetR80_2
Change Net Name : Old Net Name=NetR79_2 New Net Name=NetR81_2
Change Net Name : Old Net Name=NetR95_1 New Net Name=NetR97_1
Change Net Name : Old Net Name=NetR96_2 New Net Name=NetR98_2
Change Net Name : Old Net Name=NetR99_1 New Net Name=NetR101_1
Change Net Name : Old Net Name=NetR100_1 New Net Name=NetR102_1
Change Net Name : Old Net Name=NetR101_1 New Net Name=NetR103_1
Change Net Name : Old Net Name=NetR104_1 New Net Name=NetR106_1
Change Net Name : Old Net Name=NetR109_1 New Net Name=NetR111_1
Change Net Name : Old Net Name=NetR110_1 New Net Name=NetR112_1
Change Net Name : Old Net Name=NetR111_1 New Net Name=NetR113_1
Change Net Name : Old Net Name=NetR114_1 New Net Name=NetR116_1
Change Net Name : Old Net Name=NetR115_1 New Net Name=NetR117_1
Change Net Name : Old Net Name=NetR116_1 New Net Name=NetR118_1
Change Net Name : Old Net Name=NetR117_1 New Net Name=NetR119_1
Change Net Name : Old Net Name=NetR118_1 New Net Name=NetR120_1
Change Net Name : Old Net Name=NetR119_1 New Net Name=NetR121_1
Change Net Name : Old Net Name=NetR124_2 New Net Name=NetR126_2
Change Net Name : Old Net Name=NetR125_2 New Net Name=NetR127_2
Change Net Name : Old Net Name=NetR128_2 New Net Name=NetR130_2
Change Net Name : Old Net Name=NetR130_1 New Net Name=NetR132_1
Change Net Name : Old Net Name=NetR133_2 New Net Name=NetR135_2
Change Net Name : Old Net Name=NetR136_2 New Net Name=NetR138_2
Change Net Name : Old Net Name=NetR137_2 New Net Name=NetR139_2
Change Net Name : Old Net Name=NetR141_1 New Net Name=NetR143_1
Change Net Name : Old Net Name=NetR143_2 New Net Name=NetR145_2
Change Net Name : Old Net Name=NetR146_2 New Net Name=NetR148_2
Change Net Name : Old Net Name=NetR147_2 New Net Name=NetR149_2
Change Net Name : Old Net Name=NetR150_1 New Net Name=NetR152_1
Change Net Name : Old Net Name=NetR151_2 New Net Name=NetR153_2
Change Net Name : Old Net Name=NetR153_2 New Net Name=NetR155_2
Change Net Name : Old Net Name=NetR157_2 New Net Name=NetR159_2
Change Net Name : Old Net Name=NetR159_2 New Net Name=NetR161_2
Change Net Name : Old Net Name=NetR161_2 New Net Name=NetR163_2
Change Net Name : Old Net Name=NetR162_2 New Net Name=NetR164_2
Change Net Name : Old Net Name=NetR163_1 New Net Name=NetR165_1
Change Net Name : Old Net Name=NetR186_1 New Net Name=NetR188_1
Change Net Name : Old Net Name=NetR193_2 New Net Name=NetR195_2
Change Net Name : Old Net Name=NetR199_1 New Net Name=NetR201_1
Change Net Name : Old Net Name=NetTP11_1 New Net Name=NetTP12_1
Change Net Name : Old Net Name=NetTP12_1 New Net Name=NetTP13_1
Change Net Name : Old Net Name=NetTP13_1 New Net Name=NetTP14_1
Change Net Name : Old Net Name=NetTP14_1 New Net Name=NetTP15_1
Change Net Name : Old Net Name=NetTP15_1 New Net Name=NetTP16_1
Change Net Name : Old Net Name=NetTP16_1 New Net Name=NetTP17_1
Change Net Name : Old Net Name=NetTP17_1 New Net Name=NetTP18_1
Change Net Name : Old Net Name=NetU30_3 New Net Name=NetU31_3
Added Pin To Net: NetName=NetR77_2 Pin=R77-2
Added Pin To Net: NetName=NetR77_2 Pin=R78-1
Added Pin To Net: NetName=NetR77_2 Pin=U18-4
Added Net: Name=NetR77_2
Added Member To Class: ClassName=CAM_POWER Member=Component C77 Cap
Added Member To Class: ClassName=CAM_POWER Member=Component C78 Cap
Added Member To Class: ClassName=CAM_POWER Member=Component C79 Cap
Added Member To Class: ClassName=CAM_POWER Member=Component C80 Cap
Added Member To Class: ClassName=CAM_POWER Member=Component C81 Cap
Added Member To Class: ClassName=CAM_POWER Member=Component R77 Res2
Added Member To Class: ClassName=CAM_POWER Member=Component R78 Res2
Added Member To Class: ClassName=CAM_POWER Member=Component TP11
Added Member To Class: ClassName=CAM_POWER Member=Component U18
Added Member To Class: ClassName=LEVEL SHIFTER Member=Component U29 ADN4661
