Added Component: Designator=U2(CP_16_2_ADI-L)
Add component (AddParameter): Name = "ClassName"; Value = "ADC-1"; VariantName = "[No Variations]"
Add component (AddParameter): Name = "PackageReference"; Value = "LFCSP-16"; VariantName = "[No Variations]"
Add component (AddParameter): Name = "Value"; Value = "ADL5565"; VariantName = "[No Variations]"
Added Component: Designator=U4(CP_16_2_ADI-L)
Add component (AddParameter): Name = "ClassName"; Value = "ADC-2"; VariantName = "[No Variations]"
Add component (AddParameter): Name = "PackageReference"; Value = "LFCSP-16"; VariantName = "[No Variations]"
Add component (AddParameter): Name = "Value"; Value = "ADL5565"; VariantName = "[No Variations]"
Added Pin To Net: NetName=GND Pin=U2-0
Added Pin To Net: NetName=NetR8_2 Pin=U2-1
Added Pin To Net: NetName=NetR10_2 Pin=U2-2
Added Pin To Net: NetName=NetR12_2 Pin=U2-3
Added Pin To Net: NetName=NetR14_2 Pin=U2-4
Added Pin To Net: NetName=NetC10_1 Pin=U2-5
Added Pin To Net: NetName=NetC10_1 Pin=U2-6
Added Pin To Net: NetName=NetC10_1 Pin=U2-7
Added Pin To Net: NetName=NetC10_1 Pin=U2-8
Added Pin To Net: NetName=NetC7_2 Pin=U2-9
Added Pin To Net: NetName=NetC12_1 Pin=U2-10
Added Pin To Net: NetName=NetC5_2 Pin=U2-11
Added Pin To Net: NetName=NetR1_2 Pin=U2-12
Added Pin To Net: NetName=GND Pin=U2-13
Added Pin To Net: NetName=GND Pin=U2-14
Added Pin To Net: NetName=GND Pin=U2-15
Added Pin To Net: NetName=GND Pin=U2-16
Added Pin To Net: NetName=GND Pin=U4-0
Added Pin To Net: NetName=NetR38_2 Pin=U4-1
Added Pin To Net: NetName=NetR40_2 Pin=U4-2
Added Pin To Net: NetName=NetR42_2 Pin=U4-3
Added Pin To Net: NetName=NetR44_2 Pin=U4-4
Added Pin To Net: NetName=NetC26_1 Pin=U4-5
Added Pin To Net: NetName=NetC26_1 Pin=U4-6
Added Pin To Net: NetName=NetC26_1 Pin=U4-7
Added Pin To Net: NetName=NetC26_1 Pin=U4-8
Added Pin To Net: NetName=NetC22_2 Pin=U4-9
Added Pin To Net: NetName=NetC25_1 Pin=U4-10
Added Pin To Net: NetName=NetC20_2 Pin=U4-11
Added Pin To Net: NetName=NetR31_2 Pin=U4-12
Added Pin To Net: NetName=GND Pin=U4-13
Added Pin To Net: NetName=GND Pin=U4-14
Added Pin To Net: NetName=GND Pin=U4-15
Added Pin To Net: NetName=GND Pin=U4-16
Added Member To Class: ClassName=ADC-1 Member=Component U2 ADL5565
Added Member To Class: ClassName=ADC-2 Member=Component U4 ADL5565
