Removed Pin From Net: NetName=+2.5V Pin=HL6-1
Removed Pin From Net: NetName=+2.5V Pin=HL7-1
Removed Pin From Net: NetName=+2.5V Pin=R118-2
Removed Pin From Net: NetName=GND Pin=U20-1
Removed Pin From Net: NetName=xLS_SHDN Pin=U20-2
Removed Pin From Net: NetName=xLS_DISABLE Pin=U20-3
Removed Pin From Net: NetName=xLS_EN_POW Pin=U20-5
Removed Pin From Net: NetName=xADC_LDAC Pin=U20-6
Removed Pin From Net: NetName=+1.8V Pin=U20-7
Removed Pin From Net: NetName=xADC_HV_EN Pin=U20-8
Removed Pin From Net: NetName=xUSER_OUT1 Pin=U20-9
Removed Pin From Net: NetName=GND Pin=U20-10
Removed Pin From Net: NetName=xUSER_OUT2 Pin=U20-11
Removed Pin From Net: NetName=xUSER_OUT3 Pin=U20-12
Removed Pin From Net: NetName=GND Pin=U20-13
Removed Pin From Net: NetName=GND Pin=U20-14
Removed Pin From Net: NetName=GND Pin=U20-15
Removed Pin From Net: NetName=GND Pin=U20-16
Removed Pin From Net: NetName=VCCEXT Pin=U20-18
Removed Pin From Net: NetName=GND Pin=U20-21
Removed Pin From Net: NetName=GND Pin=U20-24
Removed Pin From Net: NetName=GND Pin=U20-25
Removed Pin From Net: NetName=xBiSS0_ZPNT Pin=U20-26
Removed Pin From Net: NetName=xADC_INT Pin=U20-27
Removed Pin From Net: NetName=GND Pin=U20-28
Removed Pin From Net: NetName=xUSER_IN0 Pin=U20-29
Removed Pin From Net: NetName=xUSER_IN1 Pin=U20-30
Removed Pin From Net: NetName=VCCEXT Pin=U20-31
Removed Pin From Net: NetName=xUSER_IN2 Pin=U20-32
Removed Pin From Net: NetName=GND Pin=U20-34
Removed Pin From Net: NetName=GND Pin=U20-39
Removed Pin From Net: NetName=ADC_HV_EN Pin=U20-41
Removed Pin From Net: NetName=+1.8V Pin=U20-42
Removed Pin From Net: NetName=ADC_LDAC Pin=U20-43
Removed Pin From Net: NetName=LS_EN_POW Pin=U20-44
Removed Pin From Net: NetName=GND Pin=U20-45
Removed Pin From Net: NetName=LS_DISABLE Pin=U20-46
Removed Pin From Net: NetName=LS_SHDN Pin=U20-47
Removed Pin From Net: NetName=GND Pin=U20-48
Removed Pin From Net: NetName=+2.5V Pin=U26-1
Removed Member From Class: ClassName=Xilinx PWR Member=C164
Removed Member From Class: ClassName=Xilinx PWR Member=C166
Removed Member From Class: ClassName=Xilinx PWR Member=C169
Removed Member From Class: ClassName=Xilinx PWR Member=C171
Removed Member From Class: ClassName=LEVEL SHIFTER Member=TP18
Removed Member From Class: ClassName=LEVEL SHIFTER Member=TP19
Removed Member From Class: ClassName=LEVEL SHIFTER Member=TP20
Removed Member From Class: ClassName=LEVEL SHIFTER Member=TP21
Removed Member From Class: ClassName=LEVEL SHIFTER Member=TP22
Removed Member From Class: ClassName=LEVEL SHIFTER Member=TP23
Change Component Footprint: Designator=U20 Old Footprint=SOP50P810X120-48N New Footprint=SOP50P310X90-8N
Change Component Comment : Designator=U20 Old Comment=SN74LVCH16T245 New Comment=SN74LXC2T45
Change Component Designator: OldDesignator=C99 NewDesignator=C152
Change Component Designator: OldDesignator=C100 NewDesignator=C153
Change Component Designator: OldDesignator=C101 NewDesignator=C154
Change Component Designator: OldDesignator=C102 NewDesignator=C155
Change Component Designator: OldDesignator=C103 NewDesignator=C156
Change Component Designator: OldDesignator=C104 NewDesignator=C157
Change Component Designator: OldDesignator=C105 NewDesignator=C158
Change Component Designator: OldDesignator=C106 NewDesignator=C159
Change Component Designator: OldDesignator=C107 NewDesignator=C160
Change Component Designator: OldDesignator=C108 NewDesignator=C161
Change Component Designator: OldDesignator=C109 NewDesignator=C162
Change Component Designator: OldDesignator=C110 NewDesignator=C163
Change Component Designator: OldDesignator=C111 NewDesignator=C164
Change Component Designator: OldDesignator=C112 NewDesignator=C165
Change Component Designator: OldDesignator=C113 NewDesignator=C166
Change Component Designator: OldDesignator=C114 NewDesignator=C167
Change Component Designator: OldDesignator=C115 NewDesignator=C168
Change Component Designator: OldDesignator=C116 NewDesignator=C169
Change Component Designator: OldDesignator=C117 NewDesignator=C170
Change Component Designator: OldDesignator=C118 NewDesignator=C171
Change Component Designator: OldDesignator=C119 NewDesignator=C172
Change Component Designator: OldDesignator=C120 NewDesignator=C173
Change Component Designator: OldDesignator=C121 NewDesignator=C174
Change Component Designator: OldDesignator=C122 NewDesignator=C175
Change Component Designator: OldDesignator=C123 NewDesignator=C176
Change Component Designator: OldDesignator=C124 NewDesignator=C177
Change Component Designator: OldDesignator=C125 NewDesignator=C178
Change Component Designator: OldDesignator=C126 NewDesignator=C179
Change Component Designator: OldDesignator=C127 NewDesignator=C180
Change Component Designator: OldDesignator=C128 NewDesignator=C181
Change Component Designator: OldDesignator=C129 NewDesignator=C182
Change Component Designator: OldDesignator=C130 NewDesignator=C183
Change Component Designator: OldDesignator=C131 NewDesignator=C184
Change Component Designator: OldDesignator=C132 NewDesignator=C185
Change Component Designator: OldDesignator=C133 NewDesignator=C186
Change Component Designator: OldDesignator=C134 NewDesignator=C187
Change Component Designator: OldDesignator=C135 NewDesignator=C188
Change Component Designator: OldDesignator=C136 NewDesignator=C189
Change Component Designator: OldDesignator=C137 NewDesignator=C190
Change Component Designator: OldDesignator=C138 NewDesignator=C191
Change Component Designator: OldDesignator=C139 NewDesignator=C192
Change Component Designator: OldDesignator=C140 NewDesignator=C193
Change Component Designator: OldDesignator=C141 NewDesignator=C194
Change Component Designator: OldDesignator=C142 NewDesignator=C195
Change Component Designator: OldDesignator=C143 NewDesignator=C196
Change Component Designator: OldDesignator=C144 NewDesignator=C197
Change Component Designator: OldDesignator=C145 NewDesignator=C198
Change Component Designator: OldDesignator=C146 NewDesignator=C199
Change Component Designator: OldDesignator=C147 NewDesignator=C200
Change Component Designator: OldDesignator=C148 NewDesignator=C201
Change Component Designator: OldDesignator=C149 NewDesignator=C202
Change Component Designator: OldDesignator=C150 NewDesignator=C203
Change Component Designator: OldDesignator=C151 NewDesignator=C204
Change Component Designator: OldDesignator=C152 NewDesignator=C205
Change Component Designator: OldDesignator=C153 NewDesignator=C206
Change Component Designator: OldDesignator=C154 NewDesignator=C207
Change Component Designator: OldDesignator=C155 NewDesignator=C208
Change Component Designator: OldDesignator=C156 NewDesignator=C209
Change Component Designator: OldDesignator=C157 NewDesignator=C210
Change Component Designator: OldDesignator=C158 NewDesignator=C211
Change Component Designator: OldDesignator=C159 NewDesignator=C212
Change Component Designator: OldDesignator=C160 NewDesignator=C213
Change Component Designator: OldDesignator=C161 NewDesignator=C214
Change Component Designator: OldDesignator=C162 NewDesignator=C139
Change Component Designator: OldDesignator=C163 NewDesignator=C140
Change Component Designator: OldDesignator=C164 NewDesignator=C141
Change Component Designator: OldDesignator=C165 NewDesignator=C142
Change Component Designator: OldDesignator=C166 NewDesignator=C143
Change Component Designator: OldDesignator=C167 NewDesignator=C144
Change Component Designator: OldDesignator=C168 NewDesignator=C145
Change Component Designator: OldDesignator=C169 NewDesignator=C146
Change Component Designator: OldDesignator=C170 NewDesignator=C147
Change Component Designator: OldDesignator=C171 NewDesignator=C148
Change Component Designator: OldDesignator=C172 NewDesignator=C149
Change Component Designator: OldDesignator=C173 NewDesignator=C150
Change Component Designator: OldDesignator=C174 NewDesignator=C151
Change Component Designator: OldDesignator=C175 NewDesignator=C99
Change Component Designator: OldDesignator=C176 NewDesignator=C100
Change Component Designator: OldDesignator=C177 NewDesignator=C101
Change Component Designator: OldDesignator=C178 NewDesignator=C102
Change Component Designator: OldDesignator=C179 NewDesignator=C103
Change Component Designator: OldDesignator=C180 NewDesignator=C104
Change Component Designator: OldDesignator=C181 NewDesignator=C105
Change Component Designator: OldDesignator=C182 NewDesignator=C106
Change Component Designator: OldDesignator=C183 NewDesignator=C107
Change Component Designator: OldDesignator=C184 NewDesignator=C108
Change Component Designator: OldDesignator=C185 NewDesignator=C109
Change Component Designator: OldDesignator=C186 NewDesignator=C110
Change Component Designator: OldDesignator=C187 NewDesignator=C111
Change Component Designator: OldDesignator=C188 NewDesignator=C112
Change Component Designator: OldDesignator=C189 NewDesignator=C113
Change Component Designator: OldDesignator=C190 NewDesignator=C114
Change Component Designator: OldDesignator=C191 NewDesignator=C115
Change Component Designator: OldDesignator=C192 NewDesignator=C116
Change Component Designator: OldDesignator=C193 NewDesignator=C117
Change Component Designator: OldDesignator=C194 NewDesignator=C118
Change Component Designator: OldDesignator=C195 NewDesignator=C119
Change Component Designator: OldDesignator=C196 NewDesignator=C120
Change Component Designator: OldDesignator=C197 NewDesignator=C121
Change Component Designator: OldDesignator=C198 NewDesignator=C122
Change Component Designator: OldDesignator=C199 NewDesignator=C123
Change Component Designator: OldDesignator=C200 NewDesignator=C124
Change Component Designator: OldDesignator=C201 NewDesignator=C125
Change Component Designator: OldDesignator=C202 NewDesignator=C126
Change Component Designator: OldDesignator=C203 NewDesignator=C127
Change Component Designator: OldDesignator=C204 NewDesignator=C128
Change Component Designator: OldDesignator=C205 NewDesignator=C129
Change Component Designator: OldDesignator=C206 NewDesignator=C130
Change Component Designator: OldDesignator=C207 NewDesignator=C131
Change Component Designator: OldDesignator=C208 NewDesignator=C132
Change Component Designator: OldDesignator=C209 NewDesignator=C133
Change Component Designator: OldDesignator=C210 NewDesignator=C134
Change Component Designator: OldDesignator=C211 NewDesignator=C135
Change Component Designator: OldDesignator=C212 NewDesignator=C136
Change Component Designator: OldDesignator=C213 NewDesignator=C137
Change Component Designator: OldDesignator=C214 NewDesignator=C138
Change Component Designator: OldDesignator=HL9 NewDesignator=HL12
Change Component Designator: OldDesignator=HL10 NewDesignator=HL11
Change Component Designator: OldDesignator=HL11 NewDesignator=HL9
Change Component Designator: OldDesignator=HL12 NewDesignator=HL10
Change Component Designator: OldDesignator=L8 NewDesignator=L16
Change Component Designator: OldDesignator=L9 NewDesignator=L15
Change Component Designator: OldDesignator=L10 NewDesignator=L8
Change Component Designator: OldDesignator=L11 NewDesignator=L9
Change Component Designator: OldDesignator=L12 NewDesignator=L10
Change Component Designator: OldDesignator=L13 NewDesignator=L11
Change Component Designator: OldDesignator=L14 NewDesignator=L12
Change Component Designator: OldDesignator=L15 NewDesignator=L13
Change Component Designator: OldDesignator=L16 NewDesignator=L14
Change Component Designator: OldDesignator=R124 NewDesignator=R200
Change Component Designator: OldDesignator=R125 NewDesignator=R202
Change Component Designator: OldDesignator=R126 NewDesignator=R203
Change Component Designator: OldDesignator=R127 NewDesignator=R204
Change Component Designator: OldDesignator=R128 NewDesignator=R201
Change Component Designator: OldDesignator=R129 NewDesignator=R205
Change Component Designator: OldDesignator=R130 NewDesignator=R206
Change Component Designator: OldDesignator=R131 NewDesignator=R162
Change Component Designator: OldDesignator=R132 NewDesignator=R163
Change Component Designator: OldDesignator=R133 NewDesignator=R165
Change Component Designator: OldDesignator=R134 NewDesignator=R166
Change Component Designator: OldDesignator=R135 NewDesignator=R167
Change Component Designator: OldDesignator=R136 NewDesignator=R168
Change Component Designator: OldDesignator=R137 NewDesignator=R164
Change Component Designator: OldDesignator=R138 NewDesignator=R169
Change Component Designator: OldDesignator=R139 NewDesignator=R170
Change Component Designator: OldDesignator=R140 NewDesignator=R172
Change Component Designator: OldDesignator=R141 NewDesignator=R173
Change Component Designator: OldDesignator=R142 NewDesignator=R171
Change Component Designator: OldDesignator=R143 NewDesignator=R174
Change Component Designator: OldDesignator=R144 NewDesignator=R175
Change Component Designator: OldDesignator=R145 NewDesignator=R176
Change Component Designator: OldDesignator=R146 NewDesignator=R177
Change Component Designator: OldDesignator=R147 NewDesignator=R178
Change Component Designator: OldDesignator=R148 NewDesignator=R179
Change Component Designator: OldDesignator=R149 NewDesignator=R180
Change Component Designator: OldDesignator=R150 NewDesignator=R181
Change Component Designator: OldDesignator=R151 NewDesignator=R182
Change Component Designator: OldDesignator=R152 NewDesignator=R183
Change Component Designator: OldDesignator=R153 NewDesignator=R184
Change Component Designator: OldDesignator=R154 NewDesignator=R185
Change Component Designator: OldDesignator=R155 NewDesignator=R186
Change Component Designator: OldDesignator=R156 NewDesignator=R187
Change Component Designator: OldDesignator=R157 NewDesignator=R188
Change Component Designator: OldDesignator=R158 NewDesignator=R189
Change Component Designator: OldDesignator=R159 NewDesignator=R190
Change Component Designator: OldDesignator=R160 NewDesignator=R191
Change Component Designator: OldDesignator=R161 NewDesignator=R192
Change Component Designator: OldDesignator=R162 NewDesignator=R193
Change Component Designator: OldDesignator=R163 NewDesignator=R194
Change Component Designator: OldDesignator=R164 NewDesignator=R195
Change Component Designator: OldDesignator=R165 NewDesignator=R196
Change Component Designator: OldDesignator=R166 NewDesignator=R197
Change Component Designator: OldDesignator=R167 NewDesignator=R198
Change Component Designator: OldDesignator=R168 NewDesignator=R199
Change Component Designator: OldDesignator=R169 NewDesignator=R124
Change Component Designator: OldDesignator=R170 NewDesignator=R125
Change Component Designator: OldDesignator=R171 NewDesignator=R126
Change Component Designator: OldDesignator=R172 NewDesignator=R127
Change Component Designator: OldDesignator=R173 NewDesignator=R128
Change Component Designator: OldDesignator=R174 NewDesignator=R129
Change Component Designator: OldDesignator=R175 NewDesignator=R130
Change Component Designator: OldDesignator=R176 NewDesignator=R131
Change Component Designator: OldDesignator=R177 NewDesignator=R132
Change Component Designator: OldDesignator=R178 NewDesignator=R133
Change Component Designator: OldDesignator=R179 NewDesignator=R134
Change Component Designator: OldDesignator=R180 NewDesignator=R135
Change Component Designator: OldDesignator=R181 NewDesignator=R136
Change Component Designator: OldDesignator=R182 NewDesignator=R137
Change Component Designator: OldDesignator=R183 NewDesignator=R138
Change Component Designator: OldDesignator=R184 NewDesignator=R139
Change Component Designator: OldDesignator=R185 NewDesignator=R140
Change Component Designator: OldDesignator=R186 NewDesignator=R141
Change Component Designator: OldDesignator=R187 NewDesignator=R142
Change Component Designator: OldDesignator=R188 NewDesignator=R143
Change Component Designator: OldDesignator=R189 NewDesignator=R144
Change Component Designator: OldDesignator=R190 NewDesignator=R145
Change Component Designator: OldDesignator=R191 NewDesignator=R146
Change Component Designator: OldDesignator=R192 NewDesignator=R147
Change Component Designator: OldDesignator=R193 NewDesignator=R148
Change Component Designator: OldDesignator=R194 NewDesignator=R149
Change Component Designator: OldDesignator=R195 NewDesignator=R150
Change Component Designator: OldDesignator=R196 NewDesignator=R151
Change Component Designator: OldDesignator=R197 NewDesignator=R152
Change Component Designator: OldDesignator=R198 NewDesignator=R153
Change Component Designator: OldDesignator=R199 NewDesignator=R154
Change Component Designator: OldDesignator=R200 NewDesignator=R155
Change Component Designator: OldDesignator=R201 NewDesignator=R156
Change Component Designator: OldDesignator=R202 NewDesignator=R157
Change Component Designator: OldDesignator=R203 NewDesignator=R158
Change Component Designator: OldDesignator=R204 NewDesignator=R159
Change Component Designator: OldDesignator=R205 NewDesignator=R160
Change Component Designator: OldDesignator=R206 NewDesignator=R161
Change Component Designator: OldDesignator=TP24 NewDesignator=TP19
Change Component Designator: OldDesignator=TP25 NewDesignator=TP20
Change Component Designator: OldDesignator=TP26 NewDesignator=TP18
Change Component Designator: OldDesignator=TP28 NewDesignator=TP22
Change Component Designator: OldDesignator=TP29 NewDesignator=TP23
Change Component Designator: OldDesignator=TP30 NewDesignator=TP24
Change Component Designator: OldDesignator=TP31 NewDesignator=TP25
Change Component Designator: OldDesignator=TP32 NewDesignator=TP26
Change Component Designator: OldDesignator=TP33 NewDesignator=TP27
Change Component Designator: OldDesignator=TP34 NewDesignator=TP28
Change Component Designator: OldDesignator=TP35 NewDesignator=TP29
Change Component Designator: OldDesignator=TP36 NewDesignator=TP30
Change Component Designator: OldDesignator=TP37 NewDesignator=TP21
Change Component Designator: OldDesignator=U21 NewDesignator=U22
Change Component Designator: OldDesignator=U22 NewDesignator=U23
Change Component Designator: OldDesignator=U23 NewDesignator=U24
Change Component Designator: OldDesignator=U24 NewDesignator=U25
Change Component Designator: OldDesignator=U25 NewDesignator=U26
Change Component Designator: OldDesignator=U26 NewDesignator=U27
Change Component Designator: OldDesignator=U27 NewDesignator=U28
Change Component Designator: OldDesignator=U28 NewDesignator=U36
Change Component Designator: OldDesignator=U29 NewDesignator=U37
Change Component Designator: OldDesignator=U30 NewDesignator=U40
Change Component Designator: OldDesignator=U31 NewDesignator=U38
Change Component Designator: OldDesignator=U32 NewDesignator=U39
Change Component Designator: OldDesignator=U33 NewDesignator=U29
Change Component Designator: OldDesignator=U34 NewDesignator=U30
Change Component Designator: OldDesignator=U35 NewDesignator=U31
Change Component Designator: OldDesignator=U36 NewDesignator=U32
Change Component Designator: OldDesignator=U37 NewDesignator=U33
Change Component Designator: OldDesignator=U38 NewDesignator=U34
Change Component Designator: OldDesignator=U39 NewDesignator=U35
Change component parameters: Designator = "R119" ("R119"); Footprint = "R0402"; UniqueID = "\DVHQYCME\TTDUOTFL" ("\DVHQYCME\TTDUOTFL")
Change component parameters (AddParameter): Name = "ClassName"; Value = "UART_USB"; VariantName = "[No Variations]"
Change component parameters (AddParameter): Name = "PackageReference"; Value = "0402"; VariantName = "[No Variations]"
Change component parameters (AddParameter): Name = "Precision"; Value = ""; VariantName = "[No Variations]"
Change component parameters (AddParameter): Name = "Value"; Value = "130R"; VariantName = "[No Variations]"
Change component parameters: Designator = "R120" ("R120"); Footprint = "R0402"; UniqueID = "\DVHQYCME\UBTZOOZY" ("\DVHQYCME\UBTZOOZY")
Change component parameters (AddParameter): Name = "ClassName"; Value = "UART_USB"; VariantName = "[No Variations]"
Change component parameters (AddParameter): Name = "PackageReference"; Value = "0402"; VariantName = "[No Variations]"
Change component parameters (AddParameter): Name = "Precision"; Value = ""; VariantName = "[No Variations]"
Change component parameters (AddParameter): Name = "Value"; Value = "130R"; VariantName = "[No Variations]"
Change component parameters: Designator = "U20" ("U20"); Footprint = "SOP50P810X120-48N"; UniqueID = "\GJHROMKM\NGNRJIMV" ("\GJHROMKM\NGNRJIMV")
Change component parameters (AddParameter): Name = "PackageReference"; Value = "VSSOP"; VariantName = "[No Variations]"
Change component parameters (AddParameter): Name = "Value"; Value = "SN74LXC2T45"; VariantName = "[No Variations]"
Added Component: Designator=U21(SOP50P310X90-8N)
Add component (AddParameter): Name = "PackageReference"; Value = "VSSOP"; VariantName = "[No Variations]"
Add component (AddParameter): Name = "Value"; Value = "SN74LXC2T45"; VariantName = "[No Variations]"
Added Pin To Net: NetName=+3.3V Pin=HL6-1
Added Pin To Net: NetName=+3.3V Pin=HL7-1
Added Pin To Net: NetName=+3.3V Pin=R118-2
Added Pin To Net: NetName=xUSB_UART_RX Pin=U19-AB20
Added Pin To Net: NetName=xUSB_UART_TX Pin=U19-V17
Added Pin To Net: NetName=+3.3V Pin=U20-1
Added Pin To Net: NetName=xBiSS0_ZPNT Pin=U20-2
Added Pin To Net: NetName=xADC_INT Pin=U20-3
Added Pin To Net: NetName=GND Pin=U20-5
Added Pin To Net: NetName=VCCEXT Pin=U20-8
Added Pin To Net: NetName=VCCEXT Pin=U21-1
Added Pin To Net: NetName=ADC_LDAC Pin=U21-2
Added Pin To Net: NetName=ADC_HV_EN Pin=U21-3
Added Pin To Net: NetName=GND Pin=U21-4
Added Pin To Net: NetName=GND Pin=U21-5
Added Pin To Net: NetName=xADC_HV_EN Pin=U21-6
Added Pin To Net: NetName=xADC_LDAC Pin=U21-7
Added Pin To Net: NetName=+3.3V Pin=U21-8
Added Pin To Net: NetName=+3.3V Pin=U27-1
Change Net Name : Old Net Name=NetC99_1 New Net Name=NetC152_1
Change Net Name : Old Net Name=NetC162_1 New Net Name=NetC139_1
Change Net Name : Old Net Name=NetC163_1 New Net Name=NetC140_1
Change Net Name : Old Net Name=NetC168_1 New Net Name=NetC145_1
Change Net Name : Old Net Name=NetC174_2 New Net Name=NetC151_2
Change Net Name : Old Net Name=NetC175_1 New Net Name=NetC99_1
Change Net Name : Old Net Name=NetC175_2 New Net Name=NetC99_2
Change Net Name : Old Net Name=NetC176_1 New Net Name=NetC100_1
Change Net Name : Old Net Name=NetC178_1 New Net Name=NetC102_1
Change Net Name : Old Net Name=NetC181_1 New Net Name=NetC105_1
Change Net Name : Old Net Name=NetC182_2 New Net Name=NetC106_2
Change Net Name : Old Net Name=NetC183_2 New Net Name=NetC107_2
Change Net Name : Old Net Name=NetC184_2 New Net Name=NetC108_2
Change Net Name : Old Net Name=NetC187_1 New Net Name=NetC111_1
Change Net Name : Old Net Name=NetC187_2 New Net Name=NetC111_2
Change Net Name : Old Net Name=NetC188_1 New Net Name=NetC112_1
Change Net Name : Old Net Name=NetC190_1 New Net Name=NetC114_1
Change Net Name : Old Net Name=NetC193_1 New Net Name=NetC117_1
Change Net Name : Old Net Name=NetC195_2 New Net Name=NetC119_2
Change Net Name : Old Net Name=NetC196_2 New Net Name=NetC120_2
Change Net Name : Old Net Name=NetC197_2 New Net Name=NetC121_2
Change Net Name : Old Net Name=NetC200_1 New Net Name=NetC124_1
Change Net Name : Old Net Name=NetC202_1 New Net Name=NetC126_1
Change Net Name : Old Net Name=NetC205_1 New Net Name=NetC129_1
Change Net Name : Old Net Name=NetC207_1 New Net Name=NetC131_1
Change Net Name : Old Net Name=NetC210_1 New Net Name=NetC134_1
Change Net Name : Old Net Name=NetC212_1 New Net Name=NetC136_1
Change Net Name : Old Net Name=NetHL9_2 New Net Name=NetHL12_2
Change Net Name : Old Net Name=NetHL10_2 New Net Name=NetHL11_2
Change Net Name : Old Net Name=NetHL11_1 New Net Name=NetHL9_1
Change Net Name : Old Net Name=NetHL12_1 New Net Name=NetHL10_1
Change Net Name : Old Net Name=NetL10_2 New Net Name=NetL8_2
Change Net Name : Old Net Name=NetL12_2 New Net Name=NetL10_2
Change Net Name : Old Net Name=NetL14_2 New Net Name=NetL12_2
Change Net Name : Old Net Name=NetL15_2 New Net Name=NetL13_2
Change Net Name : Old Net Name=NetL16_2 New Net Name=NetL14_2
Change Net Name : Old Net Name=NetR124_1 New Net Name=NetR200_1
Change Net Name : Old Net Name=NetR131_2 New Net Name=NetR162_2
Change Net Name : Old Net Name=NetR132_2 New Net Name=NetR163_2
Change Net Name : Old Net Name=NetR137_1 New Net Name=NetR164_1
Change Net Name : Old Net Name=NetR156_1 New Net Name=NetR187_1
Change Net Name : Old Net Name=NetR163_2 New Net Name=NetR194_2
Change Net Name : Old Net Name=NetR170_2 New Net Name=NetR125_2
Change Net Name : Old Net Name=NetR171_2 New Net Name=NetR126_2
Change Net Name : Old Net Name=NetR174_2 New Net Name=NetR129_2
Change Net Name : Old Net Name=NetR176_1 New Net Name=NetR131_1
Change Net Name : Old Net Name=NetR179_2 New Net Name=NetR134_2
Change Net Name : Old Net Name=NetR182_2 New Net Name=NetR137_2
Change Net Name : Old Net Name=NetR183_2 New Net Name=NetR138_2
Change Net Name : Old Net Name=NetR187_1 New Net Name=NetR142_1
Change Net Name : Old Net Name=NetR189_2 New Net Name=NetR144_2
Change Net Name : Old Net Name=NetR192_2 New Net Name=NetR147_2
Change Net Name : Old Net Name=NetR193_2 New Net Name=NetR148_2
Change Net Name : Old Net Name=NetR196_1 New Net Name=NetR151_1
Change Net Name : Old Net Name=NetR197_2 New Net Name=NetR152_2
Change Net Name : Old Net Name=NetR199_2 New Net Name=NetR154_2
Change Net Name : Old Net Name=NetR203_2 New Net Name=NetR158_2
Change Net Name : Old Net Name=NetR205_2 New Net Name=NetR160_2
Change Net Name : Old Net Name=NetU27_3 New Net Name=NetU28_3
Added Pin To Net: NetName=NetU20_6 Pin=U20-6
Added Pin To Net: NetName=NetU20_6 Pin=X1-7
Added Net: Name=NetU20_6
Added Pin To Net: NetName=NetU20_7 Pin=U20-7
Added Pin To Net: NetName=NetU20_7 Pin=X2-26
Added Net: Name=NetU20_7
Added Member To Class: ClassName=Xilinx PWR Member=Component C194 Cap
Added Member To Class: ClassName=Xilinx PWR Member=Component C196 Cap
Added Member To Class: ClassName=Xilinx PWR Member=Component C199 Cap
Added Member To Class: ClassName=Xilinx PWR Member=Component C201 Cap
