Change Component Designator: Old Designator=C162 New Designator=C139
Change Component Designator: Old Designator=C163 New Designator=C140
Change Component Designator: Old Designator=C164 New Designator=C141
Change Component Designator: Old Designator=C165 New Designator=C142
Change Component Designator: Old Designator=C166 New Designator=C143
Change Component Designator: Old Designator=C167 New Designator=C144
Change Component Designator: Old Designator=C168 New Designator=C145
Change Component Designator: Old Designator=C169 New Designator=C146
Change Component Designator: Old Designator=C170 New Designator=C147
Change Component Designator: Old Designator=C171 New Designator=C148
Change Component Designator: Old Designator=C172 New Designator=C149
Change Component Designator: Old Designator=C173 New Designator=C150
Change Component Designator: Old Designator=C174 New Designator=C151
Change Component Designator: Old Designator=HL10 New Designator=HL11
Change Component Designator: Old Designator=L9 New Designator=L15
Change Component Designator: Old Designator=R131 New Designator=R162
Change Component Designator: Old Designator=R132 New Designator=R163
Change Component Designator: Old Designator=R133 New Designator=R165
Change Component Designator: Old Designator=R134 New Designator=R166
Change Component Designator: Old Designator=R135 New Designator=R167
Change Component Designator: Old Designator=R136 New Designator=R168
Change Component Designator: Old Designator=R137 New Designator=R164
Change Component Designator: Old Designator=R138 New Designator=R169
Change Component Designator: Old Designator=R139 New Designator=R170
Change Component Designator: Old Designator=R140 New Designator=R172
Change Component Designator: Old Designator=R141 New Designator=R173
Change Component Designator: Old Designator=R142 New Designator=R171
Change Component Designator: Old Designator=R143 New Designator=R174
Change Component Designator: Old Designator=R144 New Designator=R175
Change Component Designator: Old Designator=R145 New Designator=R176
Change Component Designator: Old Designator=R146 New Designator=R177
Change Component Designator: Old Designator=R147 New Designator=R178
Change Component Designator: Old Designator=R148 New Designator=R179
Change Component Designator: Old Designator=R149 New Designator=R180
Change Component Designator: Old Designator=R150 New Designator=R181
Change Component Designator: Old Designator=R151 New Designator=R182
Change Component Designator: Old Designator=R152 New Designator=R183
Change Component Designator: Old Designator=R153 New Designator=R184
Change Component Designator: Old Designator=R154 New Designator=R185
Change Component Designator: Old Designator=R155 New Designator=R186
Change Component Designator: Old Designator=R156 New Designator=R187
Change Component Designator: Old Designator=R157 New Designator=R188
Change Component Designator: Old Designator=R158 New Designator=R189
Change Component Designator: Old Designator=R159 New Designator=R190
Change Component Designator: Old Designator=R160 New Designator=R191
Change Component Designator: Old Designator=R161 New Designator=R192
Change Component Designator: Old Designator=R162 New Designator=R193
Change Component Designator: Old Designator=R163 New Designator=R194
Change Component Designator: Old Designator=R164 New Designator=R195
Change Component Designator: Old Designator=R165 New Designator=R196
Change Component Designator: Old Designator=R166 New Designator=R197
Change Component Designator: Old Designator=R167 New Designator=R198
Change Component Designator: Old Designator=R168 New Designator=R199
Change Component Designator: Old Designator=U28 New Designator=U36
Change Component Designator: Old Designator=U29 New Designator=U37
Change Component Designator: Old Designator=U31 New Designator=U38
Change Component Designator: Old Designator=U32 New Designator=U39
