Change Component Designator: Old Designator=C99 New Designator=C152
Change Component Designator: Old Designator=C100 New Designator=C153
Change Component Designator: Old Designator=C101 New Designator=C154
Change Component Designator: Old Designator=C102 New Designator=C155
Change Component Designator: Old Designator=C103 New Designator=C156
Change Component Designator: Old Designator=C104 New Designator=C157
Change Component Designator: Old Designator=C105 New Designator=C158
Change Component Designator: Old Designator=C106 New Designator=C159
Change Component Designator: Old Designator=C107 New Designator=C160
Change Component Designator: Old Designator=C108 New Designator=C161
Change Component Designator: Old Designator=C109 New Designator=C162
Change Component Designator: Old Designator=C110 New Designator=C163
Change Component Designator: Old Designator=C111 New Designator=C164
Change Component Designator: Old Designator=C112 New Designator=C165
Change Component Designator: Old Designator=C113 New Designator=C166
Change Component Designator: Old Designator=C114 New Designator=C167
Change Component Designator: Old Designator=C115 New Designator=C168
Change Component Designator: Old Designator=C116 New Designator=C169
Change Component Designator: Old Designator=C117 New Designator=C170
Change Component Designator: Old Designator=C118 New Designator=C171
Change Component Designator: Old Designator=C119 New Designator=C172
Change Component Designator: Old Designator=C120 New Designator=C173
Change Component Designator: Old Designator=C121 New Designator=C174
Change Component Designator: Old Designator=C122 New Designator=C175
Change Component Designator: Old Designator=C123 New Designator=C176
Change Component Designator: Old Designator=C124 New Designator=C177
Change Component Designator: Old Designator=C125 New Designator=C178
Change Component Designator: Old Designator=C126 New Designator=C179
Change Component Designator: Old Designator=C127 New Designator=C180
Change Component Designator: Old Designator=C128 New Designator=C181
Change Component Designator: Old Designator=C129 New Designator=C182
Change Component Designator: Old Designator=C130 New Designator=C183
Change Component Designator: Old Designator=C131 New Designator=C184
Change Component Designator: Old Designator=C132 New Designator=C185
Change Component Designator: Old Designator=C133 New Designator=C186
Change Component Designator: Old Designator=C134 New Designator=C187
Change Component Designator: Old Designator=C135 New Designator=C188
Change Component Designator: Old Designator=C136 New Designator=C189
Change Component Designator: Old Designator=C137 New Designator=C190
Change Component Designator: Old Designator=C138 New Designator=C191
Change Component Designator: Old Designator=C139 New Designator=C192
Change Component Designator: Old Designator=C140 New Designator=C193
Change Component Designator: Old Designator=C141 New Designator=C194
Change Component Designator: Old Designator=C142 New Designator=C195
Change Component Designator: Old Designator=C143 New Designator=C196
Change Component Designator: Old Designator=C144 New Designator=C197
Change Component Designator: Old Designator=C145 New Designator=C198
Change Component Designator: Old Designator=C146 New Designator=C199
Change Component Designator: Old Designator=C147 New Designator=C200
Change Component Designator: Old Designator=C148 New Designator=C201
Change Component Designator: Old Designator=C149 New Designator=C202
Change Component Designator: Old Designator=C150 New Designator=C203
Change Component Designator: Old Designator=C151 New Designator=C204
Change Component Designator: Old Designator=C152 New Designator=C205
Change Component Designator: Old Designator=C153 New Designator=C206
Change Component Designator: Old Designator=C154 New Designator=C207
Change Component Designator: Old Designator=C155 New Designator=C208
Change Component Designator: Old Designator=C156 New Designator=C209
Change Component Designator: Old Designator=C157 New Designator=C210
Change Component Designator: Old Designator=C158 New Designator=C211
Change Component Designator: Old Designator=C159 New Designator=C212
Change Component Designator: Old Designator=C160 New Designator=C213
Change Component Designator: Old Designator=C161 New Designator=C214
Change Component Designator: Old Designator=HL9 New Designator=HL12
Change Component Designator: Old Designator=L8 New Designator=L16
Change Component Designator: Old Designator=R124 New Designator=R200
Change Component Designator: Old Designator=R125 New Designator=R202
Change Component Designator: Old Designator=R126 New Designator=R203
Change Component Designator: Old Designator=R127 New Designator=R204
Change Component Designator: Old Designator=R128 New Designator=R201
Change Component Designator: Old Designator=R129 New Designator=R205
Change Component Designator: Old Designator=R130 New Designator=R206
Change Component Designator: Old Designator=U28 New Designator=U36
Change Component Designator: Old Designator=U29 New Designator=U37
Change Component Designator: Old Designator=U30 New Designator=U40
